{"/workspaces/AikScript/typescript-transpiler/src/index.ts": {"path":"/workspaces/AikScript/typescript-transpiler/src/index.ts","statementMap":{"0":{"start":{"line":2,"column":0},"end":{"line":2,"column":9}},"1":{"start":{"line":2,"column":9},"end":{"line":2,"column":50}},"2":{"start":{"line":3,"column":0},"end":{"line":3,"column":9}},"3":{"start":{"line":3,"column":9},"end":{"line":3,"column":59}},"4":{"start":{"line":4,"column":0},"end":{"line":4,"column":9}},"5":{"start":{"line":4,"column":9},"end":{"line":4,"column":49}},"6":{"start":{"line":5,"column":0},"end":{"line":5,"column":9}},"7":{"start":{"line":5,"column":9},"end":{"line":5,"column":49}},"8":{"start":{"line":6,"column":0},"end":{"line":6,"column":9}},"9":{"start":{"line":6,"column":9},"end":{"line":6,"column":54}},"10":{"start":{"line":7,"column":0},"end":{"line":7,"column":9}},"11":{"start":{"line":7,"column":9},"end":{"line":7,"column":64}},"12":{"start":{"line":8,"column":0},"end":{"line":8,"column":9}},"13":{"start":{"line":8,"column":9},"end":{"line":8,"column":42}},"14":{"start":{"line":9,"column":0},"end":{"line":9,"column":9}},"15":{"start":{"line":9,"column":9},"end":{"line":9,"column":57}},"16":{"start":{"line":10,"column":0},"end":{"line":10,"column":24}}},"fnMap":{"0":{"name":"(anonymous_4)","decl":{"start":{"line":2,"column":9},"end":{"line":2,"column":24}},"loc":{"start":{"line":2,"column":9},"end":{"line":2,"column":50}}},"1":{"name":"(anonymous_5)","decl":{"start":{"line":3,"column":9},"end":{"line":3,"column":30}},"loc":{"start":{"line":3,"column":9},"end":{"line":3,"column":59}}},"2":{"name":"(anonymous_6)","decl":{"start":{"line":4,"column":9},"end":{"line":4,"column":22}},"loc":{"start":{"line":4,"column":9},"end":{"line":4,"column":49}}},"3":{"name":"(anonymous_7)","decl":{"start":{"line":5,"column":9},"end":{"line":5,"column":25}},"loc":{"start":{"line":5,"column":9},"end":{"line":5,"column":49}}},"4":{"name":"(anonymous_8)","decl":{"start":{"line":6,"column":9},"end":{"line":6,"column":25}},"loc":{"start":{"line":6,"column":9},"end":{"line":6,"column":54}}},"5":{"name":"(anonymous_9)","decl":{"start":{"line":7,"column":9},"end":{"line":7,"column":36}},"loc":{"start":{"line":7,"column":9},"end":{"line":7,"column":64}}},"6":{"name":"(anonymous_10)","decl":{"start":{"line":8,"column":9},"end":{"line":8,"column":19}},"loc":{"start":{"line":8,"column":9},"end":{"line":8,"column":42}}},"7":{"name":"(anonymous_11)","decl":{"start":{"line":9,"column":9},"end":{"line":9,"column":29}},"loc":{"start":{"line":9,"column":9},"end":{"line":9,"column":57}}}},"branchMap":{},"s":{"0":0,"1":0,"2":0,"3":0,"4":0,"5":0,"6":0,"7":0,"8":0,"9":0,"10":0,"11":0,"12":0,"13":0,"14":0,"15":0,"16":0},"f":{"0":0,"1":0,"2":0,"3":0,"4":0,"5":0,"6":0,"7":0},"b":{}}
,"/workspaces/AikScript/typescript-transpiler/src/cli/index.ts": {"path":"/workspaces/AikScript/typescript-transpiler/src/cli/index.ts","statementMap":{"0":{"start":{"line":3,"column":0},"end":{"line":3,"column":36}},"1":{"start":{"line":4,"column":0},"end":{"line":4,"column":25}},"2":{"start":{"line":5,"column":0},"end":{"line":5,"column":29}},"3":{"start":{"line":6,"column":0},"end":{"line":6,"column":65}},"4":{"start":{"line":8,"column":16},"end":{"line":8,"column":29}},"5":{"start":{"line":10,"column":0},"end":{"line":13,"column":20}},"6":{"start":{"line":22,"column":0},"end":{"line":138,"column":5}},"7":{"start":{"line":28,"column":4},"end":{"line":137,"column":5}},"8":{"start":{"line":29,"column":25},"end":{"line":29,"column":58}},"9":{"start":{"line":31,"column":24},"end":{"line":31,"column":43}},"10":{"start":{"line":35,"column":6},"end":{"line":52,"column":7}},"11":{"start":{"line":36,"column":8},"end":{"line":36,"column":42}},"12":{"start":{"line":39,"column":29},"end":{"line":39,"column":68}},"13":{"start":{"line":40,"column":8},"end":{"line":51,"column":9}},"14":{"start":{"line":41,"column":32},"end":{"line":41,"column":70}},"15":{"start":{"line":42,"column":32},"end":{"line":42,"column":89}},"16":{"start":{"line":43,"column":27},"end":{"line":43,"column":62}},"17":{"start":{"line":44,"column":10},"end":{"line":44,"column":66}},"18":{"start":{"line":46,"column":10},"end":{"line":50,"column":12}},"19":{"start":{"line":55,"column":24},"end":{"line":55,"column":48}},"20":{"start":{"line":56,"column":6},"end":{"line":58,"column":7}},"21":{"start":{"line":57,"column":8},"end":{"line":57,"column":53}},"22":{"start":{"line":60,"column":21},"end":{"line":65,"column":8}},"23":{"start":{"line":67,"column":6},"end":{"line":67,"column":67}},"24":{"start":{"line":69,"column":6},"end":{"line":72,"column":7}},"25":{"start":{"line":70,"column":8},"end":{"line":70,"column":62}},"26":{"start":{"line":71,"column":8},"end":{"line":71,"column":24}},"27":{"start":{"line":74,"column":21},"end":{"line":74,"column":47}},"28":{"start":{"line":76,"column":6},"end":{"line":133,"column":7}},"29":{"start":{"line":77,"column":8},"end":{"line":77,"column":49}},"30":{"start":{"line":78,"column":8},"end":{"line":78,"column":61}},"31":{"start":{"line":81,"column":31},"end":{"line":81,"column":70}},"32":{"start":{"line":82,"column":8},"end":{"line":125,"column":9}},"33":{"start":{"line":83,"column":10},"end":{"line":124,"column":11}},"34":{"start":{"line":84,"column":31},"end":{"line":84,"column":83}},"35":{"start":{"line":87,"column":33},"end":{"line":87,"column":64}},"36":{"start":{"line":88,"column":43},"end":{"line":89,"column":null}},"37":{"start":{"line":89,"column":26},"end":{"line":89,"column":67}},"38":{"start":{"line":92,"column":33},"end":{"line":112,"column":14}},"39":{"start":{"line":114,"column":12},"end":{"line":118,"column":13}},"40":{"start":{"line":115,"column":14},"end":{"line":115,"column":75}},"41":{"start":{"line":117,"column":14},"end":{"line":117,"column":55}},"42":{"start":{"line":120,"column":12},"end":{"line":120,"column":82}},"43":{"start":{"line":121,"column":12},"end":{"line":121,"column":77}},"44":{"start":{"line":123,"column":12},"end":{"line":123,"column":90}},"45":{"start":{"line":127,"column":8},"end":{"line":127,"column":57}},"46":{"start":{"line":128,"column":8},"end":{"line":128,"column":38}},"47":{"start":{"line":129,"column":8},"end":{"line":129,"column":38}},"48":{"start":{"line":131,"column":8},"end":{"line":131,"column":46}},"49":{"start":{"line":132,"column":8},"end":{"line":132,"column":24}},"50":{"start":{"line":135,"column":6},"end":{"line":135,"column":77}},"51":{"start":{"line":136,"column":6},"end":{"line":136,"column":22}},"52":{"start":{"line":140,"column":0},"end":{"line":394,"column":5}},"53":{"start":{"line":145,"column":4},"end":{"line":393,"column":5}},"54":{"start":{"line":146,"column":26},"end":{"line":146,"column":51}},"55":{"start":{"line":148,"column":6},"end":{"line":151,"column":7}},"56":{"start":{"line":149,"column":8},"end":{"line":149,"column":68}},"57":{"start":{"line":150,"column":8},"end":{"line":150,"column":24}},"58":{"start":{"line":153,"column":6},"end":{"line":153,"column":75}},"59":{"start":{"line":156,"column":6},"end":{"line":156,"column":53}},"60":{"start":{"line":157,"column":6},"end":{"line":157,"column":71}},"61":{"start":{"line":158,"column":6},"end":{"line":158,"column":78}},"62":{"start":{"line":161,"column":24},"end":{"line":171,"column":2}},"63":{"start":{"line":173,"column":6},"end":{"line":173,"column":72}},"64":{"start":{"line":176,"column":25},"end":{"line":188,"column":8}},"65":{"start":{"line":190,"column":6},"end":{"line":190,"column":99}},"66":{"start":{"line":193,"column":26},"end":{"line":211,"column":8}},"67":{"start":{"line":213,"column":6},"end":{"line":216,"column":8}},"68":{"start":{"line":219,"column":27},"end":{"line":236,"column":8}},"69":{"start":{"line":238,"column":6},"end":{"line":241,"column":8}},"70":{"start":{"line":244,"column":30},"end":{"line":260,"column":2}},"71":{"start":{"line":262,"column":6},"end":{"line":262,"column":82}},"72":{"start":{"line":265,"column":24},"end":{"line":280,"column":2}},"73":{"start":{"line":282,"column":6},"end":{"line":282,"column":72}},"74":{"start":{"line":285,"column":21},"end":{"line":366,"column":2}},"75":{"start":{"line":368,"column":6},"end":{"line":368,"column":68}},"76":{"start":{"line":370,"column":6},"end":{"line":370,"column":67}},"77":{"start":{"line":371,"column":6},"end":{"line":371,"column":50}},"78":{"start":{"line":372,"column":6},"end":{"line":372,"column":42}},"79":{"start":{"line":373,"column":6},"end":{"line":373,"column":43}},"80":{"start":{"line":374,"column":6},"end":{"line":374,"column":44}},"81":{"start":{"line":375,"column":6},"end":{"line":375,"column":45}},"82":{"start":{"line":376,"column":6},"end":{"line":376,"column":46}},"83":{"start":{"line":377,"column":6},"end":{"line":377,"column":42}},"84":{"start":{"line":378,"column":6},"end":{"line":378,"column":43}},"85":{"start":{"line":379,"column":6},"end":{"line":379,"column":37}},"86":{"start":{"line":380,"column":6},"end":{"line":380,"column":44}},"87":{"start":{"line":381,"column":6},"end":{"line":381,"column":44}},"88":{"start":{"line":383,"column":6},"end":{"line":383,"column":35}},"89":{"start":{"line":384,"column":6},"end":{"line":384,"column":41}},"90":{"start":{"line":385,"column":6},"end":{"line":385,"column":35}},"91":{"start":{"line":386,"column":6},"end":{"line":386,"column":37}},"92":{"start":{"line":387,"column":6},"end":{"line":387,"column":69}},"93":{"start":{"line":388,"column":6},"end":{"line":388,"column":35}},"94":{"start":{"line":389,"column":6},"end":{"line":389,"column":35}},"95":{"start":{"line":391,"column":6},"end":{"line":391,"column":79}},"96":{"start":{"line":392,"column":6},"end":{"line":392,"column":22}},"97":{"start":{"line":396,"column":0},"end":{"line":402,"column":5}},"98":{"start":{"line":401,"column":4},"end":{"line":401,"column":80}},"99":{"start":{"line":404,"column":0},"end":{"line":404,"column":16}}},"fnMap":{"0":{"name":"(anonymous_9)","decl":{"start":{"line":27,"column":10},"end":{"line":27,"column":15}},"loc":{"start":{"line":27,"column":76},"end":{"line":138,"column":3}}},"1":{"name":"(anonymous_10)","decl":{"start":{"line":89,"column":14},"end":{"line":89,"column":15}},"loc":{"start":{"line":89,"column":26},"end":{"line":89,"column":67}}},"2":{"name":"(anonymous_11)","decl":{"start":{"line":144,"column":10},"end":{"line":144,"column":15}},"loc":{"start":{"line":144,"column":55},"end":{"line":394,"column":3}}},"3":{"name":"(anonymous_12)","decl":{"start":{"line":400,"column":10},"end":{"line":400,"column":15}},"loc":{"start":{"line":400,"column":50},"end":{"line":402,"column":3}}}},"branchMap":{"0":{"loc":{"start":{"line":35,"column":6},"end":{"line":52,"column":7}},"type":"if","locations":[{"start":{"line":35,"column":6},"end":{"line":52,"column":7}},{"start":{"line":37,"column":13},"end":{"line":52,"column":7}}]},"1":{"loc":{"start":{"line":40,"column":8},"end":{"line":51,"column":9}},"type":"if","locations":[{"start":{"line":40,"column":8},"end":{"line":51,"column":9}},{"start":{"line":45,"column":15},"end":{"line":51,"column":9}}]},"2":{"loc":{"start":{"line":40,"column":12},"end":{"line":40,"column":79}},"type":"binary-expr","locations":[{"start":{"line":40,"column":12},"end":{"line":40,"column":43}},{"start":{"line":40,"column":47},"end":{"line":40,"column":79}}]},"3":{"loc":{"start":{"line":56,"column":6},"end":{"line":58,"column":7}},"type":"if","locations":[{"start":{"line":56,"column":6},"end":{"line":58,"column":7}}]},"4":{"loc":{"start":{"line":69,"column":6},"end":{"line":72,"column":7}},"type":"if","locations":[{"start":{"line":69,"column":6},"end":{"line":72,"column":7}}]},"5":{"loc":{"start":{"line":76,"column":6},"end":{"line":133,"column":7}},"type":"if","locations":[{"start":{"line":76,"column":6},"end":{"line":133,"column":7}},{"start":{"line":130,"column":13},"end":{"line":133,"column":7}}]},"6":{"loc":{"start":{"line":82,"column":8},"end":{"line":125,"column":9}},"type":"if","locations":[{"start":{"line":82,"column":8},"end":{"line":125,"column":9}}]},"7":{"loc":{"start":{"line":89,"column":26},"end":{"line":89,"column":67}},"type":"binary-expr","locations":[{"start":{"line":89,"column":26},"end":{"line":89,"column":33}},{"start":{"line":89,"column":37},"end":{"line":89,"column":67}}]},"8":{"loc":{"start":{"line":114,"column":12},"end":{"line":118,"column":13}},"type":"if","locations":[{"start":{"line":114,"column":12},"end":{"line":118,"column":13}},{"start":{"line":116,"column":19},"end":{"line":118,"column":13}}]},"9":{"loc":{"start":{"line":148,"column":6},"end":{"line":151,"column":7}},"type":"if","locations":[{"start":{"line":148,"column":6},"end":{"line":151,"column":7}}]}},"s":{"0":0,"1":0,"2":0,"3":0,"4":0,"5":0,"6":0,"7":0,"8":0,"9":0,"10":0,"11":0,"12":0,"13":0,"14":0,"15":0,"16":0,"17":0,"18":0,"19":0,"20":0,"21":0,"22":0,"23":0,"24":0,"25":0,"26":0,"27":0,"28":0,"29":0,"30":0,"31":0,"32":0,"33":0,"34":0,"35":0,"36":0,"37":0,"38":0,"39":0,"40":0,"41":0,"42":0,"43":0,"44":0,"45":0,"46":0,"47":0,"48":0,"49":0,"50":0,"51":0,"52":0,"53":0,"54":0,"55":0,"56":0,"57":0,"58":0,"59":0,"60":0,"61":0,"62":0,"63":0,"64":0,"65":0,"66":0,"67":0,"68":0,"69":0,"70":0,"71":0,"72":0,"73":0,"74":0,"75":0,"76":0,"77":0,"78":0,"79":0,"80":0,"81":0,"82":0,"83":0,"84":0,"85":0,"86":0,"87":0,"88":0,"89":0,"90":0,"91":0,"92":0,"93":0,"94":0,"95":0,"96":0,"97":0,"98":0,"99":0},"f":{"0":0,"1":0,"2":0,"3":0},"b":{"0":[0,0],"1":[0,0],"2":[0,0],"3":[0],"4":[0],"5":[0,0],"6":[0],"7":[0,0],"8":[0,0],"9":[0]}}
,"/workspaces/AikScript/typescript-transpiler/src/contracts/MultiSig.ts": {"path":"/workspaces/AikScript/typescript-transpiler/src/contracts/MultiSig.ts","statementMap":{"0":{"start":{"line":1,"column":0},"end":{"line":1,"column":87}},"1":{"start":{"line":10,"column":7},"end":{"line":24,"column":null}},"2":{"start":{"line":12,"column":9},"end":{"line":16,"column":4}},"3":{"start":{"line":20,"column":15},"end":{"line":20,"column":30}},"4":{"start":{"line":22,"column":4},"end":{"line":22,"column":47}},"5":{"start":{"line":10,"column":13},"end":{"line":10,"column":35}},"6":{"start":{"line":12,"column":9},"end":{"line":16,"column":null}},"7":{"start":{"line":19,"column":2},"end":{"line":23,"column":null}},"8":{"start":{"line":10,"column":13},"end":{"line":24,"column":null}}},"fnMap":{"0":{"name":"(anonymous_2)","decl":{"start":{"line":10,"column":7},"end":{"line":10,"column":13}},"loc":{"start":{"line":10,"column":7},"end":{"line":24,"column":1}}},"1":{"name":"(anonymous_3)","decl":{"start":{"line":19,"column":2},"end":{"line":19,"column":21}},"loc":{"start":{"line":19,"column":77},"end":{"line":23,"column":3}}}},"branchMap":{},"s":{"0":0,"1":0,"2":0,"3":0,"4":0,"5":0,"6":0,"7":0,"8":0},"f":{"0":0,"1":0},"b":{}}
,"/workspaces/AikScript/typescript-transpiler/src/contracts/NFTMinting.ts": {"path":"/workspaces/AikScript/typescript-transpiler/src/contracts/NFTMinting.ts","statementMap":{"0":{"start":{"line":1,"column":0},"end":{"line":1,"column":98}},"1":{"start":{"line":4,"column":7},"end":{"line":22,"column":null}},"2":{"start":{"line":6,"column":9},"end":{"line":10,"column":4}},"3":{"start":{"line":18,"column":15},"end":{"line":18,"column":30}},"4":{"start":{"line":20,"column":4},"end":{"line":20,"column":38}},"5":{"start":{"line":4,"column":13},"end":{"line":4,"column":31}},"6":{"start":{"line":6,"column":9},"end":{"line":10,"column":null}},"7":{"start":{"line":13,"column":2},"end":{"line":21,"column":null}},"8":{"start":{"line":4,"column":13},"end":{"line":22,"column":null}}},"fnMap":{"0":{"name":"(anonymous_2)","decl":{"start":{"line":4,"column":7},"end":{"line":4,"column":13}},"loc":{"start":{"line":4,"column":7},"end":{"line":22,"column":1}}},"1":{"name":"(anonymous_3)","decl":{"start":{"line":13,"column":2},"end":{"line":13,"column":6}},"loc":{"start":{"line":16,"column":22},"end":{"line":21,"column":3}}}},"branchMap":{},"s":{"0":0,"1":0,"2":0,"3":0,"4":0,"5":0,"6":0,"7":0,"8":0},"f":{"0":0,"1":0},"b":{}}
,"/workspaces/AikScript/typescript-transpiler/src/contracts/SimpleMultiSig.ts": {"path":"/workspaces/AikScript/typescript-transpiler/src/contracts/SimpleMultiSig.ts","statementMap":{"0":{"start":{"line":1,"column":0},"end":{"line":1,"column":87}},"1":{"start":{"line":4,"column":7},"end":{"line":21,"column":null}},"2":{"start":{"line":6,"column":9},"end":{"line":9,"column":4}},"3":{"start":{"line":17,"column":15},"end":{"line":17,"column":30}},"4":{"start":{"line":19,"column":4},"end":{"line":19,"column":70}},"5":{"start":{"line":4,"column":13},"end":{"line":4,"column":35}},"6":{"start":{"line":6,"column":9},"end":{"line":9,"column":null}},"7":{"start":{"line":12,"column":2},"end":{"line":20,"column":null}},"8":{"start":{"line":4,"column":13},"end":{"line":21,"column":null}}},"fnMap":{"0":{"name":"(anonymous_2)","decl":{"start":{"line":4,"column":7},"end":{"line":4,"column":13}},"loc":{"start":{"line":4,"column":7},"end":{"line":21,"column":1}}},"1":{"name":"(anonymous_3)","decl":{"start":{"line":12,"column":2},"end":{"line":12,"column":7}},"loc":{"start":{"line":15,"column":22},"end":{"line":20,"column":3}}}},"branchMap":{"0":{"loc":{"start":{"line":19,"column":11},"end":{"line":19,"column":69}},"type":"binary-expr","locations":[{"start":{"line":19,"column":11},"end":{"line":19,"column":38}},{"start":{"line":19,"column":42},"end":{"line":19,"column":69}}]}},"s":{"0":0,"1":0,"2":0,"3":0,"4":0,"5":0,"6":0,"7":0,"8":0},"f":{"0":0,"1":0},"b":{"0":[0,0]}}
,"/workspaces/AikScript/typescript-transpiler/src/contracts/TestMultiSig.ts": {"path":"/workspaces/AikScript/typescript-transpiler/src/contracts/TestMultiSig.ts","statementMap":{"0":{"start":{"line":1,"column":0},"end":{"line":1,"column":87}},"1":{"start":{"line":4,"column":7},"end":{"line":21,"column":null}},"2":{"start":{"line":6,"column":9},"end":{"line":9,"column":4}},"3":{"start":{"line":17,"column":15},"end":{"line":17,"column":30}},"4":{"start":{"line":19,"column":4},"end":{"line":19,"column":70}},"5":{"start":{"line":4,"column":13},"end":{"line":4,"column":33}},"6":{"start":{"line":6,"column":9},"end":{"line":9,"column":null}},"7":{"start":{"line":12,"column":2},"end":{"line":20,"column":null}},"8":{"start":{"line":4,"column":13},"end":{"line":21,"column":null}}},"fnMap":{"0":{"name":"(anonymous_2)","decl":{"start":{"line":4,"column":7},"end":{"line":4,"column":13}},"loc":{"start":{"line":4,"column":7},"end":{"line":21,"column":1}}},"1":{"name":"(anonymous_3)","decl":{"start":{"line":12,"column":2},"end":{"line":12,"column":8}},"loc":{"start":{"line":15,"column":22},"end":{"line":20,"column":3}}}},"branchMap":{"0":{"loc":{"start":{"line":19,"column":11},"end":{"line":19,"column":69}},"type":"binary-expr","locations":[{"start":{"line":19,"column":11},"end":{"line":19,"column":38}},{"start":{"line":19,"column":42},"end":{"line":19,"column":69}}]}},"s":{"0":0,"1":0,"2":0,"3":0,"4":0,"5":0,"6":0,"7":0,"8":0},"f":{"0":0,"1":0},"b":{"0":[0,0]}}
,"/workspaces/AikScript/typescript-transpiler/src/contracts/TimeLock.ts": {"path":"/workspaces/AikScript/typescript-transpiler/src/contracts/TimeLock.ts","statementMap":{"0":{"start":{"line":1,"column":0},"end":{"line":1,"column":98}},"1":{"start":{"line":4,"column":7},"end":{"line":25,"column":null}},"2":{"start":{"line":6,"column":9},"end":{"line":10,"column":4}},"3":{"start":{"line":18,"column":15},"end":{"line":18,"column":30}},"4":{"start":{"line":20,"column":4},"end":{"line":23,"column":6}},"5":{"start":{"line":4,"column":13},"end":{"line":4,"column":29}},"6":{"start":{"line":6,"column":9},"end":{"line":10,"column":null}},"7":{"start":{"line":13,"column":2},"end":{"line":24,"column":null}},"8":{"start":{"line":4,"column":13},"end":{"line":25,"column":null}}},"fnMap":{"0":{"name":"(anonymous_2)","decl":{"start":{"line":4,"column":7},"end":{"line":4,"column":13}},"loc":{"start":{"line":4,"column":7},"end":{"line":25,"column":1}}},"1":{"name":"(anonymous_3)","decl":{"start":{"line":13,"column":2},"end":{"line":13,"column":8}},"loc":{"start":{"line":16,"column":22},"end":{"line":24,"column":3}}}},"branchMap":{"0":{"loc":{"start":{"line":21,"column":6},"end":{"line":22,"column":99}},"type":"binary-expr","locations":[{"start":{"line":21,"column":6},"end":{"line":21,"column":32}},{"start":{"line":22,"column":7},"end":{"line":22,"column":39}},{"start":{"line":22,"column":43},"end":{"line":22,"column":98}}]},"1":{"loc":{"start":{"line":22,"column":44},"end":{"line":22,"column":79}},"type":"binary-expr","locations":[{"start":{"line":22,"column":44},"end":{"line":22,"column":66}},{"start":{"line":22,"column":70},"end":{"line":22,"column":79}}]}},"s":{"0":0,"1":0,"2":0,"3":0,"4":0,"5":0,"6":0,"7":0,"8":0},"f":{"0":0,"1":0},"b":{"0":[0,0,0],"1":[0,0]}}
,"/workspaces/AikScript/typescript-transpiler/src/contracts/TokenVesting.ts": {"path":"/workspaces/AikScript/typescript-transpiler/src/contracts/TokenVesting.ts","statementMap":{"0":{"start":{"line":1,"column":0},"end":{"line":1,"column":null}},"1":{"start":{"line":13,"column":7},"end":{"line":40,"column":null}},"2":{"start":{"line":15,"column":9},"end":{"line":21,"column":4}},"3":{"start":{"line":35,"column":15},"end":{"line":35,"column":30}},"4":{"start":{"line":36,"column":16},"end":{"line":36,"column":51}},"5":{"start":{"line":38,"column":4},"end":{"line":38,"column":87}},"6":{"start":{"line":13,"column":13},"end":{"line":13,"column":33}},"7":{"start":{"line":15,"column":9},"end":{"line":21,"column":null}},"8":{"start":{"line":24,"column":2},"end":{"line":39,"column":null}},"9":{"start":{"line":13,"column":13},"end":{"line":40,"column":null}}},"fnMap":{"0":{"name":"(anonymous_2)","decl":{"start":{"line":13,"column":7},"end":{"line":13,"column":13}},"loc":{"start":{"line":13,"column":7},"end":{"line":40,"column":1}}},"1":{"name":"(anonymous_3)","decl":{"start":{"line":24,"column":2},"end":{"line":24,"column":9}},"loc":{"start":{"line":33,"column":22},"end":{"line":39,"column":3}}}},"branchMap":{"0":{"loc":{"start":{"line":36,"column":16},"end":{"line":36,"column":51}},"type":"binary-expr","locations":[{"start":{"line":36,"column":16},"end":{"line":36,"column":38}},{"start":{"line":36,"column":42},"end":{"line":36,"column":51}}]},"1":{"loc":{"start":{"line":38,"column":11},"end":{"line":38,"column":86}},"type":"binary-expr","locations":[{"start":{"line":38,"column":11},"end":{"line":38,"column":43}},{"start":{"line":38,"column":47},"end":{"line":38,"column":86}}]}},"s":{"0":0,"1":0,"2":0,"3":0,"4":0,"5":0,"6":0,"7":0,"8":0,"9":0},"f":{"0":0,"1":0},"b":{"0":[0,0],"1":[0,0]}}
,"/workspaces/AikScript/typescript-transpiler/src/core/builtins.ts": {"path":"/workspaces/AikScript/typescript-transpiler/src/core/builtins.ts","statementMap":{"0":{"start":{"line":12,"column":10},"end":{"line":12,"column":60}},"1":{"start":{"line":13,"column":10},"end":{"line":13,"column":48}},"2":{"start":{"line":16,"column":4},"end":{"line":16,"column":30}},"3":{"start":{"line":21,"column":4},"end":{"line":21,"column":76}},"4":{"start":{"line":22,"column":4},"end":{"line":22,"column":80}},"5":{"start":{"line":23,"column":4},"end":{"line":23,"column":80}},"6":{"start":{"line":24,"column":4},"end":{"line":24,"column":78}},"7":{"start":{"line":25,"column":4},"end":{"line":25,"column":79}},"8":{"start":{"line":26,"column":4},"end":{"line":26,"column":79}},"9":{"start":{"line":27,"column":4},"end":{"line":27,"column":80}},"10":{"start":{"line":28,"column":4},"end":{"line":28,"column":74}},"11":{"start":{"line":29,"column":4},"end":{"line":29,"column":78}},"12":{"start":{"line":30,"column":4},"end":{"line":30,"column":78}},"13":{"start":{"line":31,"column":4},"end":{"line":31,"column":82}},"14":{"start":{"line":32,"column":4},"end":{"line":32,"column":76}},"15":{"start":{"line":33,"column":4},"end":{"line":33,"column":76}},"16":{"start":{"line":34,"column":4},"end":{"line":34,"column":83}},"17":{"start":{"line":37,"column":4},"end":{"line":37,"column":88}},"18":{"start":{"line":38,"column":4},"end":{"line":38,"column":85}},"19":{"start":{"line":39,"column":4},"end":{"line":39,"column":86}},"20":{"start":{"line":40,"column":4},"end":{"line":40,"column":90}},"21":{"start":{"line":41,"column":4},"end":{"line":41,"column":90}},"22":{"start":{"line":42,"column":4},"end":{"line":42,"column":94}},"23":{"start":{"line":43,"column":4},"end":{"line":43,"column":88}},"24":{"start":{"line":46,"column":4},"end":{"line":46,"column":77}},"25":{"start":{"line":47,"column":4},"end":{"line":47,"column":77}},"26":{"start":{"line":48,"column":4},"end":{"line":48,"column":77}},"27":{"start":{"line":49,"column":4},"end":{"line":49,"column":77}},"28":{"start":{"line":50,"column":4},"end":{"line":50,"column":79}},"29":{"start":{"line":51,"column":4},"end":{"line":51,"column":83}},"30":{"start":{"line":52,"column":4},"end":{"line":52,"column":83}},"31":{"start":{"line":55,"column":4},"end":{"line":55,"column":87}},"32":{"start":{"line":56,"column":4},"end":{"line":56,"column":83}},"33":{"start":{"line":57,"column":4},"end":{"line":57,"column":88}},"34":{"start":{"line":58,"column":4},"end":{"line":58,"column":88}},"35":{"start":{"line":59,"column":4},"end":{"line":59,"column":92}},"36":{"start":{"line":60,"column":4},"end":{"line":60,"column":92}},"37":{"start":{"line":63,"column":4},"end":{"line":63,"column":81}},"38":{"start":{"line":64,"column":4},"end":{"line":67,"column":7}},"39":{"start":{"line":68,"column":4},"end":{"line":68,"column":89}},"40":{"start":{"line":69,"column":4},"end":{"line":69,"column":91}},"41":{"start":{"line":72,"column":4},"end":{"line":72,"column":75}},"42":{"start":{"line":73,"column":4},"end":{"line":73,"column":75}},"43":{"start":{"line":74,"column":4},"end":{"line":74,"column":90}},"44":{"start":{"line":75,"column":4},"end":{"line":75,"column":84}},"45":{"start":{"line":76,"column":4},"end":{"line":76,"column":81}},"46":{"start":{"line":79,"column":4},"end":{"line":82,"column":7}},"47":{"start":{"line":83,"column":4},"end":{"line":86,"column":7}},"48":{"start":{"line":87,"column":4},"end":{"line":90,"column":7}},"49":{"start":{"line":91,"column":4},"end":{"line":94,"column":7}},"50":{"start":{"line":95,"column":4},"end":{"line":98,"column":7}},"51":{"start":{"line":101,"column":4},"end":{"line":101,"column":74}},"52":{"start":{"line":102,"column":4},"end":{"line":102,"column":74}},"53":{"start":{"line":105,"column":4},"end":{"line":105,"column":80}},"54":{"start":{"line":106,"column":4},"end":{"line":106,"column":80}},"55":{"start":{"line":107,"column":4},"end":{"line":107,"column":85}},"56":{"start":{"line":108,"column":4},"end":{"line":108,"column":85}},"57":{"start":{"line":109,"column":4},"end":{"line":109,"column":84}},"58":{"start":{"line":110,"column":4},"end":{"line":110,"column":89}},"59":{"start":{"line":113,"column":4},"end":{"line":113,"column":81}},"60":{"start":{"line":114,"column":4},"end":{"line":114,"column":79}},"61":{"start":{"line":115,"column":4},"end":{"line":115,"column":85}},"62":{"start":{"line":116,"column":4},"end":{"line":116,"column":85}},"63":{"start":{"line":117,"column":4},"end":{"line":117,"column":81}},"64":{"start":{"line":118,"column":4},"end":{"line":118,"column":81}},"65":{"start":{"line":119,"column":4},"end":{"line":119,"column":85}},"66":{"start":{"line":122,"column":4},"end":{"line":122,"column":74}},"67":{"start":{"line":123,"column":4},"end":{"line":123,"column":71}},"68":{"start":{"line":124,"column":4},"end":{"line":124,"column":71}},"69":{"start":{"line":127,"column":4},"end":{"line":127,"column":74}},"70":{"start":{"line":128,"column":4},"end":{"line":128,"column":77}},"71":{"start":{"line":129,"column":4},"end":{"line":129,"column":75}},"72":{"start":{"line":130,"column":4},"end":{"line":130,"column":83}},"73":{"start":{"line":131,"column":4},"end":{"line":131,"column":78}},"74":{"start":{"line":132,"column":4},"end":{"line":132,"column":86}},"75":{"start":{"line":135,"column":4},"end":{"line":135,"column":71}},"76":{"start":{"line":136,"column":4},"end":{"line":136,"column":70}},"77":{"start":{"line":137,"column":4},"end":{"line":137,"column":70}},"78":{"start":{"line":140,"column":4},"end":{"line":140,"column":72}},"79":{"start":{"line":141,"column":4},"end":{"line":141,"column":79}},"80":{"start":{"line":144,"column":4},"end":{"line":144,"column":78}},"81":{"start":{"line":145,"column":4},"end":{"line":145,"column":82}},"82":{"start":{"line":149,"column":4},"end":{"line":149,"column":45}},"83":{"start":{"line":157,"column":4},"end":{"line":159,"column":5}},"84":{"start":{"line":158,"column":6},"end":{"line":158,"column":46}},"85":{"start":{"line":162,"column":4},"end":{"line":226,"column":5}},"86":{"start":{"line":163,"column":20},"end":{"line":163,"column":43}},"87":{"start":{"line":164,"column":6},"end":{"line":225,"column":7}},"88":{"start":{"line":165,"column":30},"end":{"line":165,"column":35}},"89":{"start":{"line":168,"column":8},"end":{"line":179,"column":9}},"90":{"start":{"line":169,"column":67},"end":{"line":175,"column":12}},"91":{"start":{"line":176,"column":10},"end":{"line":178,"column":11}},"92":{"start":{"line":177,"column":12},"end":{"line":177,"column":41}},"93":{"start":{"line":182,"column":8},"end":{"line":192,"column":9}},"94":{"start":{"line":183,"column":68},"end":{"line":188,"column":12}},"95":{"start":{"line":189,"column":10},"end":{"line":191,"column":11}},"96":{"start":{"line":190,"column":12},"end":{"line":190,"column":42}},"97":{"start":{"line":195,"column":8},"end":{"line":204,"column":9}},"98":{"start":{"line":196,"column":66},"end":{"line":200,"column":12}},"99":{"start":{"line":201,"column":10},"end":{"line":203,"column":11}},"100":{"start":{"line":202,"column":12},"end":{"line":202,"column":40}},"101":{"start":{"line":207,"column":8},"end":{"line":214,"column":9}},"102":{"start":{"line":208,"column":68},"end":{"line":210,"column":12}},"103":{"start":{"line":211,"column":10},"end":{"line":213,"column":11}},"104":{"start":{"line":212,"column":12},"end":{"line":212,"column":42}},"105":{"start":{"line":217,"column":8},"end":{"line":224,"column":9}},"106":{"start":{"line":218,"column":69},"end":{"line":220,"column":12}},"107":{"start":{"line":221,"column":10},"end":{"line":223,"column":11}},"108":{"start":{"line":222,"column":12},"end":{"line":222,"column":43}},"109":{"start":{"line":228,"column":4},"end":{"line":228,"column":16}},"110":{"start":{"line":235,"column":20},"end":{"line":235,"column":49}},"111":{"start":{"line":236,"column":4},"end":{"line":238,"column":5}},"112":{"start":{"line":237,"column":6},"end":{"line":237,"column":69}},"113":{"start":{"line":245,"column":4},"end":{"line":245,"column":41}},"114":{"start":{"line":252,"column":4},"end":{"line":252,"column":50}},"115":{"start":{"line":259,"column":4},"end":{"line":259,"column":30}},"116":{"start":{"line":11,"column":0},"end":{"line":11,"column":13}}},"fnMap":{"0":{"name":"(anonymous_0)","decl":{"start":{"line":15,"column":2},"end":{"line":15,"column":null}},"loc":{"start":{"line":15,"column":2},"end":{"line":17,"column":3}}},"1":{"name":"(anonymous_1)","decl":{"start":{"line":19,"column":10},"end":{"line":19,"column":28}},"loc":{"start":{"line":19,"column":28},"end":{"line":146,"column":3}}},"2":{"name":"(anonymous_2)","decl":{"start":{"line":148,"column":10},"end":{"line":148,"column":20}},"loc":{"start":{"line":148,"column":66},"end":{"line":150,"column":3}}},"3":{"name":"(anonymous_3)","decl":{"start":{"line":155,"column":2},"end":{"line":155,"column":12}},"loc":{"start":{"line":155,"column":33},"end":{"line":229,"column":3}}},"4":{"name":"(anonymous_4)","decl":{"start":{"line":234,"column":2},"end":{"line":234,"column":12}},"loc":{"start":{"line":234,"column":33},"end":{"line":239,"column":3}}},"5":{"name":"(anonymous_5)","decl":{"start":{"line":244,"column":2},"end":{"line":244,"column":16}},"loc":{"start":{"line":244,"column":16},"end":{"line":246,"column":3}}},"6":{"name":"(anonymous_6)","decl":{"start":{"line":251,"column":2},"end":{"line":251,"column":11}},"loc":{"start":{"line":251,"column":32},"end":{"line":253,"column":3}}},"7":{"name":"(anonymous_7)","decl":{"start":{"line":258,"column":2},"end":{"line":258,"column":7}},"loc":{"start":{"line":258,"column":7},"end":{"line":260,"column":3}}}},"branchMap":{"0":{"loc":{"start":{"line":157,"column":4},"end":{"line":159,"column":5}},"type":"if","locations":[{"start":{"line":157,"column":4},"end":{"line":159,"column":5}}]},"1":{"loc":{"start":{"line":162,"column":4},"end":{"line":226,"column":5}},"type":"if","locations":[{"start":{"line":162,"column":4},"end":{"line":226,"column":5}}]},"2":{"loc":{"start":{"line":164,"column":6},"end":{"line":225,"column":7}},"type":"if","locations":[{"start":{"line":164,"column":6},"end":{"line":225,"column":7}}]},"3":{"loc":{"start":{"line":168,"column":8},"end":{"line":179,"column":9}},"type":"if","locations":[{"start":{"line":168,"column":8},"end":{"line":179,"column":9}}]},"4":{"loc":{"start":{"line":168,"column":12},"end":{"line":168,"column":45}},"type":"binary-expr","locations":[{"start":{"line":168,"column":12},"end":{"line":168,"column":27}},{"start":{"line":168,"column":31},"end":{"line":168,"column":45}}]},"5":{"loc":{"start":{"line":176,"column":10},"end":{"line":178,"column":11}},"type":"if","locations":[{"start":{"line":176,"column":10},"end":{"line":178,"column":11}}]},"6":{"loc":{"start":{"line":182,"column":8},"end":{"line":192,"column":9}},"type":"if","locations":[{"start":{"line":182,"column":8},"end":{"line":192,"column":9}}]},"7":{"loc":{"start":{"line":182,"column":12},"end":{"line":182,"column":45}},"type":"binary-expr","locations":[{"start":{"line":182,"column":12},"end":{"line":182,"column":28}},{"start":{"line":182,"column":32},"end":{"line":182,"column":45}}]},"8":{"loc":{"start":{"line":189,"column":10},"end":{"line":191,"column":11}},"type":"if","locations":[{"start":{"line":189,"column":10},"end":{"line":191,"column":11}}]},"9":{"loc":{"start":{"line":195,"column":8},"end":{"line":204,"column":9}},"type":"if","locations":[{"start":{"line":195,"column":8},"end":{"line":204,"column":9}}]},"10":{"loc":{"start":{"line":201,"column":10},"end":{"line":203,"column":11}},"type":"if","locations":[{"start":{"line":201,"column":10},"end":{"line":203,"column":11}}]},"11":{"loc":{"start":{"line":207,"column":8},"end":{"line":214,"column":9}},"type":"if","locations":[{"start":{"line":207,"column":8},"end":{"line":214,"column":9}}]},"12":{"loc":{"start":{"line":211,"column":10},"end":{"line":213,"column":11}},"type":"if","locations":[{"start":{"line":211,"column":10},"end":{"line":213,"column":11}}]},"13":{"loc":{"start":{"line":217,"column":8},"end":{"line":224,"column":9}},"type":"if","locations":[{"start":{"line":217,"column":8},"end":{"line":224,"column":9}}]},"14":{"loc":{"start":{"line":221,"column":10},"end":{"line":223,"column":11}},"type":"if","locations":[{"start":{"line":221,"column":10},"end":{"line":223,"column":11}}]},"15":{"loc":{"start":{"line":236,"column":4},"end":{"line":238,"column":5}},"type":"if","locations":[{"start":{"line":236,"column":4},"end":{"line":238,"column":5}}]},"16":{"loc":{"start":{"line":237,"column":28},"end":{"line":237,"column":67}},"type":"binary-expr","locations":[{"start":{"line":237,"column":28},"end":{"line":237,"column":46}},{"start":{"line":237,"column":50},"end":{"line":237,"column":67}}]}},"s":{"0":14,"1":14,"2":14,"3":14,"4":14,"5":14,"6":14,"7":14,"8":14,"9":14,"10":14,"11":14,"12":14,"13":14,"14":14,"15":14,"16":14,"17":14,"18":14,"19":14,"20":14,"21":14,"22":14,"23":14,"24":14,"25":14,"26":14,"27":14,"28":14,"29":14,"30":14,"31":14,"32":14,"33":14,"34":14,"35":14,"36":14,"37":14,"38":14,"39":14,"40":14,"41":14,"42":14,"43":14,"44":14,"45":14,"46":14,"47":14,"48":14,"49":14,"50":14,"51":14,"52":14,"53":14,"54":14,"55":14,"56":14,"57":14,"58":14,"59":14,"60":14,"61":14,"62":14,"63":14,"64":14,"65":14,"66":14,"67":14,"68":14,"69":14,"70":14,"71":14,"72":14,"73":14,"74":14,"75":14,"76":14,"77":14,"78":14,"79":14,"80":14,"81":14,"82":1106,"83":0,"84":0,"85":0,"86":0,"87":0,"88":0,"89":0,"90":0,"91":0,"92":0,"93":0,"94":0,"95":0,"96":0,"97":0,"98":0,"99":0,"100":0,"101":0,"102":0,"103":0,"104":0,"105":0,"106":0,"107":0,"108":0,"109":0,"110":0,"111":0,"112":0,"113":4,"114":0,"115":0,"116":1},"f":{"0":14,"1":14,"2":1106,"3":0,"4":0,"5":4,"6":0,"7":0},"b":{"0":[0],"1":[0],"2":[0],"3":[0],"4":[0,0],"5":[0],"6":[0],"7":[0,0],"8":[0],"9":[0],"10":[0],"11":[0],"12":[0],"13":[0],"14":[0],"15":[0],"16":[0,0]}}
,"/workspaces/AikScript/typescript-transpiler/src/core/expressions.ts": {"path":"/workspaces/AikScript/typescript-transpiler/src/core/expressions.ts","statementMap":{"0":{"start":{"line":1,"column":0},"end":{"line":1,"column":33}},"1":{"start":{"line":13,"column":4},"end":{"line":13,"column":43}},"2":{"start":{"line":20,"column":4},"end":{"line":22,"column":5}},"3":{"start":{"line":21,"column":6},"end":{"line":21,"column":56}},"4":{"start":{"line":24,"column":4},"end":{"line":26,"column":5}},"5":{"start":{"line":25,"column":6},"end":{"line":25,"column":64}},"6":{"start":{"line":28,"column":4},"end":{"line":30,"column":5}},"7":{"start":{"line":29,"column":6},"end":{"line":29,"column":54}},"8":{"start":{"line":32,"column":4},"end":{"line":34,"column":5}},"9":{"start":{"line":33,"column":6},"end":{"line":33,"column":50}},"10":{"start":{"line":36,"column":4},"end":{"line":38,"column":5}},"11":{"start":{"line":37,"column":6},"end":{"line":37,"column":36}},"12":{"start":{"line":40,"column":4},"end":{"line":42,"column":5}},"13":{"start":{"line":41,"column":6},"end":{"line":41,"column":29}},"14":{"start":{"line":44,"column":4},"end":{"line":49,"column":5}},"15":{"start":{"line":48,"column":6},"end":{"line":48,"column":78}},"16":{"start":{"line":51,"column":4},"end":{"line":53,"column":5}},"17":{"start":{"line":52,"column":6},"end":{"line":52,"column":68}},"18":{"start":{"line":55,"column":4},"end":{"line":57,"column":5}},"19":{"start":{"line":56,"column":6},"end":{"line":56,"column":63}},"20":{"start":{"line":59,"column":4},"end":{"line":61,"column":5}},"21":{"start":{"line":60,"column":6},"end":{"line":60,"column":63}},"22":{"start":{"line":63,"column":4},"end":{"line":65,"column":5}},"23":{"start":{"line":64,"column":6},"end":{"line":64,"column":62}},"24":{"start":{"line":67,"column":4},"end":{"line":67,"column":32}},"25":{"start":{"line":71,"column":17},"end":{"line":71,"column":58}},"26":{"start":{"line":72,"column":18},"end":{"line":72,"column":60}},"27":{"start":{"line":73,"column":21},"end":{"line":73,"column":69}},"28":{"start":{"line":76,"column":4},"end":{"line":78,"column":5}},"29":{"start":{"line":77,"column":6},"end":{"line":77,"column":44}},"30":{"start":{"line":80,"column":4},"end":{"line":80,"column":42}},"31":{"start":{"line":84,"column":16},"end":{"line":84,"column":63}},"32":{"start":{"line":85,"column":17},"end":{"line":85,"column":37}},"33":{"start":{"line":88,"column":4},"end":{"line":90,"column":5}},"34":{"start":{"line":89,"column":6},"end":{"line":89,"column":39}},"35":{"start":{"line":93,"column":21},"end":{"line":93,"column":37}},"36":{"start":{"line":94,"column":27},"end":{"line":94,"column":68}},"37":{"start":{"line":95,"column":4},"end":{"line":97,"column":5}},"38":{"start":{"line":96,"column":6},"end":{"line":96,"column":38}},"39":{"start":{"line":99,"column":4},"end":{"line":99,"column":28}},"40":{"start":{"line":106,"column":19},"end":{"line":106,"column":66}},"41":{"start":{"line":107,"column":17},"end":{"line":109,"column":17}},"42":{"start":{"line":108,"column":35},"end":{"line":108,"column":64}},"43":{"start":{"line":112,"column":27},"end":{"line":112,"column":66}},"44":{"start":{"line":113,"column":4},"end":{"line":115,"column":5}},"45":{"start":{"line":114,"column":6},"end":{"line":114,"column":52}},"46":{"start":{"line":117,"column":4},"end":{"line":117,"column":32}},"47":{"start":{"line":122,"column":4},"end":{"line":124,"column":5}},"48":{"start":{"line":123,"column":6},"end":{"line":123,"column":31}},"49":{"start":{"line":125,"column":4},"end":{"line":125,"column":27}},"50":{"start":{"line":129,"column":16},"end":{"line":129,"column":63}},"51":{"start":{"line":130,"column":18},"end":{"line":130,"column":73}},"52":{"start":{"line":131,"column":4},"end":{"line":131,"column":30}},"53":{"start":{"line":136,"column":23},"end":{"line":143,"column":17}},"54":{"start":{"line":137,"column":55},"end":{"line":137,"column":84}},"55":{"start":{"line":139,"column":21},"end":{"line":139,"column":40}},"56":{"start":{"line":140,"column":22},"end":{"line":140,"column":64}},"57":{"start":{"line":141,"column":8},"end":{"line":141,"column":35}},"58":{"start":{"line":145,"column":4},"end":{"line":145,"column":31}},"59":{"start":{"line":149,"column":21},"end":{"line":149,"column":95}},"60":{"start":{"line":149,"column":53},"end":{"line":149,"column":83}},"61":{"start":{"line":150,"column":4},"end":{"line":150,"column":27}},"62":{"start":{"line":154,"column":4},"end":{"line":177,"column":5}},"63":{"start":{"line":156,"column":8},"end":{"line":156,"column":19}},"64":{"start":{"line":158,"column":8},"end":{"line":158,"column":19}},"65":{"start":{"line":160,"column":8},"end":{"line":160,"column":19}},"66":{"start":{"line":162,"column":8},"end":{"line":162,"column":19}},"67":{"start":{"line":164,"column":8},"end":{"line":164,"column":20}},"68":{"start":{"line":166,"column":8},"end":{"line":166,"column":20}},"69":{"start":{"line":168,"column":8},"end":{"line":168,"column":19}},"70":{"start":{"line":170,"column":8},"end":{"line":170,"column":19}},"71":{"start":{"line":172,"column":8},"end":{"line":172,"column":20}},"72":{"start":{"line":174,"column":8},"end":{"line":174,"column":20}},"73":{"start":{"line":176,"column":8},"end":{"line":176,"column":34}},"74":{"start":{"line":9,"column":0},"end":{"line":9,"column":13}}},"fnMap":{"0":{"name":"(anonymous_9)","decl":{"start":{"line":12,"column":2},"end":{"line":12,"column":14}},"loc":{"start":{"line":12,"column":46},"end":{"line":14,"column":3}}},"1":{"name":"(anonymous_10)","decl":{"start":{"line":19,"column":2},"end":{"line":19,"column":21}},"loc":{"start":{"line":19,"column":47},"end":{"line":68,"column":3}}},"2":{"name":"(anonymous_11)","decl":{"start":{"line":70,"column":10},"end":{"line":70,"column":35}},"loc":{"start":{"line":70,"column":67},"end":{"line":81,"column":3}}},"3":{"name":"(anonymous_12)","decl":{"start":{"line":83,"column":10},"end":{"line":83,"column":43}},"loc":{"start":{"line":83,"column":83},"end":{"line":100,"column":3}}},"4":{"name":"(anonymous_13)","decl":{"start":{"line":105,"column":10},"end":{"line":105,"column":33}},"loc":{"start":{"line":105,"column":63},"end":{"line":118,"column":3}}},"5":{"name":"(anonymous_14)","decl":{"start":{"line":108,"column":11},"end":{"line":108,"column":12}},"loc":{"start":{"line":108,"column":35},"end":{"line":108,"column":64}}},"6":{"name":"(anonymous_15)","decl":{"start":{"line":120,"column":10},"end":{"line":120,"column":29}},"loc":{"start":{"line":120,"column":55},"end":{"line":126,"column":3}}},"7":{"name":"(anonymous_16)","decl":{"start":{"line":128,"column":10},"end":{"line":128,"column":42}},"loc":{"start":{"line":128,"column":81},"end":{"line":132,"column":3}}},"8":{"name":"(anonymous_17)","decl":{"start":{"line":134,"column":10},"end":{"line":134,"column":42}},"loc":{"start":{"line":134,"column":81},"end":{"line":146,"column":3}}},"9":{"name":"(anonymous_18)","decl":{"start":{"line":137,"column":14},"end":{"line":137,"column":15}},"loc":{"start":{"line":137,"column":55},"end":{"line":137,"column":84}}},"10":{"name":"(anonymous_19)","decl":{"start":{"line":138,"column":11},"end":{"line":138,"column":15}},"loc":{"start":{"line":138,"column":18},"end":{"line":142,"column":7}}},"11":{"name":"(anonymous_20)","decl":{"start":{"line":148,"column":10},"end":{"line":148,"column":41}},"loc":{"start":{"line":148,"column":79},"end":{"line":151,"column":3}}},"12":{"name":"(anonymous_21)","decl":{"start":{"line":149,"column":45},"end":{"line":149,"column":49}},"loc":{"start":{"line":149,"column":53},"end":{"line":149,"column":83}}},"13":{"name":"(anonymous_22)","decl":{"start":{"line":153,"column":10},"end":{"line":153,"column":27}},"loc":{"start":{"line":153,"column":60},"end":{"line":178,"column":3}}}},"branchMap":{"0":{"loc":{"start":{"line":20,"column":4},"end":{"line":22,"column":5}},"type":"if","locations":[{"start":{"line":20,"column":4},"end":{"line":22,"column":5}}]},"1":{"loc":{"start":{"line":24,"column":4},"end":{"line":26,"column":5}},"type":"if","locations":[{"start":{"line":24,"column":4},"end":{"line":26,"column":5}}]},"2":{"loc":{"start":{"line":28,"column":4},"end":{"line":30,"column":5}},"type":"if","locations":[{"start":{"line":28,"column":4},"end":{"line":30,"column":5}}]},"3":{"loc":{"start":{"line":32,"column":4},"end":{"line":34,"column":5}},"type":"if","locations":[{"start":{"line":32,"column":4},"end":{"line":34,"column":5}}]},"4":{"loc":{"start":{"line":36,"column":4},"end":{"line":38,"column":5}},"type":"if","locations":[{"start":{"line":36,"column":4},"end":{"line":38,"column":5}}]},"5":{"loc":{"start":{"line":40,"column":4},"end":{"line":42,"column":5}},"type":"if","locations":[{"start":{"line":40,"column":4},"end":{"line":42,"column":5}}]},"6":{"loc":{"start":{"line":44,"column":4},"end":{"line":49,"column":5}},"type":"if","locations":[{"start":{"line":44,"column":4},"end":{"line":49,"column":5}}]},"7":{"loc":{"start":{"line":45,"column":6},"end":{"line":46,"column":52}},"type":"binary-expr","locations":[{"start":{"line":45,"column":6},"end":{"line":45,"column":51}},{"start":{"line":46,"column":6},"end":{"line":46,"column":52}}]},"8":{"loc":{"start":{"line":48,"column":13},"end":{"line":48,"column":77}},"type":"cond-expr","locations":[{"start":{"line":48,"column":61},"end":{"line":48,"column":67}},{"start":{"line":48,"column":70},"end":{"line":48,"column":77}}]},"9":{"loc":{"start":{"line":51,"column":4},"end":{"line":53,"column":5}},"type":"if","locations":[{"start":{"line":51,"column":4},"end":{"line":53,"column":5}}]},"10":{"loc":{"start":{"line":55,"column":4},"end":{"line":57,"column":5}},"type":"if","locations":[{"start":{"line":55,"column":4},"end":{"line":57,"column":5}}]},"11":{"loc":{"start":{"line":59,"column":4},"end":{"line":61,"column":5}},"type":"if","locations":[{"start":{"line":59,"column":4},"end":{"line":61,"column":5}}]},"12":{"loc":{"start":{"line":63,"column":4},"end":{"line":65,"column":5}},"type":"if","locations":[{"start":{"line":63,"column":4},"end":{"line":65,"column":5}}]},"13":{"loc":{"start":{"line":76,"column":4},"end":{"line":78,"column":5}},"type":"if","locations":[{"start":{"line":76,"column":4},"end":{"line":78,"column":5}}]},"14":{"loc":{"start":{"line":76,"column":8},"end":{"line":76,"column":46}},"type":"binary-expr","locations":[{"start":{"line":76,"column":8},"end":{"line":76,"column":25}},{"start":{"line":76,"column":29},"end":{"line":76,"column":46}}]},"15":{"loc":{"start":{"line":88,"column":4},"end":{"line":90,"column":5}},"type":"if","locations":[{"start":{"line":88,"column":4},"end":{"line":90,"column":5}}]},"16":{"loc":{"start":{"line":95,"column":4},"end":{"line":97,"column":5}},"type":"if","locations":[{"start":{"line":95,"column":4},"end":{"line":97,"column":5}}]},"17":{"loc":{"start":{"line":113,"column":4},"end":{"line":115,"column":5}},"type":"if","locations":[{"start":{"line":113,"column":4},"end":{"line":115,"column":5}}]},"18":{"loc":{"start":{"line":122,"column":4},"end":{"line":124,"column":5}},"type":"if","locations":[{"start":{"line":122,"column":4},"end":{"line":124,"column":5}}]},"19":{"loc":{"start":{"line":154,"column":4},"end":{"line":177,"column":5}},"type":"switch","locations":[{"start":{"line":155,"column":6},"end":{"line":156,"column":19}},{"start":{"line":157,"column":6},"end":{"line":158,"column":19}},{"start":{"line":159,"column":6},"end":{"line":160,"column":19}},{"start":{"line":161,"column":6},"end":{"line":162,"column":19}},{"start":{"line":163,"column":6},"end":{"line":164,"column":20}},{"start":{"line":165,"column":6},"end":{"line":166,"column":20}},{"start":{"line":167,"column":6},"end":{"line":168,"column":19}},{"start":{"line":169,"column":6},"end":{"line":170,"column":19}},{"start":{"line":171,"column":6},"end":{"line":172,"column":20}},{"start":{"line":173,"column":6},"end":{"line":174,"column":20}},{"start":{"line":175,"column":6},"end":{"line":176,"column":34}}]}},"s":{"0":0,"1":0,"2":0,"3":0,"4":0,"5":0,"6":0,"7":0,"8":0,"9":0,"10":0,"11":0,"12":0,"13":0,"14":0,"15":0,"16":0,"17":0,"18":0,"19":0,"20":0,"21":0,"22":0,"23":0,"24":0,"25":0,"26":0,"27":0,"28":0,"29":0,"30":0,"31":0,"32":0,"33":0,"34":0,"35":0,"36":0,"37":0,"38":0,"39":0,"40":0,"41":0,"42":0,"43":0,"44":0,"45":0,"46":0,"47":0,"48":0,"49":0,"50":0,"51":0,"52":0,"53":0,"54":0,"55":0,"56":0,"57":0,"58":0,"59":0,"60":0,"61":0,"62":0,"63":0,"64":0,"65":0,"66":0,"67":0,"68":0,"69":0,"70":0,"71":0,"72":0,"73":0,"74":0},"f":{"0":0,"1":0,"2":0,"3":0,"4":0,"5":0,"6":0,"7":0,"8":0,"9":0,"10":0,"11":0,"12":0,"13":0},"b":{"0":[0],"1":[0],"2":[0],"3":[0],"4":[0],"5":[0],"6":[0],"7":[0,0],"8":[0,0],"9":[0],"10":[0],"11":[0],"12":[0],"13":[0],"14":[0,0],"15":[0],"16":[0],"17":[0],"18":[0],"19":[0,0,0,0,0,0,0,0,0,0,0]}}
,"/workspaces/AikScript/typescript-transpiler/src/core/generator.ts": {"path":"/workspaces/AikScript/typescript-transpiler/src/core/generator.ts","statementMap":{"0":{"start":{"line":23,"column":4},"end":{"line":23,"column":43}},"1":{"start":{"line":33,"column":4},"end":{"line":87,"column":5}},"2":{"start":{"line":34,"column":30},"end":{"line":34,"column":32}},"3":{"start":{"line":37,"column":6},"end":{"line":42,"column":7}},"4":{"start":{"line":38,"column":8},"end":{"line":40,"column":11}},"5":{"start":{"line":39,"column":10},"end":{"line":39,"column":35}},"6":{"start":{"line":41,"column":8},"end":{"line":41,"column":23}},"7":{"start":{"line":45,"column":26},"end":{"line":45,"column":63}},"8":{"start":{"line":46,"column":6},"end":{"line":49,"column":7}},"9":{"start":{"line":47,"column":8},"end":{"line":47,"column":68}},"10":{"start":{"line":48,"column":8},"end":{"line":48,"column":23}},"11":{"start":{"line":52,"column":6},"end":{"line":54,"column":9}},"12":{"start":{"line":53,"column":8},"end":{"line":53,"column":45}},"13":{"start":{"line":56,"column":6},"end":{"line":58,"column":7}},"14":{"start":{"line":57,"column":8},"end":{"line":57,"column":23}},"15":{"start":{"line":61,"column":6},"end":{"line":64,"column":9}},"16":{"start":{"line":62,"column":8},"end":{"line":62,"column":44}},"17":{"start":{"line":63,"column":8},"end":{"line":63,"column":23}},"18":{"start":{"line":67,"column":6},"end":{"line":70,"column":9}},"19":{"start":{"line":68,"column":8},"end":{"line":68,"column":52}},"20":{"start":{"line":69,"column":8},"end":{"line":69,"column":23}},"21":{"start":{"line":73,"column":6},"end":{"line":76,"column":9}},"22":{"start":{"line":74,"column":8},"end":{"line":74,"column":48}},"23":{"start":{"line":75,"column":8},"end":{"line":75,"column":23}},"24":{"start":{"line":79,"column":6},"end":{"line":82,"column":9}},"25":{"start":{"line":80,"column":8},"end":{"line":80,"column":44}},"26":{"start":{"line":81,"column":8},"end":{"line":81,"column":23}},"27":{"start":{"line":84,"column":6},"end":{"line":84,"column":30}},"28":{"start":{"line":86,"column":6},"end":{"line":86,"column":84}},"29":{"start":{"line":94,"column":17},"end":{"line":94,"column":36}},"30":{"start":{"line":96,"column":4},"end":{"line":98,"column":5}},"31":{"start":{"line":97,"column":6},"end":{"line":97,"column":35}},"32":{"start":{"line":100,"column":4},"end":{"line":102,"column":5}},"33":{"start":{"line":101,"column":6},"end":{"line":101,"column":48}},"34":{"start":{"line":104,"column":4},"end":{"line":104,"column":18}},"35":{"start":{"line":111,"column":28},"end":{"line":111,"column":30}},"36":{"start":{"line":114,"column":4},"end":{"line":118,"column":5}},"37":{"start":{"line":115,"column":6},"end":{"line":117,"column":9}},"38":{"start":{"line":116,"column":8},"end":{"line":116,"column":33}},"39":{"start":{"line":121,"column":26},"end":{"line":121,"column":90}},"40":{"start":{"line":123,"column":26},"end":{"line":123,"column":28}},"41":{"start":{"line":124,"column":4},"end":{"line":130,"column":5}},"42":{"start":{"line":125,"column":6},"end":{"line":125,"column":44}},"43":{"start":{"line":126,"column":11},"end":{"line":130,"column":5}},"44":{"start":{"line":127,"column":6},"end":{"line":127,"column":37}},"45":{"start":{"line":129,"column":6},"end":{"line":129,"column":33}},"46":{"start":{"line":131,"column":4},"end":{"line":131,"column":33}},"47":{"start":{"line":134,"column":4},"end":{"line":136,"column":5}},"48":{"start":{"line":135,"column":6},"end":{"line":135,"column":59}},"49":{"start":{"line":138,"column":4},"end":{"line":153,"column":5}},"50":{"start":{"line":140,"column":6},"end":{"line":140,"column":49}},"51":{"start":{"line":141,"column":6},"end":{"line":141,"column":34}},"52":{"start":{"line":144,"column":6},"end":{"line":144,"column":30}},"53":{"start":{"line":145,"column":6},"end":{"line":145,"column":34}},"54":{"start":{"line":148,"column":30},"end":{"line":148,"column":72}},"55":{"start":{"line":149,"column":6},"end":{"line":151,"column":7}},"56":{"start":{"line":150,"column":8},"end":{"line":150,"column":36}},"57":{"start":{"line":152,"column":6},"end":{"line":152,"column":22}},"58":{"start":{"line":155,"column":4},"end":{"line":155,"column":28}},"59":{"start":{"line":163,"column":4},"end":{"line":177,"column":5}},"60":{"start":{"line":165,"column":6},"end":{"line":174,"column":7}},"61":{"start":{"line":167,"column":24},"end":{"line":167,"column":54}},"62":{"start":{"line":169,"column":22},"end":{"line":172,"column":42}},"63":{"start":{"line":171,"column":23},"end":{"line":171,"column":34}},"64":{"start":{"line":172,"column":26},"end":{"line":172,"column":41}},"65":{"start":{"line":173,"column":8},"end":{"line":173,"column":32}},"66":{"start":{"line":176,"column":6},"end":{"line":176,"column":24}},"67":{"start":{"line":180,"column":4},"end":{"line":182,"column":5}},"68":{"start":{"line":181,"column":6},"end":{"line":181,"column":24}},"69":{"start":{"line":185,"column":4},"end":{"line":185,"column":22}},"70":{"start":{"line":192,"column":28},"end":{"line":192,"column":30}},"71":{"start":{"line":195,"column":4},"end":{"line":199,"column":5}},"72":{"start":{"line":196,"column":6},"end":{"line":198,"column":9}},"73":{"start":{"line":197,"column":8},"end":{"line":197,"column":33}},"74":{"start":{"line":201,"column":21},"end":{"line":201,"column":23}},"75":{"start":{"line":202,"column":4},"end":{"line":204,"column":5}},"76":{"start":{"line":203,"column":6},"end":{"line":203,"column":27}},"77":{"start":{"line":205,"column":4},"end":{"line":205,"column":81}},"78":{"start":{"line":207,"column":4},"end":{"line":207,"column":27}},"79":{"start":{"line":208,"column":4},"end":{"line":208,"column":28}},"80":{"start":{"line":215,"column":28},"end":{"line":215,"column":30}},"81":{"start":{"line":218,"column":4},"end":{"line":222,"column":5}},"82":{"start":{"line":219,"column":6},"end":{"line":221,"column":9}},"83":{"start":{"line":220,"column":8},"end":{"line":220,"column":33}},"84":{"start":{"line":224,"column":20},"end":{"line":224,"column":22}},"85":{"start":{"line":225,"column":4},"end":{"line":227,"column":5}},"86":{"start":{"line":226,"column":6},"end":{"line":226,"column":26}},"87":{"start":{"line":228,"column":4},"end":{"line":228,"column":35}},"88":{"start":{"line":230,"column":4},"end":{"line":232,"column":5}},"89":{"start":{"line":231,"column":6},"end":{"line":231,"column":53}},"90":{"start":{"line":234,"column":19},"end":{"line":234,"column":99}},"91":{"start":{"line":234,"column":44},"end":{"line":234,"column":87}},"92":{"start":{"line":235,"column":4},"end":{"line":235,"column":74}},"93":{"start":{"line":237,"column":4},"end":{"line":237,"column":26}},"94":{"start":{"line":238,"column":4},"end":{"line":238,"column":20}},"95":{"start":{"line":241,"column":20},"end":{"line":241,"column":62}},"96":{"start":{"line":244,"column":4},"end":{"line":253,"column":5}},"97":{"start":{"line":246,"column":6},"end":{"line":252,"column":7}},"98":{"start":{"line":247,"column":8},"end":{"line":247,"column":59}},"99":{"start":{"line":250,"column":25},"end":{"line":250,"column":48}},"100":{"start":{"line":251,"column":8},"end":{"line":251,"column":58}},"101":{"start":{"line":255,"column":4},"end":{"line":255,"column":26}},"102":{"start":{"line":258,"column":4},"end":{"line":263,"column":5}},"103":{"start":{"line":259,"column":6},"end":{"line":262,"column":9}},"104":{"start":{"line":260,"column":8},"end":{"line":260,"column":23}},"105":{"start":{"line":261,"column":8},"end":{"line":261,"column":58}},"106":{"start":{"line":266,"column":4},"end":{"line":271,"column":5}},"107":{"start":{"line":267,"column":6},"end":{"line":270,"column":9}},"108":{"start":{"line":268,"column":8},"end":{"line":268,"column":23}},"109":{"start":{"line":269,"column":8},"end":{"line":269,"column":62}},"110":{"start":{"line":274,"column":4},"end":{"line":274,"column":20}},"111":{"start":{"line":276,"column":4},"end":{"line":276,"column":28}},"112":{"start":{"line":283,"column":4},"end":{"line":314,"column":14}},"113":{"start":{"line":321,"column":4},"end":{"line":330,"column":5}},"114":{"start":{"line":323,"column":8},"end":{"line":323,"column":22}},"115":{"start":{"line":325,"column":8},"end":{"line":325,"column":21}},"116":{"start":{"line":327,"column":8},"end":{"line":327,"column":24}},"117":{"start":{"line":329,"column":8},"end":{"line":329,"column":24}},"118":{"start":{"line":337,"column":28},"end":{"line":337,"column":30}},"119":{"start":{"line":340,"column":4},"end":{"line":344,"column":5}},"120":{"start":{"line":341,"column":6},"end":{"line":343,"column":9}},"121":{"start":{"line":342,"column":8},"end":{"line":342,"column":33}},"122":{"start":{"line":346,"column":4},"end":{"line":346,"column":40}},"123":{"start":{"line":347,"column":4},"end":{"line":347,"column":26}},"124":{"start":{"line":348,"column":4},"end":{"line":348,"column":20}},"125":{"start":{"line":350,"column":4},"end":{"line":350,"column":28}},"126":{"start":{"line":357,"column":28},"end":{"line":357,"column":30}},"127":{"start":{"line":359,"column":4},"end":{"line":359,"column":48}},"128":{"start":{"line":360,"column":4},"end":{"line":364,"column":7}},"129":{"start":{"line":361,"column":22},"end":{"line":361,"column":58}},"130":{"start":{"line":362,"column":20},"end":{"line":362,"column":61}},"131":{"start":{"line":363,"column":6},"end":{"line":363,"column":89}},"132":{"start":{"line":365,"column":4},"end":{"line":365,"column":20}},"133":{"start":{"line":367,"column":4},"end":{"line":367,"column":28}},"134":{"start":{"line":374,"column":4},"end":{"line":400,"column":5}},"135":{"start":{"line":376,"column":8},"end":{"line":376,"column":19}},"136":{"start":{"line":378,"column":8},"end":{"line":378,"column":29}},"137":{"start":{"line":380,"column":8},"end":{"line":380,"column":29}},"138":{"start":{"line":382,"column":8},"end":{"line":390,"column":9}},"139":{"start":{"line":383,"column":10},"end":{"line":383,"column":29}},"140":{"start":{"line":384,"column":15},"end":{"line":390,"column":9}},"141":{"start":{"line":385,"column":10},"end":{"line":385,"column":32}},"142":{"start":{"line":386,"column":15},"end":{"line":390,"column":9}},"143":{"start":{"line":387,"column":10},"end":{"line":387,"column":31}},"144":{"start":{"line":388,"column":15},"end":{"line":390,"column":9}},"145":{"start":{"line":389,"column":10},"end":{"line":389,"column":24}},"146":{"start":{"line":391,"column":8},"end":{"line":393,"column":12}},"147":{"start":{"line":392,"column":42},"end":{"line":392,"column":67}},"148":{"start":{"line":395,"column":8},"end":{"line":395,"column":98}},"149":{"start":{"line":395,"column":51},"end":{"line":395,"column":76}},"150":{"start":{"line":397,"column":8},"end":{"line":397,"column":98}},"151":{"start":{"line":397,"column":51},"end":{"line":397,"column":76}},"152":{"start":{"line":399,"column":8},"end":{"line":399,"column":36}},"153":{"start":{"line":407,"column":28},"end":{"line":407,"column":30}},"154":{"start":{"line":409,"column":23},"end":{"line":409,"column":44}},"155":{"start":{"line":410,"column":4},"end":{"line":416,"column":7}},"156":{"start":{"line":411,"column":6},"end":{"line":415,"column":7}},"157":{"start":{"line":412,"column":8},"end":{"line":412,"column":84}},"158":{"start":{"line":414,"column":8},"end":{"line":414,"column":61}},"159":{"start":{"line":418,"column":4},"end":{"line":418,"column":29}},"160":{"start":{"line":419,"column":4},"end":{"line":419,"column":28}},"161":{"start":{"line":426,"column":4},"end":{"line":426,"column":56}},"162":{"start":{"line":433,"column":4},"end":{"line":435,"column":5}},"163":{"start":{"line":434,"column":6},"end":{"line":434,"column":56}},"164":{"start":{"line":437,"column":28},"end":{"line":437,"column":30}},"165":{"start":{"line":438,"column":17},"end":{"line":438,"column":26}},"166":{"start":{"line":441,"column":20},"end":{"line":441,"column":91}},"167":{"start":{"line":443,"column":4},"end":{"line":471,"column":5}},"168":{"start":{"line":444,"column":24},"end":{"line":444,"column":34}},"169":{"start":{"line":445,"column":25},"end":{"line":445,"column":35}},"170":{"start":{"line":448,"column":6},"end":{"line":466,"column":7}},"171":{"start":{"line":449,"column":27},"end":{"line":449,"column":50}},"172":{"start":{"line":450,"column":25},"end":{"line":450,"column":64}},"173":{"start":{"line":451,"column":8},"end":{"line":451,"column":40}},"174":{"start":{"line":452,"column":8},"end":{"line":452,"column":36}},"175":{"start":{"line":453,"column":8},"end":{"line":453,"column":31}},"176":{"start":{"line":456,"column":8},"end":{"line":464,"column":9}},"177":{"start":{"line":457,"column":31},"end":{"line":457,"column":54}},"178":{"start":{"line":458,"column":29},"end":{"line":458,"column":70}},"179":{"start":{"line":459,"column":10},"end":{"line":459,"column":40}},"180":{"start":{"line":462,"column":27},"end":{"line":462,"column":70}},"181":{"start":{"line":463,"column":10},"end":{"line":463,"column":38}},"182":{"start":{"line":465,"column":8},"end":{"line":465,"column":24}},"183":{"start":{"line":469,"column":23},"end":{"line":469,"column":46}},"184":{"start":{"line":470,"column":6},"end":{"line":470,"column":51}},"185":{"start":{"line":473,"column":4},"end":{"line":473,"column":28}},"186":{"start":{"line":480,"column":25},"end":{"line":480,"column":83}},"187":{"start":{"line":481,"column":4},"end":{"line":481,"column":65}},"188":{"start":{"line":19,"column":0},"end":{"line":19,"column":13}}},"fnMap":{"0":{"name":"(anonymous_0)","decl":{"start":{"line":22,"column":2},"end":{"line":22,"column":14}},"loc":{"start":{"line":22,"column":46},"end":{"line":24,"column":3}}},"1":{"name":"(anonymous_1)","decl":{"start":{"line":32,"column":2},"end":{"line":32,"column":10}},"loc":{"start":{"line":32,"column":24},"end":{"line":88,"column":3}}},"2":{"name":"(anonymous_2)","decl":{"start":{"line":38,"column":25},"end":{"line":38,"column":28}},"loc":{"start":{"line":38,"column":31},"end":{"line":40,"column":9}}},"3":{"name":"(anonymous_3)","decl":{"start":{"line":52,"column":26},"end":{"line":52,"column":29}},"loc":{"start":{"line":52,"column":32},"end":{"line":54,"column":7}}},"4":{"name":"(anonymous_4)","decl":{"start":{"line":61,"column":24},"end":{"line":61,"column":28}},"loc":{"start":{"line":61,"column":31},"end":{"line":64,"column":7}}},"5":{"name":"(anonymous_5)","decl":{"start":{"line":67,"column":28},"end":{"line":67,"column":36}},"loc":{"start":{"line":67,"column":39},"end":{"line":70,"column":7}}},"6":{"name":"(anonymous_6)","decl":{"start":{"line":73,"column":28},"end":{"line":73,"column":32}},"loc":{"start":{"line":73,"column":35},"end":{"line":76,"column":7}}},"7":{"name":"(anonymous_7)","decl":{"start":{"line":79,"column":24},"end":{"line":79,"column":28}},"loc":{"start":{"line":79,"column":31},"end":{"line":82,"column":7}}},"8":{"name":"(anonymous_8)","decl":{"start":{"line":93,"column":10},"end":{"line":93,"column":24}},"loc":{"start":{"line":93,"column":41},"end":{"line":105,"column":3}}},"9":{"name":"(anonymous_9)","decl":{"start":{"line":110,"column":10},"end":{"line":110,"column":22}},"loc":{"start":{"line":110,"column":38},"end":{"line":156,"column":3}}},"10":{"name":"(anonymous_10)","decl":{"start":{"line":115,"column":24},"end":{"line":115,"column":27}},"loc":{"start":{"line":115,"column":30},"end":{"line":117,"column":7}}},"11":{"name":"(anonymous_11)","decl":{"start":{"line":161,"column":10},"end":{"line":161,"column":30}},"loc":{"start":{"line":161,"column":49},"end":{"line":186,"column":3}}},"12":{"name":"(anonymous_12)","decl":{"start":{"line":171,"column":15},"end":{"line":171,"column":19}},"loc":{"start":{"line":171,"column":23},"end":{"line":171,"column":34}}},"13":{"name":"(anonymous_13)","decl":{"start":{"line":172,"column":18},"end":{"line":172,"column":22}},"loc":{"start":{"line":172,"column":26},"end":{"line":172,"column":41}}},"14":{"name":"(anonymous_14)","decl":{"start":{"line":191,"column":10},"end":{"line":191,"column":26}},"loc":{"start":{"line":191,"column":50},"end":{"line":209,"column":3}}},"15":{"name":"(anonymous_15)","decl":{"start":{"line":196,"column":28},"end":{"line":196,"column":31}},"loc":{"start":{"line":196,"column":34},"end":{"line":198,"column":7}}},"16":{"name":"(anonymous_16)","decl":{"start":{"line":214,"column":10},"end":{"line":214,"column":26}},"loc":{"start":{"line":214,"column":46},"end":{"line":277,"column":3}}},"17":{"name":"(anonymous_17)","decl":{"start":{"line":219,"column":24},"end":{"line":219,"column":27}},"loc":{"start":{"line":219,"column":30},"end":{"line":221,"column":7}}},"18":{"name":"(anonymous_18)","decl":{"start":{"line":234,"column":39},"end":{"line":234,"column":40}},"loc":{"start":{"line":234,"column":44},"end":{"line":234,"column":87}}},"19":{"name":"(anonymous_19)","decl":{"start":{"line":259,"column":35},"end":{"line":259,"column":43}},"loc":{"start":{"line":259,"column":46},"end":{"line":262,"column":7}}},"20":{"name":"(anonymous_20)","decl":{"start":{"line":267,"column":37},"end":{"line":267,"column":47}},"loc":{"start":{"line":267,"column":50},"end":{"line":270,"column":7}}},"21":{"name":"(anonymous_21)","decl":{"start":{"line":282,"column":10},"end":{"line":282,"column":36}},"loc":{"start":{"line":282,"column":49},"end":{"line":315,"column":3}}},"22":{"name":"(anonymous_22)","decl":{"start":{"line":320,"column":10},"end":{"line":320,"column":24}},"loc":{"start":{"line":320,"column":41},"end":{"line":331,"column":3}}},"23":{"name":"(anonymous_23)","decl":{"start":{"line":336,"column":10},"end":{"line":336,"column":22}},"loc":{"start":{"line":336,"column":38},"end":{"line":351,"column":3}}},"24":{"name":"(anonymous_24)","decl":{"start":{"line":341,"column":24},"end":{"line":341,"column":27}},"loc":{"start":{"line":341,"column":30},"end":{"line":343,"column":7}}},"25":{"name":"(anonymous_25)","decl":{"start":{"line":356,"column":10},"end":{"line":356,"column":32}},"loc":{"start":{"line":356,"column":62},"end":{"line":368,"column":3}}},"26":{"name":"(anonymous_26)","decl":{"start":{"line":360,"column":29},"end":{"line":360,"column":35}},"loc":{"start":{"line":360,"column":38},"end":{"line":364,"column":5}}},"27":{"name":"(anonymous_27)","decl":{"start":{"line":373,"column":10},"end":{"line":373,"column":25}},"loc":{"start":{"line":373,"column":38},"end":{"line":401,"column":3}}},"28":{"name":"(anonymous_28)","decl":{"start":{"line":392,"column":28},"end":{"line":392,"column":29}},"loc":{"start":{"line":392,"column":42},"end":{"line":392,"column":67}}},"29":{"name":"(anonymous_29)","decl":{"start":{"line":395,"column":37},"end":{"line":395,"column":38}},"loc":{"start":{"line":395,"column":51},"end":{"line":395,"column":76}}},"30":{"name":"(anonymous_30)","decl":{"start":{"line":397,"column":37},"end":{"line":397,"column":38}},"loc":{"start":{"line":397,"column":51},"end":{"line":397,"column":76}}},"31":{"name":"(anonymous_31)","decl":{"start":{"line":406,"column":10},"end":{"line":406,"column":32}},"loc":{"start":{"line":406,"column":62},"end":{"line":420,"column":3}}},"32":{"name":"(anonymous_32)","decl":{"start":{"line":410,"column":32},"end":{"line":410,"column":34}},"loc":{"start":{"line":410,"column":37},"end":{"line":416,"column":5}}},"33":{"name":"(anonymous_33)","decl":{"start":{"line":425,"column":10},"end":{"line":425,"column":31}},"loc":{"start":{"line":425,"column":44},"end":{"line":427,"column":3}}},"34":{"name":"(anonymous_34)","decl":{"start":{"line":432,"column":10},"end":{"line":432,"column":37}},"loc":{"start":{"line":432,"column":57},"end":{"line":474,"column":3}}},"35":{"name":"(anonymous_35)","decl":{"start":{"line":479,"column":10},"end":{"line":479,"column":34}},"loc":{"start":{"line":479,"column":68},"end":{"line":482,"column":3}}}},"branchMap":{"0":{"loc":{"start":{"line":37,"column":6},"end":{"line":42,"column":7}},"type":"if","locations":[{"start":{"line":37,"column":6},"end":{"line":42,"column":7}}]},"1":{"loc":{"start":{"line":37,"column":10},"end":{"line":37,"column":41}},"type":"binary-expr","locations":[{"start":{"line":37,"column":10},"end":{"line":37,"column":18}},{"start":{"line":37,"column":22},"end":{"line":37,"column":41}}]},"2":{"loc":{"start":{"line":46,"column":6},"end":{"line":49,"column":7}},"type":"if","locations":[{"start":{"line":46,"column":6},"end":{"line":49,"column":7}}]},"3":{"loc":{"start":{"line":56,"column":6},"end":{"line":58,"column":7}},"type":"if","locations":[{"start":{"line":56,"column":6},"end":{"line":58,"column":7}}]},"4":{"loc":{"start":{"line":96,"column":4},"end":{"line":98,"column":5}},"type":"if","locations":[{"start":{"line":96,"column":4},"end":{"line":98,"column":5}}]},"5":{"loc":{"start":{"line":100,"column":4},"end":{"line":102,"column":5}},"type":"if","locations":[{"start":{"line":100,"column":4},"end":{"line":102,"column":5}}]},"6":{"loc":{"start":{"line":100,"column":8},"end":{"line":100,"column":47}},"type":"binary-expr","locations":[{"start":{"line":100,"column":8},"end":{"line":100,"column":20}},{"start":{"line":100,"column":24},"end":{"line":100,"column":47}}]},"7":{"loc":{"start":{"line":114,"column":4},"end":{"line":118,"column":5}},"type":"if","locations":[{"start":{"line":114,"column":4},"end":{"line":118,"column":5}}]},"8":{"loc":{"start":{"line":114,"column":8},"end":{"line":114,"column":41}},"type":"binary-expr","locations":[{"start":{"line":114,"column":8},"end":{"line":114,"column":17}},{"start":{"line":114,"column":21},"end":{"line":114,"column":41}}]},"9":{"loc":{"start":{"line":121,"column":26},"end":{"line":121,"column":90}},"type":"binary-expr","locations":[{"start":{"line":121,"column":26},"end":{"line":121,"column":56}},{"start":{"line":121,"column":60},"end":{"line":121,"column":90}}]},"10":{"loc":{"start":{"line":124,"column":4},"end":{"line":130,"column":5}},"type":"if","locations":[{"start":{"line":124,"column":4},"end":{"line":130,"column":5}},{"start":{"line":126,"column":11},"end":{"line":130,"column":5}}]},"11":{"loc":{"start":{"line":126,"column":11},"end":{"line":130,"column":5}},"type":"if","locations":[{"start":{"line":126,"column":11},"end":{"line":130,"column":5}},{"start":{"line":128,"column":11},"end":{"line":130,"column":5}}]},"12":{"loc":{"start":{"line":134,"column":4},"end":{"line":136,"column":5}},"type":"if","locations":[{"start":{"line":134,"column":4},"end":{"line":136,"column":5}}]},"13":{"loc":{"start":{"line":134,"column":8},"end":{"line":134,"column":53}},"type":"binary-expr","locations":[{"start":{"line":134,"column":8},"end":{"line":134,"column":23}},{"start":{"line":134,"column":27},"end":{"line":134,"column":53}}]},"14":{"loc":{"start":{"line":138,"column":4},"end":{"line":153,"column":5}},"type":"if","locations":[{"start":{"line":138,"column":4},"end":{"line":153,"column":5}},{"start":{"line":142,"column":11},"end":{"line":153,"column":5}}]},"15":{"loc":{"start":{"line":149,"column":6},"end":{"line":151,"column":7}},"type":"if","locations":[{"start":{"line":149,"column":6},"end":{"line":151,"column":7}}]},"16":{"loc":{"start":{"line":163,"column":4},"end":{"line":177,"column":5}},"type":"if","locations":[{"start":{"line":163,"column":4},"end":{"line":177,"column":5}}]},"17":{"loc":{"start":{"line":163,"column":8},"end":{"line":163,"column":60}},"type":"binary-expr","locations":[{"start":{"line":163,"column":8},"end":{"line":163,"column":32}},{"start":{"line":163,"column":36},"end":{"line":163,"column":60}}]},"18":{"loc":{"start":{"line":165,"column":6},"end":{"line":174,"column":7}},"type":"if","locations":[{"start":{"line":165,"column":6},"end":{"line":174,"column":7}}]},"19":{"loc":{"start":{"line":165,"column":10},"end":{"line":165,"column":64}},"type":"binary-expr","locations":[{"start":{"line":165,"column":10},"end":{"line":165,"column":36}},{"start":{"line":165,"column":40},"end":{"line":165,"column":64}}]},"20":{"loc":{"start":{"line":180,"column":4},"end":{"line":182,"column":5}},"type":"if","locations":[{"start":{"line":180,"column":4},"end":{"line":182,"column":5}}]},"21":{"loc":{"start":{"line":195,"column":4},"end":{"line":199,"column":5}},"type":"if","locations":[{"start":{"line":195,"column":4},"end":{"line":199,"column":5}}]},"22":{"loc":{"start":{"line":195,"column":8},"end":{"line":195,"column":49}},"type":"binary-expr","locations":[{"start":{"line":195,"column":8},"end":{"line":195,"column":21}},{"start":{"line":195,"column":25},"end":{"line":195,"column":49}}]},"23":{"loc":{"start":{"line":202,"column":4},"end":{"line":204,"column":5}},"type":"if","locations":[{"start":{"line":202,"column":4},"end":{"line":204,"column":5}}]},"24":{"loc":{"start":{"line":218,"column":4},"end":{"line":222,"column":5}},"type":"if","locations":[{"start":{"line":218,"column":4},"end":{"line":222,"column":5}}]},"25":{"loc":{"start":{"line":218,"column":8},"end":{"line":218,"column":41}},"type":"binary-expr","locations":[{"start":{"line":218,"column":8},"end":{"line":218,"column":17}},{"start":{"line":218,"column":21},"end":{"line":218,"column":41}}]},"26":{"loc":{"start":{"line":225,"column":4},"end":{"line":227,"column":5}},"type":"if","locations":[{"start":{"line":225,"column":4},"end":{"line":227,"column":5}}]},"27":{"loc":{"start":{"line":230,"column":4},"end":{"line":232,"column":5}},"type":"if","locations":[{"start":{"line":230,"column":4},"end":{"line":232,"column":5}}]},"28":{"loc":{"start":{"line":230,"column":8},"end":{"line":230,"column":53}},"type":"binary-expr","locations":[{"start":{"line":230,"column":8},"end":{"line":230,"column":23}},{"start":{"line":230,"column":27},"end":{"line":230,"column":53}}]},"29":{"loc":{"start":{"line":244,"column":4},"end":{"line":253,"column":5}},"type":"if","locations":[{"start":{"line":244,"column":4},"end":{"line":253,"column":5}}]},"30":{"loc":{"start":{"line":244,"column":8},"end":{"line":244,"column":63}},"type":"binary-expr","locations":[{"start":{"line":244,"column":8},"end":{"line":244,"column":28}},{"start":{"line":244,"column":32},"end":{"line":244,"column":63}}]},"31":{"loc":{"start":{"line":246,"column":6},"end":{"line":252,"column":7}},"type":"if","locations":[{"start":{"line":246,"column":6},"end":{"line":252,"column":7}},{"start":{"line":248,"column":13},"end":{"line":252,"column":7}}]},"32":{"loc":{"start":{"line":246,"column":10},"end":{"line":246,"column":82}},"type":"binary-expr","locations":[{"start":{"line":246,"column":10},"end":{"line":246,"column":47}},{"start":{"line":246,"column":51},"end":{"line":246,"column":82}}]},"33":{"loc":{"start":{"line":258,"column":4},"end":{"line":263,"column":5}},"type":"if","locations":[{"start":{"line":258,"column":4},"end":{"line":263,"column":5}}]},"34":{"loc":{"start":{"line":258,"column":8},"end":{"line":258,"column":63}},"type":"binary-expr","locations":[{"start":{"line":258,"column":8},"end":{"line":258,"column":28}},{"start":{"line":258,"column":32},"end":{"line":258,"column":63}}]},"35":{"loc":{"start":{"line":266,"column":4},"end":{"line":271,"column":5}},"type":"if","locations":[{"start":{"line":266,"column":4},"end":{"line":271,"column":5}}]},"36":{"loc":{"start":{"line":266,"column":8},"end":{"line":266,"column":67}},"type":"binary-expr","locations":[{"start":{"line":266,"column":8},"end":{"line":266,"column":30}},{"start":{"line":266,"column":34},"end":{"line":266,"column":67}}]},"37":{"loc":{"start":{"line":321,"column":4},"end":{"line":330,"column":5}},"type":"switch","locations":[{"start":{"line":322,"column":6},"end":{"line":323,"column":22}},{"start":{"line":324,"column":6},"end":{"line":325,"column":21}},{"start":{"line":326,"column":6},"end":{"line":327,"column":24}},{"start":{"line":328,"column":6},"end":{"line":329,"column":24}}]},"38":{"loc":{"start":{"line":340,"column":4},"end":{"line":344,"column":5}},"type":"if","locations":[{"start":{"line":340,"column":4},"end":{"line":344,"column":5}}]},"39":{"loc":{"start":{"line":340,"column":8},"end":{"line":340,"column":41}},"type":"binary-expr","locations":[{"start":{"line":340,"column":8},"end":{"line":340,"column":17}},{"start":{"line":340,"column":21},"end":{"line":340,"column":41}}]},"40":{"loc":{"start":{"line":362,"column":20},"end":{"line":362,"column":61}},"type":"cond-expr","locations":[{"start":{"line":362,"column":35},"end":{"line":362,"column":56}},{"start":{"line":362,"column":59},"end":{"line":362,"column":61}}]},"41":{"loc":{"start":{"line":374,"column":4},"end":{"line":400,"column":5}},"type":"switch","locations":[{"start":{"line":375,"column":6},"end":{"line":376,"column":19}},{"start":{"line":377,"column":6},"end":{"line":378,"column":29}},{"start":{"line":379,"column":6},"end":{"line":380,"column":29}},{"start":{"line":381,"column":6},"end":{"line":393,"column":12}},{"start":{"line":394,"column":6},"end":{"line":395,"column":98}},{"start":{"line":396,"column":6},"end":{"line":397,"column":98}},{"start":{"line":398,"column":6},"end":{"line":399,"column":36}}]},"42":{"loc":{"start":{"line":382,"column":8},"end":{"line":390,"column":9}},"type":"if","locations":[{"start":{"line":382,"column":8},"end":{"line":390,"column":9}},{"start":{"line":384,"column":15},"end":{"line":390,"column":9}}]},"43":{"loc":{"start":{"line":384,"column":15},"end":{"line":390,"column":9}},"type":"if","locations":[{"start":{"line":384,"column":15},"end":{"line":390,"column":9}},{"start":{"line":386,"column":15},"end":{"line":390,"column":9}}]},"44":{"loc":{"start":{"line":386,"column":15},"end":{"line":390,"column":9}},"type":"if","locations":[{"start":{"line":386,"column":15},"end":{"line":390,"column":9}},{"start":{"line":388,"column":15},"end":{"line":390,"column":9}}]},"45":{"loc":{"start":{"line":388,"column":15},"end":{"line":390,"column":9}},"type":"if","locations":[{"start":{"line":388,"column":15},"end":{"line":390,"column":9}}]},"46":{"loc":{"start":{"line":392,"column":10},"end":{"line":392,"column":null}},"type":"binary-expr","locations":[{"start":{"line":392,"column":10},"end":{"line":392,"column":79}},{"start":{"line":392,"column":83},"end":{"line":392,"column":null}}]},"47":{"loc":{"start":{"line":395,"column":19},"end":{"line":395,"column":94}},"type":"binary-expr","locations":[{"start":{"line":395,"column":19},"end":{"line":395,"column":88}},{"start":{"line":395,"column":92},"end":{"line":395,"column":94}}]},"48":{"loc":{"start":{"line":397,"column":19},"end":{"line":397,"column":94}},"type":"binary-expr","locations":[{"start":{"line":397,"column":19},"end":{"line":397,"column":88}},{"start":{"line":397,"column":92},"end":{"line":397,"column":94}}]},"49":{"loc":{"start":{"line":399,"column":15},"end":{"line":399,"column":35}},"type":"binary-expr","locations":[{"start":{"line":399,"column":15},"end":{"line":399,"column":28}},{"start":{"line":399,"column":32},"end":{"line":399,"column":35}}]},"50":{"loc":{"start":{"line":411,"column":6},"end":{"line":415,"column":7}},"type":"if","locations":[{"start":{"line":411,"column":6},"end":{"line":415,"column":7}},{"start":{"line":413,"column":13},"end":{"line":415,"column":7}}]},"51":{"loc":{"start":{"line":411,"column":10},"end":{"line":411,"column":39}},"type":"binary-expr","locations":[{"start":{"line":411,"column":10}
[...]
line":429,"column":38},"end":{"line":429,"column":52}},"51":{"start":{"line":430,"column":2},"end":{"line":430,"column":15}},"52":{"start":{"line":435,"column":2},"end":{"line":435,"column":45}},"53":{"start":{"line":435,"column":34},"end":{"line":435,"column":45}},"54":{"start":{"line":436,"column":2},"end":{"line":436,"column":44}},"55":{"start":{"line":436,"column":34},"end":{"line":436,"column":44}},"56":{"start":{"line":437,"column":2},"end":{"line":437,"column":12}},"57":{"start":{"line":442,"column":2},"end":{"line":442,"column":45}},"58":{"start":{"line":442,"column":35},"end":{"line":442,"column":45}},"59":{"start":{"line":443,"column":2},"end":{"line":443,"column":47}},"60":{"start":{"line":443,"column":35},"end":{"line":443,"column":47}},"61":{"start":{"line":445,"column":15},"end":{"line":445,"column":17}},"62":{"start":{"line":446,"column":20},"end":{"line":446,"column":24}},"63":{"start":{"line":447,"column":24},"end":{"line":447,"column":32}},"64":{"start":{"line":449,"column":2},"end":{"line":455,"column":3}},"65":{"start":{"line":450,"column":4},"end":{"line":452,"column":5}},"66":{"start":{"line":451,"column":6},"end":{"line":451,"column":52}},"67":{"start":{"line":453,"column":4},"end":{"line":453,"column":60}},"68":{"start":{"line":454,"column":4},"end":{"line":454,"column":57}},"69":{"start":{"line":457,"column":2},"end":{"line":457,"column":16}},"70":{"start":{"line":462,"column":2},"end":{"line":462,"column":56}},"71":{"start":{"line":467,"column":2},"end":{"line":467,"column":56}},"72":{"start":{"line":472,"column":2},"end":{"line":472,"column":40}},"73":{"start":{"line":472,"column":30},"end":{"line":472,"column":40}},"74":{"start":{"line":473,"column":2},"end":{"line":473,"column":62}},"75":{"start":{"line":473,"column":52},"end":{"line":473,"column":62}},"76":{"start":{"line":475,"column":15},"end":{"line":475,"column":17}},"77":{"start":{"line":476,"column":10},"end":{"line":476,"column":12}},"78":{"start":{"line":477,"column":2},"end":{"line":480,"column":3}},"79":{"start":{"line":478,"column":4},"end":{"line":478,"column":40}},"80":{"start":{"line":479,"column":4},"end":{"line":479,"column":26}},"81":{"start":{"line":481,"column":2},"end":{"line":481,"column":16}},"82":{"start":{"line":490,"column":2},"end":{"line":490,"column":45}},"83":{"start":{"line":495,"column":2},"end":{"line":495,"column":68}},"84":{"start":{"line":500,"column":24},"end":{"line":500,"column":44}},"85":{"start":{"line":501,"column":22},"end":{"line":501,"column":40}},"86":{"start":{"line":502,"column":22},"end":{"line":502,"column":55}},"87":{"start":{"line":503,"column":20},"end":{"line":503,"column":51}},"88":{"start":{"line":505,"column":2},"end":{"line":505,"column":60}},"89":{"start":{"line":505,"column":47},"end":{"line":505,"column":60}},"90":{"start":{"line":507,"column":10},"end":{"line":507,"column":12}},"91":{"start":{"line":508,"column":19},"end":{"line":508,"column":58}},"92":{"start":{"line":510,"column":2},"end":{"line":514,"column":3}},"93":{"start":{"line":511,"column":18},"end":{"line":511,"column":77}},"94":{"start":{"line":512,"column":4},"end":{"line":512,"column":58}},"95":{"start":{"line":512,"column":46},"end":{"line":512,"column":58}},"96":{"start":{"line":513,"column":4},"end":{"line":513,"column":26}},"97":{"start":{"line":516,"column":2},"end":{"line":516,"column":15}},"98":{"start":{"line":521,"column":17},"end":{"line":521,"column":30}},"99":{"start":{"line":522,"column":17},"end":{"line":522,"column":30}},"100":{"start":{"line":523,"column":15},"end":{"line":523,"column":41}},"101":{"start":{"line":524,"column":15},"end":{"line":524,"column":41}},"102":{"start":{"line":526,"column":17},"end":{"line":526,"column":43}},"103":{"start":{"line":528,"column":10},"end":{"line":528,"column":12}},"104":{"start":{"line":529,"column":2},"end":{"line":537,"column":3}},"105":{"start":{"line":530,"column":18},"end":{"line":530,"column":44}},"106":{"start":{"line":531,"column":18},"end":{"line":531,"column":44}},"107":{"start":{"line":533,"column":4},"end":{"line":533,"column":66}},"108":{"start":{"line":533,"column":55},"end":{"line":533,"column":66}},"109":{"start":{"line":534,"column":4},"end":{"line":534,"column":65}},"110":{"start":{"line":534,"column":55},"end":{"line":534,"column":65}},"111":{"start":{"line":536,"column":4},"end":{"line":536,"column":26}},"112":{"start":{"line":539,"column":2},"end":{"line":539,"column":46}},"113":{"start":{"line":539,"column":35},"end":{"line":539,"column":46}},"114":{"start":{"line":540,"column":2},"end":{"line":540,"column":45}},"115":{"start":{"line":540,"column":35},"end":{"line":540,"column":45}},"116":{"start":{"line":541,"column":2},"end":{"line":541,"column":12}},"117":{"start":{"line":546,"column":19},"end":{"line":546,"column":34}},"118":{"start":{"line":547,"column":22},"end":{"line":547,"column":40}},"119":{"start":{"line":548,"column":20},"end":{"line":548,"column":51}},"120":{"start":{"line":550,"column":2},"end":{"line":550,"column":77}},"121":{"start":{"line":550,"column":64},"end":{"line":550,"column":77}},"122":{"start":{"line":552,"column":20},"end":{"line":552,"column":60}},"123":{"start":{"line":553,"column":2},"end":{"line":553,"column":50}},"124":{"start":{"line":558,"column":19},"end":{"line":558,"column":34}},"125":{"start":{"line":559,"column":22},"end":{"line":559,"column":40}},"126":{"start":{"line":560,"column":17},"end":{"line":560,"column":45}},"127":{"start":{"line":561,"column":20},"end":{"line":561,"column":51}},"128":{"start":{"line":563,"column":2},"end":{"line":563,"column":55}},"129":{"start":{"line":563,"column":42},"end":{"line":563,"column":55}},"130":{"start":{"line":565,"column":16},"end":{"line":565,"column":50}},"131":{"start":{"line":566,"column":20},"end":{"line":566,"column":60}},"132":{"start":{"line":567,"column":2},"end":{"line":567,"column":50}},"133":{"start":{"line":572,"column":19},"end":{"line":572,"column":34}},"134":{"start":{"line":573,"column":17},"end":{"line":573,"column":45}},"135":{"start":{"line":575,"column":23},"end":{"line":575,"column":72}},"136":{"start":{"line":576,"column":21},"end":{"line":576,"column":78}},"137":{"start":{"line":578,"column":22},"end":{"line":578,"column":73}},"138":{"start":{"line":579,"column":2},"end":{"line":579,"column":33}},"139":{"start":{"line":584,"column":27},"end":{"line":584,"column":29}},"140":{"start":{"line":585,"column":19},"end":{"line":585,"column":34}},"141":{"start":{"line":586,"column":25},"end":{"line":586,"column":46}},"142":{"start":{"line":587,"column":23},"end":{"line":587,"column":57}},"143":{"start":{"line":589,"column":2},"end":{"line":599,"column":3}},"144":{"start":{"line":591,"column":19},"end":{"line":591,"column":47}},"145":{"start":{"line":592,"column":12},"end":{"line":592,"column":14}},"146":{"start":{"line":593,"column":4},"end":{"line":597,"column":5}},"147":{"start":{"line":594,"column":24},"end":{"line":594,"column":71}},"148":{"start":{"line":595,"column":6},"end":{"line":595,"column":41}},"149":{"start":{"line":596,"column":6},"end":{"line":596,"column":28}},"150":{"start":{"line":598,"column":4},"end":{"line":598,"column":18}},"151":{"start":{"line":601,"column":19},"end":{"line":601,"column":21}},"152":{"start":{"line":602,"column":17},"end":{"line":602,"column":45}},"153":{"start":{"line":604,"column":2},"end":{"line":623,"column":3}},"154":{"start":{"line":605,"column":22},"end":{"line":605,"column":57}},"155":{"start":{"line":606,"column":4},"end":{"line":611,"column":5}},"156":{"start":{"line":608,"column":24},"end":{"line":608,"column":69}},"157":{"start":{"line":609,"column":6},"end":{"line":609,"column":41}},"158":{"start":{"line":610,"column":6},"end":{"line":610,"column":12}},"159":{"start":{"line":614,"column":23},"end":{"line":614,"column":98}},"160":{"start":{"line":615,"column":4},"end":{"line":622,"column":5}},"161":{"start":{"line":617,"column":24},"end":{"line":617,"column":73}},"162":{"start":{"line":618,"column":6},"end":{"line":618,"column":41}},"163":{"start":{"line":619,"column":6},"end":{"line":619,"column":56}},"164":{"start":{"line":621,"column":6},"end":{"line":621,"column":46}},"165":{"start":{"line":625,"column":2},"end":{"line":625,"column":16}}},"fnMap":{"0":{"name":"contract","decl":{"start":{"line":95,"column":16},"end":{"line":95,"column":24}},"loc":{"start":{"line":95,"column":37},"end":{"line":101,"column":1}}},"1":{"name":"(anonymous_1)","decl":{"start":{"line":96,"column":9},"end":{"line":96,"column":57}},"loc":{"start":{"line":96,"column":66},"end":{"line":100,"column":3}}},"2":{"name":"datum","decl":{"start":{"line":103,"column":16},"end":{"line":103,"column":21}},"loc":{"start":{"line":103,"column":54},"end":{"line":107,"column":1}}},"3":{"name":"validator","decl":{"start":{"line":109,"column":16},"end":{"line":109,"column":25}},"loc":{"start":{"line":109,"column":41},"end":{"line":119,"column":1}}},"4":{"name":"(anonymous_4)","decl":{"start":{"line":110,"column":9},"end":{"line":110,"column":19}},"loc":{"start":{"line":110,"column":83},"end":{"line":118,"column":3}}},"5":{"name":"pubKeyHash","decl":{"start":{"line":122,"column":16},"end":{"line":122,"column":26}},"loc":{"start":{"line":122,"column":39},"end":{"line":124,"column":1}}},"6":{"name":"scriptHash","decl":{"start":{"line":126,"column":16},"end":{"line":126,"column":26}},"loc":{"start":{"line":126,"column":39},"end":{"line":128,"column":1}}},"7":{"name":"ada","decl":{"start":{"line":130,"column":16},"end":{"line":130,"column":19}},"loc":{"start":{"line":130,"column":34},"end":{"line":132,"column":1}}},"8":{"name":"assetName","decl":{"start":{"line":134,"column":16},"end":{"line":134,"column":25}},"loc":{"start":{"line":134,"column":38},"end":{"line":136,"column":1}}},"9":{"name":"policyId","decl":{"start":{"line":138,"column":16},"end":{"line":138,"column":24}},"loc":{"start":{"line":138,"column":35},"end":{"line":140,"column":1}}},"10":{"name":"(anonymous_10)","decl":{"start":{"line":290,"column":20},"end":{"line":290,"column":24}},"loc":{"start":{"line":290,"column":49},"end":{"line":290,"column":72}}},"11":{"name":"convenienceAbs","decl":{"start":{"line":412,"column":16},"end":{"line":412,"column":30}},"loc":{"start":{"line":412,"column":41},"end":{"line":414,"column":1}}},"12":{"name":"convenienceMin","decl":{"start":{"line":417,"column":16},"end":{"line":417,"column":30}},"loc":{"start":{"line":417,"column":45},"end":{"line":419,"column":1}}},"13":{"name":"convenienceMax","decl":{"start":{"line":422,"column":16},"end":{"line":422,"column":30}},"loc":{"start":{"line":422,"column":45},"end":{"line":424,"column":1}}},"14":{"name":"convenienceClamp","decl":{"start":{"line":427,"column":16},"end":{"line":427,"column":32}},"loc":{"start":{"line":427,"column":69},"end":{"line":431,"column":1}}},"15":{"name":"convenienceSign","decl":{"start":{"line":434,"column":16},"end":{"line":434,"column":31}},"loc":{"start":{"line":434,"column":42},"end":{"line":438,"column":1}}},"16":{"name":"conveniencePow","decl":{"start":{"line":441,"column":16},"end":{"line":441,"column":30}},"loc":{"start":{"line":441,"column":55},"end":{"line":458,"column":1}}},"17":{"name":"convenienceIsEven","decl":{"start":{"line":461,"column":16},"end":{"line":461,"column":33}},"loc":{"start":{"line":461,"column":44},"end":{"line":463,"column":1}}},"18":{"name":"convenienceIsOdd","decl":{"start":{"line":466,"column":16},"end":{"line":466,"column":32}},"loc":{"start":{"line":466,"column":43},"end":{"line":468,"column":1}}},"19":{"name":"convenienceFactorial","decl":{"start":{"line":471,"column":16},"end":{"line":471,"column":36}},"loc":{"start":{"line":471,"column":43},"end":{"line":482,"column":1}}},"20":{"name":"convenienceStringLength","decl":{"start":{"line":489,"column":16},"end":{"line":489,"column":39}},"loc":{"start":{"line":489,"column":51},"end":{"line":491,"column":1}}},"21":{"name":"convenienceStringConcat","decl":{"start":{"line":494,"column":16},"end":{"line":494,"column":39}},"loc":{"start":{"line":494,"column":60},"end":{"line":496,"column":1}}},"22":{"name":"convenienceStringContains","decl":{"start":{"line":499,"column":16},"end":{"line":499,"column":41}},"loc":{"start":{"line":499,"column":74},"end":{"line":517,"column":1}}},"23":{"name":"convenienceStringCompare","decl":{"start":{"line":520,"column":16},"end":{"line":520,"column":40}},"loc":{"start":{"line":520,"column":61},"end":{"line":542,"column":1}}},"24":{"name":"convenienceStringStartsWith","decl":{"start":{"line":545,"column":16},"end":{"line":545,"column":43}},"loc":{"start":{"line":545,"column":71},"end":{"line":554,"column":1}}},"25":{"name":"convenienceStringEndsWith","decl":{"start":{"line":557,"column":16},"end":{"line":557,"column":41}},"loc":{"start":{"line":557,"column":69},"end":{"line":568,"column":1}}},"26":{"name":"convenienceSubstring","decl":{"start":{"line":571,"column":16},"end":{"line":571,"column":36}},"loc":{"start":{"line":571,"column":70},"end":{"line":580,"column":1}}},"27":{"name":"convenienceStringSplit","decl":{"start":{"line":583,"column":16},"end":{"line":583,"column":38}},"loc":{"start":{"line":583,"column":69},"end":{"line":626,"column":1}}}},"branchMap":{"0":{"loc":{"start":{"line":104,"column":18},"end":{"line":104,"column":59}},"type":"binary-expr","locations":[{"start":{"line":104,"column":18},"end":{"line":104,"column":53}},{"start":{"line":104,"column":57},"end":{"line":104,"column":59}}]},"1":{"loc":{"start":{"line":111,"column":24},"end":{"line":111,"column":69}},"type":"binary-expr","locations":[{"start":{"line":111,"column":24},"end":{"line":111,"column":63}},{"start":{"line":111,"column":67},"end":{"line":111,"column":69}}]},"2":{"loc":{"start":{"line":413,"column":9},"end":{"line":413,"column":72}},"type":"cond-expr","locations":[{"start":{"line":413,"column":38},"end":{"line":413,"column":64}},{"start":{"line":413,"column":67},"end":{"line":413,"column":72}}]},"3":{"loc":{"start":{"line":418,"column":9},"end":{"line":418,"column":38}},"type":"cond-expr","locations":[{"start":{"line":418,"column":33},"end":{"line":418,"column":34}},{"start":{"line":418,"column":37},"end":{"line":418,"column":38}}]},"4":{"loc":{"start":{"line":423,"column":9},"end":{"line":423,"column":38}},"type":"cond-expr","locations":[{"start":{"line":423,"column":33},"end":{"line":423,"column":34}},{"start":{"line":423,"column":37},"end":{"line":423,"column":38}}]},"5":{"loc":{"start":{"line":428,"column":2},"end":{"line":428,"column":52}},"type":"if","locations":[{"start":{"line":428,"column":2},"end":{"line":428,"column":52}}]},"6":{"loc":{"start":{"line":429,"column":2},"end":{"line":429,"column":52}},"type":"if","locations":[{"start":{"line":429,"column":2},"end":{"line":429,"column":52}}]},"7":{"loc":{"start":{"line":435,"column":2},"end":{"line":435,"column":45}},"type":"if","locations":[{"start":{"line":435,"column":2},"end":{"line":435,"column":45}}]},"8":{"loc":{"start":{"line":436,"column":2},"end":{"line":436,"column":44}},"type":"if","locations":[{"start":{"line":436,"column":2},"end":{"line":436,"column":44}}]},"9":{"loc":{"start":{"line":442,"column":2},"end":{"line":442,"column":45}},"type":"if","locations":[{"start":{"line":442,"column":2},"end":{"line":442,"column":45}}]},"10":{"loc":{"start":{"line":443,"column":2},"end":{"line":443,"column":47}},"type":"if","locations":[{"start":{"line":443,"column":2},"end":{"line":443,"column":47}}]},"11":{"loc":{"start":{"line":450,"column":4},"end":{"line":452,"column":5}},"type":"if","locations":[{"start":{"line":450,"column":4},"end":{"line":452,"column":5}}]},"12":{"loc":{"start":{"line":472,"column":2},"end":{"line":472,"column":40}},"type":"if","locations":[{"start":{"line":472,"column":2},"end":{"line":472,"column":40}}]},"13":{"loc":{"start":{"line":473,"column":2},"end":{"line":473,"column":62}},"type":"if","locations":[{"start":{"line":473,"column":2},"end":{"line":473,"column":62}}]},"14":{"loc":{"start":{"line":473,"column":6},"end":{"line":473,"column":50}},"type":"binary-expr","locations":[{"start":{"line":473,"column":6},"end":{"line":473,"column":26}},{"start":{"line":473,"column":30},"end":{"line":473,"column":50}}]},"15":{"loc":{"start":{"line":505,"column":2},"end":{"line":505,"column":60}},"type":"if","locations":[{"start":{"line":505,"column":2},"end":{"line":505,"column":60}}]},"16":{"loc":{"start":{"line":512,"column":4},"end":{"line":512,"column":58}},"type":"if","locations":[{"start":{"line":512,"column":4},"end":{"line":512,"column":58}}]},"17":{"loc":{"start":{"line":533,"column":4},"end":{"line":533,"column":66}},"type":"if","locations":[{"start":{"line":533,"column":4},"end":{"line":533,"column":66}}]},"18":{"loc":{"start":{"line":534,"column":4},"end":{"line":534,"column":65}},"type":"if","locations":[{"start":{"line":534,"column":4},"end":{"line":534,"column":65}}]},"19":{"loc":{"start":{"line":539,"column":2},"end":{"line":539,"column":46}},"type":"if","locations":[{"start":{"line":539,"column":2},"end":{"line":539,"column":46}}]},"20":{"loc":{"start":{"line":540,"column":2},"end":{"line":540,"column":45}},"type":"if","locations":[{"start":{"line":540,"column":2},"end":{"line":540,"column":45}}]},"21":{"loc":{"start":{"line":550,"column":2},"end":{"line":550,"column":77}},"type":"if","locations":[{"start":{"line":550,"column":2},"end":{"line":550,"column":77}}]},"22":{"loc":{"start":{"line":563,"column":2},"end":{"line":563,"column":55}},"type":"if","locations":[{"start":{"line":563,"column":2},"end":{"line":563,"column":55}}]},"23":{"loc":{"start":{"line":589,"column":2},"end":{"line":599,"column":3}},"type":"if","locations":[{"start":{"line":589,"column":2},"end":{"line":599,"column":3}}]},"24":{"loc":{"start":{"line":606,"column":4},"end":{"line":611,"column":5}},"type":"if","locations":[{"start":{"line":606,"column":4},"end":{"line":611,"column":5}}]},"25":{"loc":{"start":{"line":615,"column":4},"end":{"line":622,"column":5}},"type":"if","locations":[{"start":{"line":615,"column":4},"end":{"line":622,"column":5}},{"start":{"line":620,"column":11},"end":{"line":622,"column":5}}]}},"s":{"0":0,"1":0,"2":0,"3":0,"4":0,"5":0,"6":0,"7":0,"8":0,"9":0,"10":0,"11":0,"12":0,"13":0,"14":0,"15":0,"16":0,"17":0,"18":0,"19":0,"20":0,"21":0,"22":0,"23":0,"24":0,"25":0,"26":0,"27":0,"28":0,"29":0,"30":0,"31":0,"32":0,"33":0,"34":0,"35":0,"36":0,"37":0,"38":0,"39":0,"40":0,"41":0,"42":0,"43":0,"44":0,"45":0,"46":0,"47":0,"48":0,"49":0,"50":0,"51":0,"52":0,"53":0,"54":0,"55":0,"56":0,"57":0,"58":0,"59":0,"60":0,"61":0,"62":0,"63":0,"64":0,"65":0,"66":0,"67":0,"68":0,"69":0,"70":0,"71":0,"72":0,"73":0,"74":0,"75":0,"76":0,"77":0,"78":0,"79":0,"80":0,"81":0,"82":0,"83":0,"84":0,"85":0,"86":0,"87":0,"88":0,"89":0,"90":0,"91":0,"92":0,"93":0,"94":0,"95":0,"96":0,"97":0,"98":0,"99":0,"100":0,"101":0,"102":0,"103":0,"104":0,"105":0,"106":0,"107":0,"108":0,"109":0,"110":0,"111":0,"112":0,"113":0,"114":0,"115":0,"116":0,"117":0,"118":0,"119":0,"120":0,"121":0,"122":0,"123":0,"124":0,"125":0,"126":0,"127":0,"128":0,"129":0,"130":0,"131":0,"132":0,"133":0,"134":0,"135":0,"136":0,"137":0,"138":0,"139":0,"140":0,"141":0,"142":0,"143":0,"144":0,"145":0,"146":0,"147":0,"148":0,"149":0,"150":0,"151":0,"152":0,"153":0,"154":0,"155":0,"156":0,"157":0,"158":0,"159":0,"160":0,"161":0,"162":0,"163":0,"164":0,"165":0},"f":{"0":0,"1":0,"2":0,"3":0,"4":0,"5":0,"6":0,"7":0,"8":0,"9":0,"10":0,"11":0,"12":0,"13":0,"14":0,"15":0,"16":0,"17":0,"18":0,"19":0,"20":0,"21":0,"22":0,"23":0,"24":0,"25":0,"26":0,"27":0},"b":{"0":[0,0],"1":[0,0],"2":[0,0],"3":[0,0],"4":[0,0],"5":[0],"6":[0],"7":[0],"8":[0],"9":[0],"10":[0],"11":[0],"12":[0],"13":[0],"14":[0,0],"15":[0],"16":[0],"17":[0],"18":[0],"19":[0],"20":[0],"21":[0],"22":[0],"23":[0],"24":[0],"25":[0,0]}}
,"/workspaces/AikScript/typescript-transpiler/src/types/index.ts": {"path":"/workspaces/AikScript/typescript-transpiler/src/types/index.ts","statementMap":{"0":{"start":{"line":2,"column":0},"end":{"line":2,"column":26}}},"fnMap":{},"branchMap":{},"s":{"0":0},"f":{},"b":{}}
}
