{"/workspaces/AikScript/typescript-transpiler/src/index.ts": {"path":"/workspaces/AikScript/typescript-transpiler/src/index.ts","statementMap":{"0":{"start":{"line":2,"column":0},"end":{"line":2,"column":9}},"1":{"start":{"line":2,"column":9},"end":{"line":2,"column":50}},"2":{"start":{"line":3,"column":0},"end":{"line":3,"column":9}},"3":{"start":{"line":3,"column":9},"end":{"line":3,"column":59}},"4":{"start":{"line":4,"column":0},"end":{"line":4,"column":9}},"5":{"start":{"line":4,"column":9},"end":{"line":4,"column":49}},"6":{"start":{"line":5,"column":0},"end":{"line":5,"column":9}},"7":{"start":{"line":5,"column":9},"end":{"line":5,"column":49}},"8":{"start":{"line":6,"column":0},"end":{"line":6,"column":9}},"9":{"start":{"line":6,"column":9},"end":{"line":6,"column":54}},"10":{"start":{"line":7,"column":0},"end":{"line":7,"column":9}},"11":{"start":{"line":7,"column":9},"end":{"line":7,"column":64}},"12":{"start":{"line":8,"column":0},"end":{"line":8,"column":9}},"13":{"start":{"line":8,"column":9},"end":{"line":8,"column":42}},"14":{"start":{"line":9,"column":0},"end":{"line":9,"column":9}},"15":{"start":{"line":9,"column":9},"end":{"line":9,"column":57}},"16":{"start":{"line":10,"column":0},"end":{"line":10,"column":24}}},"fnMap":{"0":{"name":"(anonymous_4)","decl":{"start":{"line":2,"column":9},"end":{"line":2,"column":24}},"loc":{"start":{"line":2,"column":9},"end":{"line":2,"column":50}}},"1":{"name":"(anonymous_5)","decl":{"start":{"line":3,"column":9},"end":{"line":3,"column":30}},"loc":{"start":{"line":3,"column":9},"end":{"line":3,"column":59}}},"2":{"name":"(anonymous_6)","decl":{"start":{"line":4,"column":9},"end":{"line":4,"column":22}},"loc":{"start":{"line":4,"column":9},"end":{"line":4,"column":49}}},"3":{"name":"(anonymous_7)","decl":{"start":{"line":5,"column":9},"end":{"line":5,"column":25}},"loc":{"start":{"line":5,"column":9},"end":{"line":5,"column":49}}},"4":{"name":"(anonymous_8)","decl":{"start":{"line":6,"column":9},"end":{"line":6,"column":25}},"loc":{"start":{"line":6,"column":9},"end":{"line":6,"column":54}}},"5":{"name":"(anonymous_9)","decl":{"start":{"line":7,"column":9},"end":{"line":7,"column":36}},"loc":{"start":{"line":7,"column":9},"end":{"line":7,"column":64}}},"6":{"name":"(anonymous_10)","decl":{"start":{"line":8,"column":9},"end":{"line":8,"column":19}},"loc":{"start":{"line":8,"column":9},"end":{"line":8,"column":42}}},"7":{"name":"(anonymous_11)","decl":{"start":{"line":9,"column":9},"end":{"line":9,"column":29}},"loc":{"start":{"line":9,"column":9},"end":{"line":9,"column":57}}}},"branchMap":{},"s":{"0":0,"1":0,"2":0,"3":0,"4":0,"5":0,"6":0,"7":0,"8":0,"9":0,"10":0,"11":0,"12":0,"13":0,"14":0,"15":0,"16":0},"f":{"0":0,"1":0,"2":0,"3":0,"4":0,"5":0,"6":0,"7":0},"b":{}}
,"/workspaces/AikScript/typescript-transpiler/src/cli/index.ts": {"path":"/workspaces/AikScript/typescript-transpiler/src/cli/index.ts","statementMap":{"0":{"start":{"line":3,"column":0},"end":{"line":3,"column":25}},"1":{"start":{"line":4,"column":0},"end":{"line":4,"column":29}},"2":{"start":{"line":5,"column":0},"end":{"line":5,"column":36}},"3":{"start":{"line":6,"column":0},"end":{"line":6,"column":65}},"4":{"start":{"line":81,"column":16},"end":{"line":81,"column":29}},"5":{"start":{"line":83,"column":0},"end":{"line":86,"column":20}},"6":{"start":{"line":95,"column":0},"end":{"line":207,"column":5}},"7":{"start":{"line":101,"column":4},"end":{"line":206,"column":5}},"8":{"start":{"line":102,"column":25},"end":{"line":102,"column":58}},"9":{"start":{"line":104,"column":24},"end":{"line":104,"column":43}},"10":{"start":{"line":108,"column":6},"end":{"line":125,"column":7}},"11":{"start":{"line":109,"column":8},"end":{"line":109,"column":42}},"12":{"start":{"line":112,"column":29},"end":{"line":112,"column":68}},"13":{"start":{"line":113,"column":8},"end":{"line":124,"column":9}},"14":{"start":{"line":114,"column":32},"end":{"line":114,"column":70}},"15":{"start":{"line":115,"column":32},"end":{"line":115,"column":89}},"16":{"start":{"line":116,"column":27},"end":{"line":116,"column":62}},"17":{"start":{"line":117,"column":10},"end":{"line":117,"column":66}},"18":{"start":{"line":119,"column":10},"end":{"line":123,"column":12}},"19":{"start":{"line":128,"column":24},"end":{"line":128,"column":48}},"20":{"start":{"line":129,"column":6},"end":{"line":131,"column":7}},"21":{"start":{"line":130,"column":8},"end":{"line":130,"column":53}},"22":{"start":{"line":133,"column":21},"end":{"line":138,"column":8}},"23":{"start":{"line":140,"column":6},"end":{"line":140,"column":67}},"24":{"start":{"line":142,"column":6},"end":{"line":145,"column":7}},"25":{"start":{"line":143,"column":8},"end":{"line":143,"column":62}},"26":{"start":{"line":144,"column":8},"end":{"line":144,"column":24}},"27":{"start":{"line":147,"column":21},"end":{"line":147,"column":47}},"28":{"start":{"line":149,"column":6},"end":{"line":202,"column":7}},"29":{"start":{"line":150,"column":8},"end":{"line":150,"column":49}},"30":{"start":{"line":151,"column":8},"end":{"line":151,"column":61}},"31":{"start":{"line":154,"column":31},"end":{"line":154,"column":70}},"32":{"start":{"line":155,"column":8},"end":{"line":194,"column":9}},"33":{"start":{"line":156,"column":10},"end":{"line":193,"column":11}},"34":{"start":{"line":157,"column":43},"end":{"line":157,"column":95}},"35":{"start":{"line":160,"column":33},"end":{"line":160,"column":64}},"36":{"start":{"line":161,"column":43},"end":{"line":162,"column":null}},"37":{"start":{"line":162,"column":38},"end":{"line":162,"column":79}},"38":{"start":{"line":165,"column":50},"end":{"line":181,"column":14}},"39":{"start":{"line":183,"column":12},"end":{"line":187,"column":13}},"40":{"start":{"line":184,"column":14},"end":{"line":184,"column":75}},"41":{"start":{"line":186,"column":14},"end":{"line":186,"column":55}},"42":{"start":{"line":189,"column":12},"end":{"line":189,"column":82}},"43":{"start":{"line":190,"column":12},"end":{"line":190,"column":77}},"44":{"start":{"line":192,"column":12},"end":{"line":192,"column":90}},"45":{"start":{"line":196,"column":8},"end":{"line":196,"column":57}},"46":{"start":{"line":197,"column":8},"end":{"line":197,"column":38}},"47":{"start":{"line":198,"column":8},"end":{"line":198,"column":38}},"48":{"start":{"line":200,"column":8},"end":{"line":200,"column":46}},"49":{"start":{"line":201,"column":8},"end":{"line":201,"column":24}},"50":{"start":{"line":204,"column":6},"end":{"line":204,"column":77}},"51":{"start":{"line":205,"column":6},"end":{"line":205,"column":22}},"52":{"start":{"line":209,"column":0},"end":{"line":473,"column":5}},"53":{"start":{"line":214,"column":4},"end":{"line":472,"column":5}},"54":{"start":{"line":215,"column":26},"end":{"line":215,"column":51}},"55":{"start":{"line":217,"column":6},"end":{"line":220,"column":7}},"56":{"start":{"line":218,"column":8},"end":{"line":218,"column":68}},"57":{"start":{"line":219,"column":8},"end":{"line":219,"column":24}},"58":{"start":{"line":222,"column":6},"end":{"line":222,"column":75}},"59":{"start":{"line":225,"column":19},"end":{"line":233,"column":8}},"60":{"start":{"line":235,"column":6},"end":{"line":237,"column":9}},"61":{"start":{"line":236,"column":8},"end":{"line":236,"column":71}},"62":{"start":{"line":240,"column":24},"end":{"line":258,"column":2}},"63":{"start":{"line":260,"column":6},"end":{"line":260,"column":72}},"64":{"start":{"line":263,"column":25},"end":{"line":300,"column":8}},"65":{"start":{"line":302,"column":6},"end":{"line":302,"column":99}},"66":{"start":{"line":305,"column":31},"end":{"line":311,"column":2}},"67":{"start":{"line":313,"column":6},"end":{"line":313,"column":79}},"68":{"start":{"line":316,"column":21},"end":{"line":350,"column":2}},"69":{"start":{"line":352,"column":6},"end":{"line":352,"column":68}},"70":{"start":{"line":355,"column":25},"end":{"line":373,"column":2}},"71":{"start":{"line":375,"column":6},"end":{"line":375,"column":107}},"72":{"start":{"line":378,"column":35},"end":{"line":383,"column":2}},"73":{"start":{"line":385,"column":6},"end":{"line":385,"column":98}},"74":{"start":{"line":388,"column":30},"end":{"line":403,"column":2}},"75":{"start":{"line":405,"column":6},"end":{"line":405,"column":88}},"76":{"start":{"line":406,"column":6},"end":{"line":406,"column":89}},"77":{"start":{"line":407,"column":6},"end":{"line":407,"column":103}},"78":{"start":{"line":410,"column":24},"end":{"line":435,"column":2}},"79":{"start":{"line":437,"column":6},"end":{"line":437,"column":85}},"80":{"start":{"line":439,"column":6},"end":{"line":439,"column":67}},"81":{"start":{"line":440,"column":6},"end":{"line":440,"column":45}},"82":{"start":{"line":441,"column":6},"end":{"line":441,"column":40}},"83":{"start":{"line":442,"column":6},"end":{"line":442,"column":39}},"84":{"start":{"line":443,"column":6},"end":{"line":443,"column":38}},"85":{"start":{"line":444,"column":6},"end":{"line":444,"column":39}},"86":{"start":{"line":445,"column":6},"end":{"line":445,"column":40}},"87":{"start":{"line":446,"column":6},"end":{"line":446,"column":37}},"88":{"start":{"line":447,"column":6},"end":{"line":447,"column":43}},"89":{"start":{"line":448,"column":6},"end":{"line":448,"column":63}},"90":{"start":{"line":449,"column":6},"end":{"line":449,"column":35}},"91":{"start":{"line":450,"column":6},"end":{"line":450,"column":42}},"92":{"start":{"line":451,"column":6},"end":{"line":451,"column":33}},"93":{"start":{"line":452,"column":6},"end":{"line":452,"column":33}},"94":{"start":{"line":453,"column":6},"end":{"line":453,"column":40}},"95":{"start":{"line":454,"column":6},"end":{"line":454,"column":37}},"96":{"start":{"line":455,"column":6},"end":{"line":455,"column":45}},"97":{"start":{"line":456,"column":6},"end":{"line":456,"column":43}},"98":{"start":{"line":457,"column":6},"end":{"line":457,"column":44}},"99":{"start":{"line":458,"column":6},"end":{"line":458,"column":50}},"100":{"start":{"line":459,"column":6},"end":{"line":459,"column":40}},"101":{"start":{"line":460,"column":6},"end":{"line":460,"column":47}},"102":{"start":{"line":462,"column":6},"end":{"line":462,"column":35}},"103":{"start":{"line":463,"column":6},"end":{"line":463,"column":41}},"104":{"start":{"line":464,"column":6},"end":{"line":464,"column":35}},"105":{"start":{"line":465,"column":6},"end":{"line":465,"column":37}},"106":{"start":{"line":466,"column":6},"end":{"line":466,"column":69}},"107":{"start":{"line":467,"column":6},"end":{"line":467,"column":35}},"108":{"start":{"line":468,"column":6},"end":{"line":468,"column":35}},"109":{"start":{"line":470,"column":6},"end":{"line":470,"column":79}},"110":{"start":{"line":471,"column":6},"end":{"line":471,"column":22}},"111":{"start":{"line":475,"column":0},"end":{"line":481,"column":5}},"112":{"start":{"line":480,"column":4},"end":{"line":480,"column":80}},"113":{"start":{"line":489,"column":0},"end":{"line":775,"column":5}},"114":{"start":{"line":494,"column":4},"end":{"line":774,"column":5}},"115":{"start":{"line":495,"column":26},"end":{"line":495,"column":51}},"116":{"start":{"line":497,"column":6},"end":{"line":500,"column":7}},"117":{"start":{"line":498,"column":8},"end":{"line":498,"column":68}},"118":{"start":{"line":499,"column":8},"end":{"line":499,"column":24}},"119":{"start":{"line":502,"column":6},"end":{"line":502,"column":71}},"120":{"start":{"line":505,"column":19},"end":{"line":513,"column":8}},"121":{"start":{"line":515,"column":6},"end":{"line":517,"column":9}},"122":{"start":{"line":516,"column":8},"end":{"line":516,"column":71}},"123":{"start":{"line":520,"column":24},"end":{"line":538,"column":2}},"124":{"start":{"line":540,"column":6},"end":{"line":540,"column":72}},"125":{"start":{"line":543,"column":26},"end":{"line":555,"column":8}},"126":{"start":{"line":557,"column":6},"end":{"line":560,"column":8}},"127":{"start":{"line":563,"column":25},"end":{"line":600,"column":8}},"128":{"start":{"line":602,"column":6},"end":{"line":602,"column":99}},"129":{"start":{"line":605,"column":31},"end":{"line":611,"column":2}},"130":{"start":{"line":613,"column":6},"end":{"line":613,"column":79}},"131":{"start":{"line":616,"column":21},"end":{"line":650,"column":2}},"132":{"start":{"line":652,"column":6},"end":{"line":652,"column":68}},"133":{"start":{"line":655,"column":25},"end":{"line":673,"column":2}},"134":{"start":{"line":675,"column":6},"end":{"line":675,"column":107}},"135":{"start":{"line":678,"column":35},"end":{"line":683,"column":2}},"136":{"start":{"line":685,"column":6},"end":{"line":685,"column":98}},"137":{"start":{"line":688,"column":30},"end":{"line":703,"column":2}},"138":{"start":{"line":705,"column":6},"end":{"line":705,"column":88}},"139":{"start":{"line":706,"column":6},"end":{"line":706,"column":89}},"140":{"start":{"line":707,"column":6},"end":{"line":707,"column":103}},"141":{"start":{"line":710,"column":24},"end":{"line":735,"column":2}},"142":{"start":{"line":737,"column":6},"end":{"line":737,"column":85}},"143":{"start":{"line":739,"column":6},"end":{"line":739,"column":67}},"144":{"start":{"line":740,"column":6},"end":{"line":740,"column":43}},"145":{"start":{"line":741,"column":6},"end":{"line":741,"column":40}},"146":{"start":{"line":742,"column":6},"end":{"line":742,"column":39}},"147":{"start":{"line":743,"column":6},"end":{"line":743,"column":38}},"148":{"start":{"line":744,"column":6},"end":{"line":744,"column":39}},"149":{"start":{"line":745,"column":6},"end":{"line":745,"column":40}},"150":{"start":{"line":746,"column":6},"end":{"line":746,"column":37}},"151":{"start":{"line":747,"column":6},"end":{"line":747,"column":43}},"152":{"start":{"line":748,"column":6},"end":{"line":748,"column":63}},"153":{"start":{"line":749,"column":6},"end":{"line":749,"column":35}},"154":{"start":{"line":750,"column":6},"end":{"line":750,"column":42}},"155":{"start":{"line":751,"column":6},"end":{"line":751,"column":33}},"156":{"start":{"line":752,"column":6},"end":{"line":752,"column":33}},"157":{"start":{"line":753,"column":6},"end":{"line":753,"column":40}},"158":{"start":{"line":754,"column":6},"end":{"line":754,"column":37}},"159":{"start":{"line":755,"column":6},"end":{"line":755,"column":45}},"160":{"start":{"line":756,"column":6},"end":{"line":756,"column":43}},"161":{"start":{"line":757,"column":6},"end":{"line":757,"column":44}},"162":{"start":{"line":758,"column":6},"end":{"line":758,"column":50}},"163":{"start":{"line":759,"column":6},"end":{"line":759,"column":40}},"164":{"start":{"line":760,"column":6},"end":{"line":760,"column":47}},"165":{"start":{"line":761,"column":6},"end":{"line":761,"column":22}},"166":{"start":{"line":762,"column":6},"end":{"line":762,"column":36}},"167":{"start":{"line":763,"column":6},"end":{"line":763,"column":42}},"168":{"start":{"line":764,"column":6},"end":{"line":764,"column":36}},"169":{"start":{"line":765,"column":6},"end":{"line":765,"column":38}},"170":{"start":{"line":766,"column":6},"end":{"line":766,"column":22}},"171":{"start":{"line":767,"column":6},"end":{"line":767,"column":67}},"172":{"start":{"line":768,"column":6},"end":{"line":768,"column":36}},"173":{"start":{"line":769,"column":6},"end":{"line":769,"column":36}},"174":{"start":{"line":772,"column":6},"end":{"line":772,"column":60}},"175":{"start":{"line":773,"column":6},"end":{"line":773,"column":22}},"176":{"start":{"line":781,"column":0},"end":{"line":926,"column":5}},"177":{"start":{"line":785,"column":4},"end":{"line":925,"column":5}},"178":{"start":{"line":786,"column":6},"end":{"line":786,"column":54}},"179":{"start":{"line":789,"column":28},"end":{"line":789,"column":66}},"180":{"start":{"line":790,"column":6},"end":{"line":794,"column":7}},"181":{"start":{"line":791,"column":8},"end":{"line":791,"column":87}},"182":{"start":{"line":792,"column":8},"end":{"line":792,"column":67}},"183":{"start":{"line":793,"column":8},"end":{"line":793,"column":24}},"184":{"start":{"line":797,"column":23},"end":{"line":797,"column":65}},"185":{"start":{"line":798,"column":30},"end":{"line":798,"column":79}},"186":{"start":{"line":800,"column":6},"end":{"line":803,"column":7}},"187":{"start":{"line":801,"column":8},"end":{"line":801,"column":88}},"188":{"start":{"line":802,"column":8},"end":{"line":802,"column":24}},"189":{"start":{"line":806,"column":26},"end":{"line":825,"column":7}},"190":{"start":{"line":807,"column":32},"end":{"line":807,"column":34}},"191":{"start":{"line":808,"column":8},"end":{"line":808,"column":46}},"192":{"start":{"line":808,"column":33},"end":{"line":808,"column":46}},"193":{"start":{"line":810,"column":22},"end":{"line":810,"column":41}},"194":{"start":{"line":812,"column":8},"end":{"line":822,"column":9}},"195":{"start":{"line":813,"column":27},"end":{"line":813,"column":47}},"196":{"start":{"line":814,"column":23},"end":{"line":814,"column":44}},"197":{"start":{"line":816,"column":10},"end":{"line":821,"column":11}},"198":{"start":{"line":818,"column":12},"end":{"line":818,"column":49}},"199":{"start":{"line":819,"column":17},"end":{"line":821,"column":11}},"200":{"start":{"line":820,"column":12},"end":{"line":820,"column":33}},"201":{"start":{"line":824,"column":8},"end":{"line":824,"column":21}},"202":{"start":{"line":827,"column":23},"end":{"line":827,"column":44}},"203":{"start":{"line":828,"column":29},"end":{"line":828,"column":57}},"204":{"start":{"line":829,"column":22},"end":{"line":829,"column":54}},"205":{"start":{"line":831,"column":6},"end":{"line":835,"column":7}},"206":{"start":{"line":832,"column":8},"end":{"line":832,"column":68}},"207":{"start":{"line":833,"column":8},"end":{"line":833,"column":52}},"208":{"start":{"line":834,"column":8},"end":{"line":834,"column":15}},"209":{"start":{"line":837,"column":6},"end":{"line":837,"column":67}},"210":{"start":{"line":840,"column":25},"end":{"line":840,"column":58}},"211":{"start":{"line":841,"column":23},"end":{"line":841,"column":24}},"212":{"start":{"line":842,"column":26},"end":{"line":842,"column":27}},"213":{"start":{"line":843,"column":25},"end":{"line":843,"column":26}},"214":{"start":{"line":845,"column":6},"end":{"line":905,"column":7}},"215":{"start":{"line":846,"column":8},"end":{"line":904,"column":9}},"216":{"start":{"line":847,"column":30},"end":{"line":847,"column":62}},"217":{"start":{"line":848,"column":29},"end":{"line":848,"column":63}},"218":{"start":{"line":849,"column":36},"end":{"line":849,"column":90}},"219":{"start":{"line":850,"column":31},"end":{"line":850,"column":87}},"220":{"start":{"line":852,"column":31},"end":{"line":852,"column":67}},"221":{"start":{"line":854,"column":10},"end":{"line":900,"column":11}},"222":{"start":{"line":856,"column":31},"end":{"line":859,"column":null}},"223":{"start":{"line":862,"column":12},"end":{"line":862,"column":68}},"224":{"start":{"line":864,"column":27},"end":{"line":869,"column":14}},"225":{"start":{"line":871,"column":27},"end":{"line":871,"column":53}},"226":{"start":{"line":873,"column":12},"end":{"line":878,"column":13}},"227":{"start":{"line":874,"column":14},"end":{"line":874,"column":30}},"228":{"start":{"line":876,"column":14},"end":{"line":876,"column":77}},"229":{"start":{"line":877,"column":14},"end":{"line":877,"column":27}},"230":{"start":{"line":881,"column":29},"end":{"line":881,"column":73}},"231":{"start":{"line":882,"column":12},"end":{"line":882,"column":72}},"232":{"start":{"line":884,"column":27},"end":{"line":889,"column":14}},"233":{"start":{"line":891,"column":27},"end":{"line":891,"column":53}},"234":{"start":{"line":893,"column":12},"end":{"line":899,"column":13}},"235":{"start":{"line":894,"column":14},"end":{"line":894,"column":79}},"236":{"start":{"line":895,"column":14},"end":{"line":895,"column":29}},"237":{"start":{"line":897,"column":14},"end":{"line":897,"column":76}},"238":{"start":{"line":898,"column":14},"end":{"line":898,"column":27}},"239":{"start":{"line":902,"column":10},"end":{"line":902,"column":81}},"240":{"start":{"line":903,"column":10},"end":{"line":903,"column":23}},"241":{"start":{"line":907,"column":6},"end":{"line":907,"column":22}},"242":{"start":{"line":908,"column":6},"end":{"line":908,"column":39}},"243":{"start":{"line":909,"column":6},"end":{"line":909,"column":70}},"244":{"start":{"line":910,"column":6},"end":{"line":910,"column":48}},"245":{"start":{"line":911,"column":6},"end":{"line":911,"column":58}},"246":{"start":{"line":912,"column":6},"end":{"line":912,"column":57}},"247":{"start":{"line":913,"column":6},"end":{"line":913,"column":56}},"248":{"start":{"line":915,"column":6},"end":{"line":920,"column":7}},"249":{"start":{"line":916,"column":8},"end":{"line":916,"column":66}},"250":{"start":{"line":917,"column":8},"end":{"line":917,"column":24}},"251":{"start":{"line":919,"column":8},"end":{"line":919,"column":44}},"252":{"start":{"line":923,"column":6},"end":{"line":923,"column":48}},"253":{"start":{"line":924,"column":6},"end":{"line":924,"column":22}},"254":{"start":{"line":932,"column":0},"end":{"line":1139,"column":5}},"255":{"start":{"line":936,"column":4},"end":{"line":1138,"column":5}},"256":{"start":{"line":937,"column":6},"end":{"line":937,"column":54}},"257":{"start":{"line":940,"column":28},"end":{"line":940,"column":66}},"258":{"start":{"line":941,"column":6},"end":{"line":945,"column":7}},"259":{"start":{"line":942,"column":8},"end":{"line":942,"column":87}},"260":{"start":{"line":943,"column":8},"end":{"line":943,"column":67}},"261":{"start":{"line":944,"column":8},"end":{"line":944,"column":24}},"262":{"start":{"line":948,"column":6},"end":{"line":948,"column":52}},"263":{"start":{"line":951,"column":23},"end":{"line":951,"column":65}},"264":{"start":{"line":952,"column":30},"end":{"line":952,"column":79}},"265":{"start":{"line":954,"column":6},"end":{"line":957,"column":7}},"266":{"start":{"line":955,"column":8},"end":{"line":955,"column":88}},"267":{"start":{"line":956,"column":8},"end":{"line":956,"column":24}},"268":{"start":{"line":960,"column":26},"end":{"line":979,"column":7}},"269":{"start":{"line":961,"column":32},"end":{"line":961,"column":34}},"270":{"start":{"line":962,"column":8},"end":{"line":962,"column":46}},"271":{"start":{"line":962,"column":33},"end":{"line":962,"column":46}},"272":{"start":{"line":964,"column":22},"end":{"line":964,"column":41}},"273":{"start":{"line":966,"column":8},"end":{"line":976,"column":9}},"274":{"start":{"line":967,"column":27},"end":{"line":967,"column":47}},"275":{"start":{"line":968,"column":23},"end":{"line":968,"column":44}},"276":{"start":{"line":970,"column":10},"end":{"line":975,"column":11}},"277":{"start":{"line":972,"column":12},"end":{"line":972,"column":49}},"278":{"start":{"line":973,"column":17},"end":{"line":975,"column":11}},"279":{"start":{"line":974,"column":12},"end":{"line":974,"column":33}},"280":{"start":{"line":978,"column":8},"end":{"line":978,"column":21}},"281":{"start":{"line":981,"column":23},"end":{"line":981,"column":44}},"282":{"start":{"line":982,"column":29},"end":{"line":982,"column":57}},"283":{"start":{"line":983,"column":22},"end":{"line":983,"column":54}},"284":{"start":{"line":985,"column":6},"end":{"line":989,"column":7}},"285":{"start":{"line":986,"column":8},"end":{"line":986,"column":68}},"286":{"start":{"line":987,"column":8},"end":{"line":987,"column":63}},"287":{"start":{"line":988,"column":8},"end":{"line":988,"column":15}},"288":{"start":{"line":992,"column":25},"end":{"line":992,"column":58}},"289":{"start":{"line":993,"column":23},"end":{"line":993,"column":24}},"290":{"start":{"line":994,"column":26},"end":{"line":994,"column":27}},"291":{"start":{"line":995,"column":25},"end":{"line":995,"column":26}},"292":{"start":{"line":997,"column":6},"end":{"line":1050,"column":7}},"293":{"start":{"line":998,"column":8},"end":{"line":1049,"column":9}},"294":{"start":{"line":999,"column":30},"end":{"line":999,"column":62}},"295":{"start":{"line":1000,"column":29},"end":{"line":1000,"column":63}},"296":{"start":{"line":1001,"column":36},"end":{"line":1001,"column":90}},"297":{"start":{"line":1002,"column":31},"end":{"line":1002,"column":87}},"298":{"start":{"line":1004,"column":10},"end":{"line":1045,"column":11}},"299":{"start":{"line":1006,"column":31},"end":{"line":1009,"column":null}},"300":{"start":{"line":1012,"column":27},"end":{"line":1017,"column":14}},"301":{"start":{"line":1019,"column":27},"end":{"line":1019,"column":53}},"302":{"start":{"line":1021,"column":12},"end":{"line":1025,"column":13}},"303":{"start":{"line":1022,"column":14},"end":{"line":1022,"column":30}},"304":{"start":{"line":1024,"column":14},"end":{"line":1024,"column":27}},"305":{"start":{"line":1028,"column":29},"end":{"line":1028,"column":73}},"306":{"start":{"line":1029,"column":12},"end":{"line":1029,"column":96}},"307":{"start":{"line":1031,"column":27},"end":{"line":1036,"column":14}},"308":{"start":{"line":1038,"column":27},"end":{"line":1038,"column":53}},"309":{"start":{"line":1040,"column":12},"end":{"line":1044,"column":13}},"310":{"start":{"line":1041,"column":14},"end":{"line":1041,"column":29}},"311":{"start":{"line":1043,"column":14},"end":{"line":1043,"column":27}},"312":{"start":{"line":1047,"column":10},"end":{"line":1047,"column":81}},"313":{"start":{"line":1048,"column":10},"end":{"line":1048,"column":23}},"314":{"start":{"line":1052,"column":6},"end":{"line":1055,"column":7}},"315":{"start":{"line":1053,"column":8},"end":{"line":1053,"column":68}},"316":{"start":{"line":1054,"column":8},"end":{"line":1054,"column":24}},"317":{"start":{"line":1058,"column":6},"end":{"line":1129,"column":7}},"318":{"start":{"line":1059,"column":8},"end":{"line":1128,"column":9}},"319":{"start":{"line":1060,"column":33},"end":{"line":1060,"column":72}},"320":{"start":{"line":1061,"column":39},"end":{"line":1061,"column":55}},"321":{"start":{"line":1064,"column":10},"end":{"line":1089,"column":11}},"322":{"start":{"line":1065,"column":38},"end":{"line":1065,"column":78}},"323":{"start":{"line":1066,"column":12},"end":{"line":1066,"column":55}},"324":{"start":{"line":1069,"column":12},"end":{"line":1088,"column":14}},"325":{"start":{"line":1092,"column":10},"end":{"line":1092,"column":37}},"326":{"start":{"line":1095,"column":32},"end":{"line":1095,"column":70}},"327":{"start":{"line":1096,"column":10},"end":{"line":1121,"column":11}},"328":{"start":{"line":1097,"column":35},"end":{"line":1099,"column":57}},"329":{"start":{"line":1098,"column":30},"end":{"line":1098,"column":50}},"330":{"start":{"line":1099,"column":27},"end":{"line":1099,"column":56}},"331":{"start":{"line":1101,"column":12},"end":{"line":1120,"column":13}},"332":{"start":{"line":1102,"column":36},"end":{"line":1102,"column":71}},"333":{"start":{"line":1103,"column":14},"end":{"line":1119,"column":17}},"334":{"start":{"line":1124,"column":10},"end":{"line":1124,"column":80}},"335":{"start":{"line":1125,"column":10},"end":{"line":1125,"column":98}},"336":{"start":{"line":1127,"column":10},"end":{"line":1127,"column":69}},"337":{"start":{"line":1131,"column":6},"end":{"line":1131,"column":53}},"338":{"start":{"line":1132,"column":6},"end":{"line":1132,"column":105}},"339":{"start":{"line":1133,"column":6},"end":{"line":1133,"column":46}},"340":{"start":{"line":1136,"column":6},"end":{"line":1136,"column":48}},"341":{"start":{"line":1137,"column":6},"end":{"line":1137,"column":22}},"342":{"start":{"line":1145,"column":0},"end":{"line":1209,"column":5}},"343":{"start":{"line":1149,"column":4},"end":{"line":1208,"column":5}},"344":{"start":{"line":1150,"column":6},"end":{"line":1150,"column":56}},"345":{"start":{"line":1153,"column":28},"end":{"line":1153,"column":66}},"346":{"start":{"line":1154,"column":6},"end":{"line":1157,"column":7}},"347":{"start":{"line":1155,"column":8},"end":{"line":1155,"column":87}},"348":{"start":{"line":1156,"column":8},"end":{"line":1156,"column":24}},"349":{"start":{"line":1160,"column":23},"end":{"line":1160,"column":65}},"350":{"start":{"line":1161,"column":30},"end":{"line":1161,"column":79}},"351":{"start":{"line":1163,"column":6},"end":{"line":1166,"column":7}},"352":{"start":{"line":1164,"column":8},"end":{"line":1164,"column":59}},"353":{"start":{"line":1165,"column":8},"end":{"line":1165,"column":15}},"354":{"start":{"line":1169,"column":26},"end":{"line":1188,"column":7}},"355":{"start":{"line":1170,"column":32},"end":{"line":1170,"column":34}},"356":{"start":{"line":1171,"column":8},"end":{"line":1171,"column":46}},"357":{"start":{"line":1171,"column":33},"end":{"line":1171,"column":46}},"358":{"start":{"line":1173,"column":22},"end":{"line":1173,"column":41}},"359":{"start":{"line":1175,"column":8},"end":{"line":1185,"column":9}},"360":{"start":{"line":1176,"column":27},"end":{"line":1176,"column":47}},"361":{"start":{"line":1177,"column":23},"end":{"line":1177,"column":44}},"362":{"start":{"line":1179,"column":10},"end":{"line":1184,"column":11}},"363":{"start":{"line":1181,"column":12},"end":{"line":1181,"column":49}},"364":{"start":{"line":1182,"column":17},"end":{"line":1184,"column":11}},"365":{"start":{"line":1183,"column":12},"end":{"line":1183,"column":33}},"366":{"start":{"line":1187,"column":8},"end":{"line":1187,"column":21}},"367":{"start":{"line":1190,"column":23},"end":{"line":1190,"column":44}},"368":{"start":{"line":1191,"column":29},"end":{"line":1191,"column":57}},"369":{"start":{"line":1192,"column":22},"end":{"line":1192,"column":54}},"370":{"start":{"line":1194,"column":6},"end":{"line":1197,"column":7}},"371":{"start":{"line":1195,"column":8},"end":{"line":1195,"column":68}},"372":{"start":{"line":1196,"column":8},"end":{"line":1196,"column":15}},"373":{"start":{"line":1199,"column":6},"end":{"line":1199,"column":67}},"374":{"start":{"line":1203,"column":6},"end":{"line":1203,"column":84}},"375":{"start":{"line":1206,"column":6},"end":{"line":1206,"column":49}},"376":{"start":{"line":1207,"column":6},"end":{"line":1207,"column":22}},"377":{"start":{"line":1212,"column":0},"end":{"line":1212,"column":16}}},"fnMap":{"0":{"name":"(anonymous_9)","decl":{"start":{"line":100,"column":10},"end":{"line":100,"column":15}},"loc":{"start":{"line":100,"column":87},"end":{"line":207,"column":3}}},"1":{"name":"(anonymous_10)","decl":{"start":{"line":162,"column":14},"end":{"line":162,"column":15}},"loc":{"start":{"line":162,"column":38},"end":{"line":162,"column":79}}},"2":{"name":"(anonymous_11)","decl":{"start":{"line":213,"column":10},"end":{"line":213,"column":15}},"loc":{"start":{"line":213,"column":59},"end":{"line":473,"column":3}}},"3":{"name":"(anonymous_12)","decl":{"start":{"line":235,"column":19},"end":{"line":235,"column":22}},"loc":{"start":{"line":235,"column":25},"end":{"line":237,"column":7}}},"4":{"name":"(anonymous_13)","decl":{"start":{"line":479,"column":10},"end":{"line":479,"column":15}},"loc":{"start":{"line":479,"column":54},"end":{"line":481,"column":3}}},"5":{"name":"(anonymous_14)","decl":{"start":{"line":493,"column":10},"end":{"line":493,"column":15}},"loc":{"start":{"line":493,"column":54},"end":{"line":775,"column":3}}},"6":{"name":"(anonymous_15)","decl":{"start":{"line":515,"column":19},"end":{"line":515,"column":22}},"loc":{"start":{"line":515,"column":25},"end":{"line":517,"column":7}}},"7":{"name":"(anonymous_16)","decl":{"start":{"line":784,"column":10},"end":{"line":784,"column":15}},"loc":{"start":{"line":784,"column":21},"end":{"line":926,"column":3}}},"8":{"name":"(anonymous_17)","decl":{"start":{"line":806,"column":26},"end":{"line":806,"column":27}},"loc":{"start":{"line":806,"column":52},"end":{"line":825,"column":7}}},"9":{"name":"(anonymous_18)","decl":{"start":{"line":935,"column":10},"end":{"line":935,"column":15}},"loc":{"start":{"line":935,"column":21},"end":{"line":1139,"column":3}}},"10":{"name":"(anonymous_19)","decl":{"start":{"line":960,"column":26},"end":{"line":960,"column":27}},"loc":{"start":{"line":960,"column":52},"end":{"line":979,"column":7}}},"11":{"name":"(anonymous_20)","decl":{"start":{"line":1098,"column":22},"end":{"line":1098,"column":26}},"loc":{"start":{"line":1098,"column":30},"end":{"line":1098,"column":50}}},"12":{"name":"(anonymous_21)","decl":{"start":{"line":1099,"column":19},"end":{"line":1099,"column":23}},"loc":{"start":{"line":1099,"column":27},"end":{"line":1099,"column":56}}},"13":{"name":"(anonymous_22)","decl":{"start":{"line":1148,"column":10},"end":{"line":1148,"column":15}},"loc":{"start":{"line":1148,"column":21},"end":{"line":1209,"column":3}}},"14":{"name":"(anonymous_23)","decl":{"start":{"line":1169,"column":26},"end":{"line":1169,"column":27}},"loc":{"start":{"line":1169,"column":52},"end":{"line":1188,"column":7}}}},"branchMap":{"0":{"loc":{"start":{"line":108,"column":6},"end":{"line":125,"column":7}},"type":"if","locations":[{"start":{"line":108,"column":6},"end":{"line":125,"column":7}},{"start":{"line":110,"column":13},"end":{"line":125,"column":7}}]},"1":{"loc":{"start":{"line":113,"column":8},"end":{"line":124,"column":9}},"type":"if","locations":[{"start":{"line":113,"column":8},"end":{"line":124,"column":9}},{"start":{"line":118,"column":15},"end":{"line":124,"column":9}}]},"2":{"loc":{"start":{"line":113,"column":12},"end":{"line":113,"column":79}},"type":"binary-expr","locations":[{"start":{"line":113,"column":12},"end":{"line":113,"column":43}},{"start":{"line":113,"column":47},"end":{"line":113,"column":79}}]},"3":{"loc":{"start":{"line":129,"column":6},"end":{"line":131,"column":7}},"type":"if","locations":[{"start":{"line":129,"column":6},"end":{"line":131,"column":7}}]},"4":{"loc":{"start":{"line":142,"column":6},"end":{"line":145,"column":7}},"type":"if","locations":[{"start":{"line":142,"column":6},"end":{"line":145,"column":7}}]},"5":{"loc":{"start":{"line":149,"column":6},"end":{"line":202,"column":7}},"type":"if","locations":[{"start":{"line":149,"column":6},"end":{"line":202,"column":7}},{"start":{"line":199,"column":13},"end":{"line":202,"column":7}}]},"6":{"loc":{"start":{"line":155,"column":8},"end":{"line":194,"column":9}},"type":"if","locations":[{"start":{"line":155,"column":8},"end":{"line":194,"column":9}}]},"7":{"loc":{"start":{"line":162,"column":38},"end":{"line":162,"column":79}},"type":"binary-expr","locations":[{"start":{"line":162,"column":38},"end":{"line":162,"column":45}},{"start":{"line":162,"column":49},"end":{"line":162,"column":79}}]},"8":{"loc":{"start":{"line":183,"column":12},"end":{"line":187,"column":13}},"type":"if","locations":[{"start":{"line":183,"column":12},"end":{"line":187,"column":13}},{"start":{"line":185,"column":19},"end":{"line":187,"column":13}}]},"9":{"loc":{"start":{"line":217,"column":6},"end":{"line":220,"column":7}},"type":"if","locations":[{"start":{"line":217,"column":6},"end":{"line":220,"column":7}}]},"10":{"loc":{"start":{"line":497,"column":6},"end":{"line":500,"column":7}},"type":"if","locations":[{"start":{"line":497,"column":6},"end":{"line":500,"column":7}}]},"11":{"loc":{"start":{"line":790,"column":6},"end":{"line":794,"column":7}},"type":"if","locations":[{"start":{"line":790,"column":6},"end":{"line":794,"column":7}}]},"12":{"loc":{"start":{"line":800,"column":6},"end":{"line":803,"column":7}},"type":"if","locations":[{"start":{"line":800,"column":6},"end":{"line":803,"column":7}}]},"13":{"loc":{"start":{"line":800,"column":10},"end":{"line":800,"column":69}},"type":"binary-expr","locations":[{"start":{"line":800,"column":10},"end":{"line":800,"column":34}},{"start":{"line":800,"column":38},"end":{"line":800,"column":69}}]},"14":{"loc":{"start":{"line":808,"column":8},"end":{"line":808,"column":46}},"type":"if","locations":[{"start":{"line":808,"column":8},"end":{"line":808,"column":46}}]},"15":{"loc":{"start":{"line":816,"column":10},"end":{"line":821,"column":11}},"type":"if","locations":[{"start":{"line":816,"column":10},"end":{"line":821,"column":11}},{"start":{"line":819,"column":17},"end":{"line":821,"column":11}}]},"16":{"loc":{"start":{"line":819,"column":17},"end":{"line":821,"column":11}},"type":"if","locations":[{"start":{"line":819,"column":17},"end":{"line":821,"column":11}}]},"17":{"loc":{"start":{"line":831,"column":6},"end":{"line":835,"column":7}},"type":"if","locations":[{"start":{"line":831,"column":6},"end":{"line":835,"column":7}}]},"18":{"loc":{"start":{"line":854,"column":10},"end":{"line":900,"column":11}},"type":"if","locations":[{"start":{"line":854,"column":10},"end":{"line":900,"column":11}},{"start":{"line":879,"column":17},"end":{"line":900,"column":11}}]},"19":{"loc":{"start":{"line":854,"column":14},"end":{"line":854,"column":64}},"type":"binary-expr","locations":[{"start":{"line":854,"column":14},"end":{"line":854,"column":31}},{"start":{"line":854,"column":36},"end":{"line":854,"column":46}},{"start":{"line":854,"column":50},"end":{"line":854,"column":63}}]},"20":{"loc":{"start":{"line":873,"column":12},"end":{"line":878,"column":13}},"type":"if","locations":[{"start":{"line":873,"column":12},"end":{"line":878,"column":13}},{"start":{"line":875,"column":19},"end":{"line":878,"column":13}}]},"21":{"loc":{"start":{"line":881,"column":29},"end":{"line":881,"column":73}},"type":"cond-expr","locations":[{"start":{"line":881,"column":44},"end":{"line":881,"column":61}},{"start":{"line":881,"column":64},"end":{"line":881,"column":73}}]},"22":{"loc":{"start":{"line":893,"column":12},"end":{"line":899,"column":13}},"type":"if","locations":[{"start":{"line":893,"column":12},"end":{"line":899,"column":13}},{"start":{"line":896,"column":19},"end":{"line":899,"column":13}}]},"23":{"loc":{"start":{"line":915,"column":6},"end":{"line":920,"column":7}},"type":"if","locations":[{"start":{"line":915,"column":6},"end":{"line":920,"column":7}},{"start":{"line":918,"column":13},"end":{"line":920,"column":7}}]},"24":{"loc":{"start":{"line":941,"column":6},"end":{"line":945,"column":7}},"type":"if","locations":[{"start":{"line":941,"column":6},"end":{"line":945,"column":7}}]},"25":{"loc":{"start":{"line":954,"column":6},"end":{"line":957,"column":7}},"type":"if","locations":[{"start":{"line":954,"column":6},"end":{"line":957,"column":7}}]},"26":{"loc":{"start":{"line":954,"column":10},"end":{"line":954,"column":69}},"type":"binary-expr","locations":[{"start":{"line":954,"column":10},"end":{"line":954,"column":34}},{"start":{"line":954,"column":38},"end":{"line":954,"column":69}}]},"27":{"loc":{"start":{"line":962,"column":8},"end":{"line":962,"column":46}},"type":"if","locations":[{"start":{"line":962,"column":8},"end":{"line":962,"column":46}}]},"28":{"loc":{"start":{"line":970,"column":10},"end":{"line":975,"column":11}},"type":"if","locations":[{"start":{"line":970,"column":10},"end":{"line":975,"column":11}},{"start":{"line":973,"column":17},"end":{"line":975,"column":11}}]},"29":{"loc":{"start":{"line":973,"column":17},"end":{"line":975,"column":11}},"type":"if","locations":[{"start":{"line":973,"column":17},"end":{"line":975,"column":11}}]},"30":{"loc":{"start":{"line":985,"column":6},"end":{"line":989,"column":7}},"type":"if","locations":[{"start":{"line":985,"column":6},"end":{"line":989,"column":7}}]},"31":{"loc":{"start":{"line":1004,"column":10},"end":{"line":1045,"column":11}},"type":"if","locations":[{"start":{"line":1004,"column":10},"end":{"line":1045,"column":11}},{"start":{"line":1026,"column":17},"end":{"line":1045,"column":11}}]},"32":{"loc":{"start":{"line":1004,"column":14},"end":{"line":1004,"column":64}},"type":"binary-expr","locations":[{"start":{"line":1004,"column":14},"end":{"line":1004,"column":31}},{"start":{"line":1004,"column":36},"end":{"line":1004,"column":46}},{"start":{"line":1004,"column":50},"end":{"line":1004,"column":63}}]},"33":{"loc":{"start":{"line":1021,"column":12},"end":{"line":1025,"column":13}},"type":"if","locations":[{"start":{"line":1021,"column":12},"end":{"line":1025,"column":13}},{"start":{"line":1023,"column":19},"end":{"line":1025,"column":13}}]},"34":{"loc":{"start":{"line":1028,"column":29},"end":{"line":1028,"column":73}},"type":"cond-expr","locations":[{"start":{"line":1028,"column":44},"end":{"line":1028,"column":61}},{"start":{"line":1028,"column":64},"end":{"line":1028,"column":73}}]},"35":{"loc":{"start":{"line":1040,"column":12},"end":{"line":1044,"column":13}},"type":"if","locations":[{"start":{"line":1040,"column":12},"end":{"line":1044,"column":13}},{"start":{"line":1042,"column":19},"end":{"line":1044,"column":13}}]},"36":{"loc":{"start":{"line":1052,"column":6},"end":{"line":1055,"column":7}},"type":"if","locations":[{"start":{"line":1052,"column":6},"end":{"line":1055,"column":7}}]},"37":{"loc":{"start":{"line":1058,"column":6},"end":{"line":1129,"column":7}},"type":"if","locations":[{"start":{"line":1058,"column":6},"end":{"line":1129,"column":7}}]},"38":{"loc":{"start":{"line":1064,"column":10},"end":{"line":1089,"column":11}},"type":"if","locations":[{"start":{"line":1064,"column":10},"end":{"line":1089,"column":11}},{"start":{"line":1067,"column":17},"end":{"line":1089,"column":11}}]},"39":{"loc":{"start":{"line":1096,"column":10},"end":{"line":1121,"column":11}},"type":"if","locations":[{"start":{"line":1096,"column":10},"end":{"line":1121,"column":11}}]},"40":{"loc":{"start":{"line":1154,"column":6},"end":{"line":1157,"column":7}},"type":"if","locations":[{"start":{"line":1154,"column":6},"end":{"line":1157,"column":7}}]},"41":{"loc":{"start":{"line":1163,"column":6},"end":{"line":1166,"column":7}},"type":"if","locations":[{"start":{"line":1163,"column":6},"end":{"line":1166,"column":7}}]},"42":{"loc":{"start":{"line":1163,"column":10},"end":{"line":1163,"column":69}},"type":"binary-expr","locations":[{"start":{"line":1163,"column":10},"end":{"line":1163,"column":34}},{"start":{"line":1163,"column":38},"end":{"line":1163,"column":69}}]},"43":{"loc":{"start":{"line":1171,"column":8},"end":{"line":1171,"column":46}},"type":"if","locations":[{"start":{"line":1171,"column":8},"end":{"line":1171,"column":46}}]},"44":{"loc":{"start":{"line":1179,"column":10},"end":{"line":1184,"column":11}},"type":"if","locations":[{"start":{"line":1179,"column":10},"end":{"line":1184,"column":11}},{"start":{"line":1182,"column":17},"end":{"line":1184,"column":11}}]},"45":{"loc":{"start":{"line":1182,"column":17},"end":{"line":1184,"column":11}},"type":"if","locations":[{"start":{"line":1182,"column":17},"end":{"line":1184,"column":11}}]},"46":{"loc":{"start":{"line":1194,"column":6},"end":{"line":1197,"column":7}},"type":"if","locations":[{"start":{"line":1194,"column":6},"end":{"line":1197,"column":7}}]}},"s":{"0":0,"1":0,"2":0,"3":0,"4":0,"5":0,"6":0,"7":0,"8":0,"9":0,"10":0,"11":0,"12":0,"13":0,"14":0,"15":0,"16":0,"17":0,"18":0,"19":0,"20":0,"21":0,"22":0,"23":0,"24":0,"25":0,"26":0,"27":0,"28":0,"29":0,"30":0,"31":0,"32":0,"33":0,"34":0,"35":0,"36":0,"37":0,"38":0,"39":0,"40":0,"41":0,"42":0,"43":0,"44":0,"45":0,"46":0,"47":0,"48":0,"49":0,"50":0,"51":0,"52":0,"53":0,"54":0,"55":0,"56":0,"57":0,"58":0,"59":0,"60":0,"61":0,"62":0,"63":0,"64":0,"65":0,"66":0,"67":0,"68":0,"69":0,"70":0,"71":0,"72":0,"73":0,"74":0,"75":0,"76":0,"77":0,"78":0,"79":0,"80":0,"81":0,"82":0,"83":0,"84":0,"85":0,"86":0,"87":0,"88":0,"89":0,"90":0,"91":0,"92":0,"93":0,"94":0,"95":0,"96":0,"97":0,"98":0,"99":0,"100":0,"101":0,"102":0,"103":0,"104":0,"105":0,"106":0,"107":0,"108":0,"109":0,"110":0,"111":0,"112":0,"113":0,"114":0,"115":0,"116":0,"117":0,"118":0,"119":0,"120":0,"121":0,"122":0,"123":0,"124":0,"125":0,"126":0,"127":0,"128":0,"129":0,"130":0,"131":0,"132":0,"133":0,"134":0,"135":0,"136":0,"137":0,"138":0,"139":0,"140":0,"141":0,"142":0,"143":0,"144":0,"145":0,"146":0,"147":0,"148":0,"149":0,"150":0,"151":0,"152":0,"153":0,"154":0,"155":0,"156":0,"157":0,"158":0,"159":0,"160":0,"161":0,"162":0,"163":0,"164":0,"165":0,"166":0,"167":0,"168":0,"169":0,"170":0,"171":0,"172":0,"173":0,"174":0,"175":0,"176":0,"177":0,"178":0,"179":0,"180":0,"181":0,"182":0,"183":0,"184":0,"185":0,"186":0,"187":0,"188":0,"189":0,"190":0,"191":0,"192":0,"193":0,"194":0,"195":0,"196":0,"197":0,"198":0,"199":0,"200":0,"201":0,"202":0,"203":0,"204":0,"205":0,"206":0,"207":0,"208":0,"209":0,"210":0,"211":0,"212":0,"213":0,"214":0,"215":0,"216":0,"217":0,"218":0,"219":0,"220":0,"221":0,"222":0,"223":0,"224":0,"225":0,"226":0,"227":0,"228":0,"229":0,"230":0,"231":0,"232":0,"233":0,"234":0,"235":0,"236":0,"237":0,"238":0,"239":0,"240":0,"241":0,"242":0,"243":0,"244":0,"245":0,"246":0,"247":0,"248":0,"249":0,"250":0,"251":0,"252":0,"253":0,"254":0,"255":0,"256":0,"257":0,"258":0,"259":0,"260":0,"261":0,"262":0,"263":0,"264":0,"265":0,"266":0,"267":0,"268":0,"269":0,"270":0,"271":0,"272":0,"273":0,"274":0,"275":0,"276":0,"277":0,"278":0,"279":0,"280":0,"281":0,"282":0,"283":0,"284":0,"285":0,"286":0,"287":0,"288":0,"289":0,"290":0,"291":0,"292":0,"293":0,"294":0,"295":0,"296":0,"297":0,"298":0,"299":0,"300":0,"301":0,"302":0,"303":0,"304":0,"305":0,"306":0,"307":0,"308":0,"309":0,"310":0,"311":0,"312":0,"313":0,"314":0,"315":0,"316":0,"317":0,"318":0,"319":0,"320":0,"321":0,"322":0,"323":0,"324":0,"325":0,"326":0,"327":0,"328":0,"329":0,"330":0,"331":0,"332":0,"333":0,"334":0,"335":0,"336":0,"337":0,"338":0,"339":0,"340":0,"341":0,"342":0,"343":0,"344":0,"345":0,"346":0,"347":0,"348":0,"349":0,"350":0,"351":0,"352":0,"353":0,"354":0,"355":0,"356":0,"357":0,"358":0,"359":0,"360":0,"361":0,"362":0,"363":0,"364":0,"365":0,"366":0,"367":0,"368":0,"369":0,"370":0,"371":0,"372":0,"373":0,"374":0,"375":0,"376":0,"377":0},"f":{"0":0,"1":0,"2":0,"3":0,"4":0,"5":0,"6":0,"7":0,"8":0,"9":0,"10":0,"11":0,"12":0,"13":0,"14":0},"b":{"0":[0,0],"1":[0,0],"2":[0,0],"3":[0],"4":[0],"5":[0,0],"6":[0],"7":[0,0],"8":[0,0],"9":[0],"10":[0],"11":[0],"12":[0],"13":[0,0],"14":[0],"15":[0,0],"16":[0],"17":[0],"18":[0,0],"19":[0,0,0],"20":[0,0],"21":[0,0],"22":[0,0],"23":[0,0],"24":[0],"25":[0],"26":[0,0],"27":[0],"28":[0,0],"29":[0],"30":[0],"31":[0,0],"32":[0,0,0],"33":[0,0],"34":[0,0],"35":[0,0],"36":[0],"37":[0],"38":[0,0],"39":[0],"40":[0],"41":[0],"42":[0,0],"43":[0],"44":[0,0],"45":[0],"46":[0]}}
,"/workspaces/AikScript/typescript-transpiler/src/contracts/MultiSig.ts": {"path":"/workspaces/AikScript/typescript-transpiler/src/contracts/MultiSig.ts","statementMap":{"0":{"start":{"line":1,"column":0},"end":{"line":1,"column":87}},"1":{"start":{"line":10,"column":7},"end":{"line":24,"column":null}},"2":{"start":{"line":12,"column":9},"end":{"line":16,"column":4}},"3":{"start":{"line":20,"column":15},"end":{"line":20,"column":30}},"4":{"start":{"line":22,"column":4},"end":{"line":22,"column":47}},"5":{"start":{"line":10,"column":13},"end":{"line":10,"column":35}},"6":{"start":{"line":12,"column":9},"end":{"line":16,"column":null}},"7":{"start":{"line":19,"column":2},"end":{"line":23,"column":null}},"8":{"start":{"line":10,"column":13},"end":{"line":24,"column":null}}},"fnMap":{"0":{"name":"(anonymous_2)","decl":{"start":{"line":10,"column":7},"end":{"line":10,"column":13}},"loc":{"start":{"line":10,"column":7},"end":{"line":24,"column":1}}},"1":{"name":"(anonymous_3)","decl":{"start":{"line":19,"column":2},"end":{"line":19,"column":21}},"loc":{"start":{"line":19,"column":77},"end":{"line":23,"column":3}}}},"branchMap":{},"s":{"0":0,"1":0,"2":0,"3":0,"4":0,"5":0,"6":0,"7":0,"8":0},"f":{"0":0,"1":0},"b":{}}
,"/workspaces/AikScript/typescript-transpiler/src/contracts/NFTMinting.ts": {"path":"/workspaces/AikScript/typescript-transpiler/src/contracts/NFTMinting.ts","statementMap":{"0":{"start":{"line":1,"column":0},"end":{"line":1,"column":98}},"1":{"start":{"line":4,"column":7},"end":{"line":22,"column":null}},"2":{"start":{"line":6,"column":9},"end":{"line":10,"column":4}},"3":{"start":{"line":18,"column":15},"end":{"line":18,"column":30}},"4":{"start":{"line":20,"column":4},"end":{"line":20,"column":38}},"5":{"start":{"line":4,"column":13},"end":{"line":4,"column":31}},"6":{"start":{"line":6,"column":9},"end":{"line":10,"column":null}},"7":{"start":{"line":13,"column":2},"end":{"line":21,"column":null}},"8":{"start":{"line":4,"column":13},"end":{"line":22,"column":null}}},"fnMap":{"0":{"name":"(anonymous_2)","decl":{"start":{"line":4,"column":7},"end":{"line":4,"column":13}},"loc":{"start":{"line":4,"column":7},"end":{"line":22,"column":1}}},"1":{"name":"(anonymous_3)","decl":{"start":{"line":13,"column":2},"end":{"line":13,"column":6}},"loc":{"start":{"line":16,"column":22},"end":{"line":21,"column":3}}}},"branchMap":{},"s":{"0":0,"1":0,"2":0,"3":0,"4":0,"5":0,"6":0,"7":0,"8":0},"f":{"0":0,"1":0},"b":{}}
,"/workspaces/AikScript/typescript-transpiler/src/contracts/SimpleMultiSig.ts": {"path":"/workspaces/AikScript/typescript-transpiler/src/contracts/SimpleMultiSig.ts","statementMap":{"0":{"start":{"line":1,"column":0},"end":{"line":1,"column":87}},"1":{"start":{"line":4,"column":7},"end":{"line":21,"column":null}},"2":{"start":{"line":6,"column":9},"end":{"line":9,"column":4}},"3":{"start":{"line":17,"column":15},"end":{"line":17,"column":30}},"4":{"start":{"line":19,"column":4},"end":{"line":19,"column":70}},"5":{"start":{"line":4,"column":13},"end":{"line":4,"column":35}},"6":{"start":{"line":6,"column":9},"end":{"line":9,"column":null}},"7":{"start":{"line":12,"column":2},"end":{"line":20,"column":null}},"8":{"start":{"line":4,"column":13},"end":{"line":21,"column":null}}},"fnMap":{"0":{"name":"(anonymous_2)","decl":{"start":{"line":4,"column":7},"end":{"line":4,"column":13}},"loc":{"start":{"line":4,"column":7},"end":{"line":21,"column":1}}},"1":{"name":"(anonymous_3)","decl":{"start":{"line":12,"column":2},"end":{"line":12,"column":7}},"loc":{"start":{"line":15,"column":22},"end":{"line":20,"column":3}}}},"branchMap":{"0":{"loc":{"start":{"line":19,"column":11},"end":{"line":19,"column":69}},"type":"binary-expr","locations":[{"start":{"line":19,"column":11},"end":{"line":19,"column":38}},{"start":{"line":19,"column":42},"end":{"line":19,"column":69}}]}},"s":{"0":0,"1":0,"2":0,"3":0,"4":0,"5":0,"6":0,"7":0,"8":0},"f":{"0":0,"1":0},"b":{"0":[0,0]}}
,"/workspaces/AikScript/typescript-transpiler/src/contracts/TestMultiSig.ts": {"path":"/workspaces/AikScript/typescript-transpiler/src/contracts/TestMultiSig.ts","statementMap":{"0":{"start":{"line":1,"column":0},"end":{"line":1,"column":87}},"1":{"start":{"line":4,"column":7},"end":{"line":21,"column":null}},"2":{"start":{"line":6,"column":9},"end":{"line":9,"column":4}},"3":{"start":{"line":17,"column":15},"end":{"line":17,"column":30}},"4":{"start":{"line":19,"column":4},"end":{"line":19,"column":70}},"5":{"start":{"line":4,"column":13},"end":{"line":4,"column":33}},"6":{"start":{"line":6,"column":9},"end":{"line":9,"column":null}},"7":{"start":{"line":12,"column":2},"end":{"line":20,"column":null}},"8":{"start":{"line":4,"column":13},"end":{"line":21,"column":null}}},"fnMap":{"0":{"name":"(anonymous_2)","decl":{"start":{"line":4,"column":7},"end":{"line":4,"column":13}},"loc":{"start":{"line":4,"column":7},"end":{"line":21,"column":1}}},"1":{"name":"(anonymous_3)","decl":{"start":{"line":12,"column":2},"end":{"line":12,"column":8}},"loc":{"start":{"line":15,"column":22},"end":{"line":20,"column":3}}}},"branchMap":{"0":{"loc":{"start":{"line":19,"column":11},"end":{"line":19,"column":69}},"type":"binary-expr","locations":[{"start":{"line":19,"column":11},"end":{"line":19,"column":38}},{"start":{"line":19,"column":42},"end":{"line":19,"column":69}}]}},"s":{"0":0,"1":0,"2":0,"3":0,"4":0,"5":0,"6":0,"7":0,"8":0},"f":{"0":0,"1":0},"b":{"0":[0,0]}}
,"/workspaces/AikScript/typescript-transpiler/src/contracts/TimeLock.ts": {"path":"/workspaces/AikScript/typescript-transpiler/src/contracts/TimeLock.ts","statementMap":{"0":{"start":{"line":1,"column":0},"end":{"line":1,"column":98}},"1":{"start":{"line":4,"column":7},"end":{"line":25,"column":null}},"2":{"start":{"line":6,"column":9},"end":{"line":10,"column":4}},"3":{"start":{"line":18,"column":15},"end":{"line":18,"column":30}},"4":{"start":{"line":20,"column":4},"end":{"line":23,"column":6}},"5":{"start":{"line":4,"column":13},"end":{"line":4,"column":29}},"6":{"start":{"line":6,"column":9},"end":{"line":10,"column":null}},"7":{"start":{"line":13,"column":2},"end":{"line":24,"column":null}},"8":{"start":{"line":4,"column":13},"end":{"line":25,"column":null}}},"fnMap":{"0":{"name":"(anonymous_2)","decl":{"start":{"line":4,"column":7},"end":{"line":4,"column":13}},"loc":{"start":{"line":4,"column":7},"end":{"line":25,"column":1}}},"1":{"name":"(anonymous_3)","decl":{"start":{"line":13,"column":2},"end":{"line":13,"column":8}},"loc":{"start":{"line":16,"column":22},"end":{"line":24,"column":3}}}},"branchMap":{"0":{"loc":{"start":{"line":21,"column":6},"end":{"line":22,"column":99}},"type":"binary-expr","locations":[{"start":{"line":21,"column":6},"end":{"line":21,"column":32}},{"start":{"line":22,"column":7},"end":{"line":22,"column":39}},{"start":{"line":22,"column":43},"end":{"line":22,"column":98}}]},"1":{"loc":{"start":{"line":22,"column":44},"end":{"line":22,"column":79}},"type":"binary-expr","locations":[{"start":{"line":22,"column":44},"end":{"line":22,"column":66}},{"start":{"line":22,"column":70},"end":{"line":22,"column":79}}]}},"s":{"0":0,"1":0,"2":0,"3":0,"4":0,"5":0,"6":0,"7":0,"8":0},"f":{"0":0,"1":0},"b":{"0":[0,0,0],"1":[0,0]}}
,"/workspaces/AikScript/typescript-transpiler/src/contracts/TokenVesting.ts": {"path":"/workspaces/AikScript/typescript-transpiler/src/contracts/TokenVesting.ts","statementMap":{"0":{"start":{"line":1,"column":0},"end":{"line":1,"column":null}},"1":{"start":{"line":13,"column":7},"end":{"line":40,"column":null}},"2":{"start":{"line":15,"column":9},"end":{"line":21,"column":4}},"3":{"start":{"line":35,"column":15},"end":{"line":35,"column":30}},"4":{"start":{"line":36,"column":16},"end":{"line":36,"column":51}},"5":{"start":{"line":38,"column":4},"end":{"line":38,"column":87}},"6":{"start":{"line":13,"column":13},"end":{"line":13,"column":33}},"7":{"start":{"line":15,"column":9},"end":{"line":21,"column":null}},"8":{"start":{"line":24,"column":2},"end":{"line":39,"column":null}},"9":{"start":{"line":13,"column":13},"end":{"line":40,"column":null}}},"fnMap":{"0":{"name":"(anonymous_2)","decl":{"start":{"line":13,"column":7},"end":{"line":13,"column":13}},"loc":{"start":{"line":13,"column":7},"end":{"line":40,"column":1}}},"1":{"name":"(anonymous_3)","decl":{"start":{"line":24,"column":2},"end":{"line":24,"column":9}},"loc":{"start":{"line":33,"column":22},"end":{"line":39,"column":3}}}},"branchMap":{"0":{"loc":{"start":{"line":36,"column":16},"end":{"line":36,"column":51}},"type":"binary-expr","locations":[{"start":{"line":36,"column":16},"end":{"line":36,"column":38}},{"start":{"line":36,"column":42},"end":{"line":36,"column":51}}]},"1":{"loc":{"start":{"line":38,"column":11},"end":{"line":38,"column":86}},"type":"binary-expr","locations":[{"start":{"line":38,"column":11},"end":{"line":38,"column":43}},{"start":{"line":38,"column":47},"end":{"line":38,"column":86}}]}},"s":{"0":0,"1":0,"2":0,"3":0,"4":0,"5":0,"6":0,"7":0,"8":0,"9":0},"f":{"0":0,"1":0},"b":{"0":[0,0],"1":[0,0]}}
,"/workspaces/AikScript/typescript-transpiler/src/core/builtins.ts": {"path":"/workspaces/AikScript/typescript-transpiler/src/core/builtins.ts","statementMap":{"0":{"start":{"line":12,"column":10},"end":{"line":12,"column":60}},"1":{"start":{"line":13,"column":10},"end":{"line":13,"column":48}},"2":{"start":{"line":16,"column":4},"end":{"line":16,"column":30}},"3":{"start":{"line":21,"column":4},"end":{"line":21,"column":76}},"4":{"start":{"line":22,"column":4},"end":{"line":22,"column":80}},"5":{"start":{"line":23,"column":4},"end":{"line":23,"column":80}},"6":{"start":{"line":24,"column":4},"end":{"line":24,"column":78}},"7":{"start":{"line":25,"column":4},"end":{"line":25,"column":79}},"8":{"start":{"line":26,"column":4},"end":{"line":26,"column":79}},"9":{"start":{"line":27,"column":4},"end":{"line":27,"column":80}},"10":{"start":{"line":28,"column":4},"end":{"line":28,"column":74}},"11":{"start":{"line":29,"column":4},"end":{"line":29,"column":78}},"12":{"start":{"line":30,"column":4},"end":{"line":30,"column":78}},"13":{"start":{"line":31,"column":4},"end":{"line":31,"column":82}},"14":{"start":{"line":32,"column":4},"end":{"line":32,"column":76}},"15":{"start":{"line":33,"column":4},"end":{"line":33,"column":76}},"16":{"start":{"line":34,"column":4},"end":{"line":34,"column":83}},"17":{"start":{"line":37,"column":4},"end":{"line":37,"column":88}},"18":{"start":{"line":38,"column":4},"end":{"line":38,"column":85}},"19":{"start":{"line":39,"column":4},"end":{"line":39,"column":86}},"20":{"start":{"line":40,"column":4},"end":{"line":40,"column":90}},"21":{"start":{"line":41,"column":4},"end":{"line":41,"column":90}},"22":{"start":{"line":42,"column":4},"end":{"line":42,"column":94}},"23":{"start":{"line":43,"column":4},"end":{"line":43,"column":88}},"24":{"start":{"line":46,"column":4},"end":{"line":46,"column":77}},"25":{"start":{"line":47,"column":4},"end":{"line":47,"column":77}},"26":{"start":{"line":48,"column":4},"end":{"line":48,"column":77}},"27":{"start":{"line":49,"column":4},"end":{"line":49,"column":77}},"28":{"start":{"line":50,"column":4},"end":{"line":50,"column":79}},"29":{"start":{"line":51,"column":4},"end":{"line":51,"column":83}},"30":{"start":{"line":52,"column":4},"end":{"line":52,"column":83}},"31":{"start":{"line":55,"column":4},"end":{"line":55,"column":87}},"32":{"start":{"line":56,"column":4},"end":{"line":56,"column":83}},"33":{"start":{"line":57,"column":4},"end":{"line":57,"column":88}},"34":{"start":{"line":58,"column":4},"end":{"line":58,"column":88}},"35":{"start":{"line":59,"column":4},"end":{"line":59,"column":92}},"36":{"start":{"line":60,"column":4},"end":{"line":60,"column":92}},"37":{"start":{"line":63,"column":4},"end":{"line":63,"column":81}},"38":{"start":{"line":64,"column":4},"end":{"line":67,"column":7}},"39":{"start":{"line":68,"column":4},"end":{"line":68,"column":89}},"40":{"start":{"line":69,"column":4},"end":{"line":69,"column":91}},"41":{"start":{"line":72,"column":4},"end":{"line":72,"column":75}},"42":{"start":{"line":73,"column":4},"end":{"line":73,"column":75}},"43":{"start":{"line":74,"column":4},"end":{"line":74,"column":90}},"44":{"start":{"line":75,"column":4},"end":{"line":75,"column":84}},"45":{"start":{"line":76,"column":4},"end":{"line":76,"column":81}},"46":{"start":{"line":79,"column":4},"end":{"line":82,"column":7}},"47":{"start":{"line":83,"column":4},"end":{"line":86,"column":7}},"48":{"start":{"line":87,"column":4},"end":{"line":90,"column":7}},"49":{"start":{"line":91,"column":4},"end":{"line":94,"column":7}},"50":{"start":{"line":95,"column":4},"end":{"line":98,"column":7}},"51":{"start":{"line":101,"column":4},"end":{"line":101,"column":74}},"52":{"start":{"line":102,"column":4},"end":{"line":102,"column":74}},"53":{"start":{"line":105,"column":4},"end":{"line":105,"column":80}},"54":{"start":{"line":106,"column":4},"end":{"line":106,"column":80}},"55":{"start":{"line":107,"column":4},"end":{"line":107,"column":85}},"56":{"start":{"line":108,"column":4},"end":{"line":108,"column":85}},"57":{"start":{"line":109,"column":4},"end":{"line":109,"column":84}},"58":{"start":{"line":110,"column":4},"end":{"line":110,"column":89}},"59":{"start":{"line":113,"column":4},"end":{"line":113,"column":81}},"60":{"start":{"line":114,"column":4},"end":{"line":114,"column":79}},"61":{"start":{"line":115,"column":4},"end":{"line":115,"column":85}},"62":{"start":{"line":116,"column":4},"end":{"line":116,"column":85}},"63":{"start":{"line":117,"column":4},"end":{"line":117,"column":81}},"64":{"start":{"line":118,"column":4},"end":{"line":118,"column":81}},"65":{"start":{"line":119,"column":4},"end":{"line":119,"column":85}},"66":{"start":{"line":122,"column":4},"end":{"line":122,"column":74}},"67":{"start":{"line":123,"column":4},"end":{"line":123,"column":71}},"68":{"start":{"line":124,"column":4},"end":{"line":124,"column":71}},"69":{"start":{"line":127,"column":4},"end":{"line":127,"column":74}},"70":{"start":{"line":128,"column":4},"end":{"line":128,"column":77}},"71":{"start":{"line":129,"column":4},"end":{"line":129,"column":75}},"72":{"start":{"line":130,"column":4},"end":{"line":130,"column":83}},"73":{"start":{"line":131,"column":4},"end":{"line":131,"column":78}},"74":{"start":{"line":132,"column":4},"end":{"line":132,"column":86}},"75":{"start":{"line":135,"column":4},"end":{"line":135,"column":71}},"76":{"start":{"line":136,"column":4},"end":{"line":136,"column":70}},"77":{"start":{"line":137,"column":4},"end":{"line":137,"column":70}},"78":{"start":{"line":140,"column":4},"end":{"line":140,"column":72}},"79":{"start":{"line":141,"column":4},"end":{"line":141,"column":79}},"80":{"start":{"line":144,"column":4},"end":{"line":144,"column":78}},"81":{"start":{"line":145,"column":4},"end":{"line":145,"column":82}},"82":{"start":{"line":149,"column":4},"end":{"line":149,"column":45}},"83":{"start":{"line":157,"column":4},"end":{"line":159,"column":5}},"84":{"start":{"line":158,"column":6},"end":{"line":158,"column":46}},"85":{"start":{"line":162,"column":4},"end":{"line":226,"column":5}},"86":{"start":{"line":163,"column":20},"end":{"line":163,"column":43}},"87":{"start":{"line":164,"column":6},"end":{"line":225,"column":7}},"88":{"start":{"line":165,"column":30},"end":{"line":165,"column":35}},"89":{"start":{"line":168,"column":8},"end":{"line":179,"column":9}},"90":{"start":{"line":169,"column":67},"end":{"line":175,"column":12}},"91":{"start":{"line":176,"column":10},"end":{"line":178,"column":11}},"92":{"start":{"line":177,"column":12},"end":{"line":177,"column":41}},"93":{"start":{"line":182,"column":8},"end":{"line":192,"column":9}},"94":{"start":{"line":183,"column":68},"end":{"line":188,"column":12}},"95":{"start":{"line":189,"column":10},"end":{"line":191,"column":11}},"96":{"start":{"line":190,"column":12},"end":{"line":190,"column":42}},"97":{"start":{"line":195,"column":8},"end":{"line":204,"column":9}},"98":{"start":{"line":196,"column":66},"end":{"line":200,"column":12}},"99":{"start":{"line":201,"column":10},"end":{"line":203,"column":11}},"100":{"start":{"line":202,"column":12},"end":{"line":202,"column":40}},"101":{"start":{"line":207,"column":8},"end":{"line":214,"column":9}},"102":{"start":{"line":208,"column":68},"end":{"line":210,"column":12}},"103":{"start":{"line":211,"column":10},"end":{"line":213,"column":11}},"104":{"start":{"line":212,"column":12},"end":{"line":212,"column":42}},"105":{"start":{"line":217,"column":8},"end":{"line":224,"column":9}},"106":{"start":{"line":218,"column":69},"end":{"line":220,"column":12}},"107":{"start":{"line":221,"column":10},"end":{"line":223,"column":11}},"108":{"start":{"line":222,"column":12},"end":{"line":222,"column":43}},"109":{"start":{"line":228,"column":4},"end":{"line":228,"column":16}},"110":{"start":{"line":235,"column":20},"end":{"line":235,"column":49}},"111":{"start":{"line":236,"column":4},"end":{"line":238,"column":5}},"112":{"start":{"line":237,"column":6},"end":{"line":237,"column":69}},"113":{"start":{"line":245,"column":4},"end":{"line":245,"column":41}},"114":{"start":{"line":252,"column":4},"end":{"line":252,"column":50}},"115":{"start":{"line":259,"column":4},"end":{"line":259,"column":30}},"116":{"start":{"line":11,"column":0},"end":{"line":11,"column":13}}},"fnMap":{"0":{"name":"(anonymous_0)","decl":{"start":{"line":15,"column":2},"end":{"line":15,"column":null}},"loc":{"start":{"line":15,"column":2},"end":{"line":17,"column":3}}},"1":{"name":"(anonymous_1)","decl":{"start":{"line":19,"column":10},"end":{"line":19,"column":28}},"loc":{"start":{"line":19,"column":28},"end":{"line":146,"column":3}}},"2":{"name":"(anonymous_2)","decl":{"start":{"line":148,"column":10},"end":{"line":148,"column":20}},"loc":{"start":{"line":148,"column":66},"end":{"line":150,"column":3}}},"3":{"name":"(anonymous_3)","decl":{"start":{"line":155,"column":2},"end":{"line":155,"column":12}},"loc":{"start":{"line":155,"column":33},"end":{"line":229,"column":3}}},"4":{"name":"(anonymous_4)","decl":{"start":{"line":234,"column":2},"end":{"line":234,"column":12}},"loc":{"start":{"line":234,"column":33},"end":{"line":239,"column":3}}},"5":{"name":"(anonymous_5)","decl":{"start":{"line":244,"column":2},"end":{"line":244,"column":16}},"loc":{"start":{"line":244,"column":16},"end":{"line":246,"column":3}}},"6":{"name":"(anonymous_6)","decl":{"start":{"line":251,"column":2},"end":{"line":251,"column":11}},"loc":{"start":{"line":251,"column":32},"end":{"line":253,"column":3}}},"7":{"name":"(anonymous_7)","decl":{"start":{"line":258,"column":2},"end":{"line":258,"column":7}},"loc":{"start":{"line":258,"column":7},"end":{"line":260,"column":3}}}},"branchMap":{"0":{"loc":{"start":{"line":157,"column":4},"end":{"line":159,"column":5}},"type":"if","locations":[{"start":{"line":157,"column":4},"end":{"line":159,"column":5}}]},"1":{"loc":{"start":{"line":162,"column":4},"end":{"line":226,"column":5}},"type":"if","locations":[{"start":{"line":162,"column":4},"end":{"line":226,"column":5}}]},"2":{"loc":{"start":{"line":164,"column":6},"end":{"line":225,"column":7}},"type":"if","locations":[{"start":{"line":164,"column":6},"end":{"line":225,"column":7}}]},"3":{"loc":{"start":{"line":168,"column":8},"end":{"line":179,"column":9}},"type":"if","locations":[{"start":{"line":168,"column":8},"end":{"line":179,"column":9}}]},"4":{"loc":{"start":{"line":168,"column":12},"end":{"line":168,"column":45}},"type":"binary-expr","locations":[{"start":{"line":168,"column":12},"end":{"line":168,"column":27}},{"start":{"line":168,"column":31},"end":{"line":168,"column":45}}]},"5":{"loc":{"start":{"line":176,"column":10},"end":{"line":178,"column":11}},"type":"if","locations":[{"start":{"line":176,"column":10},"end":{"line":178,"column":11}}]},"6":{"loc":{"start":{"line":182,"column":8},"end":{"line":192,"column":9}},"type":"if","locations":[{"start":{"line":182,"column":8},"end":{"line":192,"column":9}}]},"7":{"loc":{"start":{"line":182,"column":12},"end":{"line":182,"column":45}},"type":"binary-expr","locations":[{"start":{"line":182,"column":12},"end":{"line":182,"column":28}},{"start":{"line":182,"column":32},"end":{"line":182,"column":45}}]},"8":{"loc":{"start":{"line":189,"column":10},"end":{"line":191,"column":11}},"type":"if","locations":[{"start":{"line":189,"column":10},"end":{"line":191,"column":11}}]},"9":{"loc":{"start":{"line":195,"column":8},"end":{"line":204,"column":9}},"type":"if","locations":[{"start":{"line":195,"column":8},"end":{"line":204,"column":9}}]},"10":{"loc":{"start":{"line":201,"column":10},"end":{"line":203,"column":11}},"type":"if","locations":[{"start":{"line":201,"column":10},"end":{"line":203,"column":11}}]},"11":{"loc":{"start":{"line":207,"column":8},"end":{"line":214,"column":9}},"type":"if","locations":[{"start":{"line":207,"column":8},"end":{"line":214,"column":9}}]},"12":{"loc":{"start":{"line":211,"column":10},"end":{"line":213,"column":11}},"type":"if","locations":[{"start":{"line":211,"column":10},"end":{"line":213,"column":11}}]},"13":{"loc":{"start":{"line":217,"column":8},"end":{"line":224,"column":9}},"type":"if","locations":[{"start":{"line":217,"column":8},"end":{"line":224,"column":9}}]},"14":{"loc":{"start":{"line":221,"column":10},"end":{"line":223,"column":11}},"type":"if","locations":[{"start":{"line":221,"column":10},"end":{"line":223,"column":11}}]},"15":{"loc":{"start":{"line":236,"column":4},"end":{"line":238,"column":5}},"type":"if","locations":[{"start":{"line":236,"column":4},"end":{"line":238,"column":5}}]},"16":{"loc":{"start":{"line":237,"column":28},"end":{"line":237,"column":67}},"type":"binary-expr","locations":[{"start":{"line":237,"column":28},"end":{"line":237,"column":46}},{"start":{"line":237,"column":50},"end":{"line":237,"column":67}}]}},"s":{"0":19,"1":19,"2":19,"3":19,"4":19,"5":19,"6":19,"7":19,"8":19,"9":19,"10":19,"11":19,"12":19,"13":19,"14":19,"15":19,"16":19,"17":19,"18":19,"19":19,"20":19,"21":19,"22":19,"23":19,"24":19,"25":19,"26":19,"27":19,"28":19,"29":19,"30":19,"31":19,"32":19,"33":19,"34":19,"35":19,"36":19,"37":19,"38":19,"39":19,"40":19,"41":19,"42":19,"43":19,"44":19,"45":19,"46":19,"47":19,"48":19,"49":19,"50":19,"51":19,"52":19,"53":19,"54":19,"55":19,"56":19,"57":19,"58":19,"59":19,"60":19,"61":19,"62":19,"63":19,"64":19,"65":19,"66":19,"67":19,"68":19,"69":19,"70":19,"71":19,"72":19,"73":19,"74":19,"75":19,"76":19,"77":19,"78":19,"79":19,"80":19,"81":19,"82":1501,"83":0,"84":0,"85":0,"86":0,"87":0,"88":0,"89":0,"90":0,"91":0,"92":0,"93":0,"94":0,"95":0,"96":0,"97":0,"98":0,"99":0,"100":0,"101":0,"102":0,"103":0,"104":0,"105":0,"106":0,"107":0,"108":0,"109":0,"110":0,"111":0,"112":0,"113":6,"114":0,"115":0,"116":2},"f":{"0":19,"1":19,"2":1501,"3":0,"4":0,"5":6,"6":0,"7":0},"b":{"0":[0],"1":[0],"2":[0],"3":[0],"4":[0,0],"5":[0],"6":[0],"7":[0,0],"8":[0],"9":[0],"10":[0],"11":[0],"12":[0],"13":[0],"14":[0],"15":[0],"16":[0,0]}}
,"/workspaces/AikScript/typescript-transpiler/src/core/expressions.ts": {"path":"/workspaces/AikScript/typescript-transpiler/src/core/expressions.ts","statementMap":{"0":{"start":{"line":1,"column":0},"end":{"line":1,"column":33}},"1":{"start":{"line":13,"column":4},"end":{"line":13,"column":43}},"2":{"start":{"line":20,"column":4},"end":{"line":22,"column":5}},"3":{"start":{"line":21,"column":6},"end":{"line":21,"column":56}},"4":{"start":{"line":24,"column":4},"end":{"line":26,"column":5}},"5":{"start":{"line":25,"column":6},"end":{"line":25,"column":64}},"6":{"start":{"line":28,"column":4},"end":{"line":30,"column":5}},"7":{"start":{"line":29,"column":6},"end":{"line":29,"column":54}},"8":{"start":{"line":32,"column":4},"end":{"line":34,"column":5}},"9":{"start":{"line":33,"column":6},"end":{"line":33,"column":50}},"10":{"start":{"line":36,"column":4},"end":{"line":38,"column":5}},"11":{"start":{"line":37,"column":6},"end":{"line":37,"column":36}},"12":{"start":{"line":40,"column":4},"end":{"line":42,"column":5}},"13":{"start":{"line":41,"column":6},"end":{"line":41,"column":29}},"14":{"start":{"line":44,"column":4},"end":{"line":49,"column":5}},"15":{"start":{"line":48,"column":6},"end":{"line":48,"column":78}},"16":{"start":{"line":51,"column":4},"end":{"line":53,"column":5}},"17":{"start":{"line":52,"column":6},"end":{"line":52,"column":68}},"18":{"start":{"line":55,"column":4},"end":{"line":57,"column":5}},"19":{"start":{"line":56,"column":6},"end":{"line":56,"column":63}},"20":{"start":{"line":59,"column":4},"end":{"line":61,"column":5}},"21":{"start":{"line":60,"column":6},"end":{"line":60,"column":63}},"22":{"start":{"line":63,"column":4},"end":{"line":65,"column":5}},"23":{"start":{"line":64,"column":6},"end":{"line":64,"column":62}},"24":{"start":{"line":67,"column":4},"end":{"line":67,"column":32}},"25":{"start":{"line":71,"column":17},"end":{"line":71,"column":58}},"26":{"start":{"line":72,"column":18},"end":{"line":72,"column":60}},"27":{"start":{"line":73,"column":21},"end":{"line":73,"column":69}},"28":{"start":{"line":76,"column":4},"end":{"line":78,"column":5}},"29":{"start":{"line":77,"column":6},"end":{"line":77,"column":44}},"30":{"start":{"line":80,"column":4},"end":{"line":80,"column":42}},"31":{"start":{"line":84,"column":16},"end":{"line":84,"column":63}},"32":{"start":{"line":85,"column":17},"end":{"line":85,"column":37}},"33":{"start":{"line":88,"column":4},"end":{"line":90,"column":5}},"34":{"start":{"line":89,"column":6},"end":{"line":89,"column":39}},"35":{"start":{"line":93,"column":21},"end":{"line":93,"column":37}},"36":{"start":{"line":94,"column":27},"end":{"line":94,"column":68}},"37":{"start":{"line":95,"column":4},"end":{"line":97,"column":5}},"38":{"start":{"line":96,"column":6},"end":{"line":96,"column":38}},"39":{"start":{"line":99,"column":4},"end":{"line":99,"column":28}},"40":{"start":{"line":106,"column":19},"end":{"line":106,"column":66}},"41":{"start":{"line":107,"column":17},"end":{"line":109,"column":17}},"42":{"start":{"line":108,"column":35},"end":{"line":108,"column":64}},"43":{"start":{"line":112,"column":27},"end":{"line":112,"column":66}},"44":{"start":{"line":113,"column":4},"end":{"line":115,"column":5}},"45":{"start":{"line":114,"column":6},"end":{"line":114,"column":52}},"46":{"start":{"line":117,"column":4},"end":{"line":117,"column":32}},"47":{"start":{"line":122,"column":4},"end":{"line":124,"column":5}},"48":{"start":{"line":123,"column":6},"end":{"line":123,"column":31}},"49":{"start":{"line":125,"column":4},"end":{"line":125,"column":27}},"50":{"start":{"line":129,"column":16},"end":{"line":129,"column":63}},"51":{"start":{"line":130,"column":18},"end":{"line":130,"column":73}},"52":{"start":{"line":131,"column":4},"end":{"line":131,"column":30}},"53":{"start":{"line":136,"column":23},"end":{"line":143,"column":17}},"54":{"start":{"line":137,"column":55},"end":{"line":137,"column":84}},"55":{"start":{"line":139,"column":21},"end":{"line":139,"column":40}},"56":{"start":{"line":140,"column":22},"end":{"line":140,"column":64}},"57":{"start":{"line":141,"column":8},"end":{"line":141,"column":35}},"58":{"start":{"line":145,"column":4},"end":{"line":145,"column":31}},"59":{"start":{"line":149,"column":21},"end":{"line":149,"column":95}},"60":{"start":{"line":149,"column":53},"end":{"line":149,"column":83}},"61":{"start":{"line":150,"column":4},"end":{"line":150,"column":27}},"62":{"start":{"line":154,"column":4},"end":{"line":177,"column":5}},"63":{"start":{"line":156,"column":8},"end":{"line":156,"column":19}},"64":{"start":{"line":158,"column":8},"end":{"line":158,"column":19}},"65":{"start":{"line":160,"column":8},"end":{"line":160,"column":19}},"66":{"start":{"line":162,"column":8},"end":{"line":162,"column":19}},"67":{"start":{"line":164,"column":8},"end":{"line":164,"column":20}},"68":{"start":{"line":166,"column":8},"end":{"line":166,"column":20}},"69":{"start":{"line":168,"column":8},"end":{"line":168,"column":19}},"70":{"start":{"line":170,"column":8},"end":{"line":170,"column":19}},"71":{"start":{"line":172,"column":8},"end":{"line":172,"column":20}},"72":{"start":{"line":174,"column":8},"end":{"line":174,"column":20}},"73":{"start":{"line":176,"column":8},"end":{"line":176,"column":34}},"74":{"start":{"line":9,"column":0},"end":{"line":9,"column":13}}},"fnMap":{"0":{"name":"(anonymous_9)","decl":{"start":{"line":12,"column":2},"end":{"line":12,"column":14}},"loc":{"start":{"line":12,"column":46},"end":{"line":14,"column":3}}},"1":{"name":"(anonymous_10)","decl":{"start":{"line":19,"column":2},"end":{"line":19,"column":21}},"loc":{"start":{"line":19,"column":47},"end":{"line":68,"column":3}}},"2":{"name":"(anonymous_11)","decl":{"start":{"line":70,"column":10},"end":{"line":70,"column":35}},"loc":{"start":{"line":70,"column":67},"end":{"line":81,"column":3}}},"3":{"name":"(anonymous_12)","decl":{"start":{"line":83,"column":10},"end":{"line":83,"column":43}},"loc":{"start":{"line":83,"column":83},"end":{"line":100,"column":3}}},"4":{"name":"(anonymous_13)","decl":{"start":{"line":105,"column":10},"end":{"line":105,"column":33}},"loc":{"start":{"line":105,"column":63},"end":{"line":118,"column":3}}},"5":{"name":"(anonymous_14)","decl":{"start":{"line":108,"column":11},"end":{"line":108,"column":12}},"loc":{"start":{"line":108,"column":35},"end":{"line":108,"column":64}}},"6":{"name":"(anonymous_15)","decl":{"start":{"line":120,"column":10},"end":{"line":120,"column":29}},"loc":{"start":{"line":120,"column":55},"end":{"line":126,"column":3}}},"7":{"name":"(anonymous_16)","decl":{"start":{"line":128,"column":10},"end":{"line":128,"column":42}},"loc":{"start":{"line":128,"column":81},"end":{"line":132,"column":3}}},"8":{"name":"(anonymous_17)","decl":{"start":{"line":134,"column":10},"end":{"line":134,"column":42}},"loc":{"start":{"line":134,"column":81},"end":{"line":146,"column":3}}},"9":{"name":"(anonymous_18)","decl":{"start":{"line":137,"column":14},"end":{"line":137,"column":15}},"loc":{"start":{"line":137,"column":55},"end":{"line":137,"column":84}}},"10":{"name":"(anonymous_19)","decl":{"start":{"line":138,"column":11},"end":{"line":138,"column":15}},"loc":{"start":{"line":138,"column":18},"end":{"line":142,"column":7}}},"11":{"name":"(anonymous_20)","decl":{"start":{"line":148,"column":10},"end":{"line":148,"column":41}},"loc":{"start":{"line":148,"column":79},"end":{"line":151,"column":3}}},"12":{"name":"(anonymous_21)","decl":{"start":{"line":149,"column":45},"end":{"line":149,"column":49}},"loc":{"start":{"line":149,"column":53},"end":{"line":149,"column":83}}},"13":{"name":"(anonymous_22)","decl":{"start":{"line":153,"column":10},"end":{"line":153,"column":27}},"loc":{"start":{"line":153,"column":60},"end":{"line":178,"column":3}}}},"branchMap":{"0":{"loc":{"start":{"line":20,"column":4},"end":{"line":22,"column":5}},"type":"if","locations":[{"start":{"line":20,"column":4},"end":{"line":22,"column":5}}]},"1":{"loc":{"start":{"line":24,"column":4},"end":{"line":26,"column":5}},"type":"if","locations":[{"start":{"line":24,"column":4},"end":{"line":26,"column":5}}]},"2":{"loc":{"start":{"line":28,"column":4},"end":{"line":30,"column":5}},"type":"if","locations":[{"start":{"line":28,"column":4},"end":{"line":30,"column":5}}]},"3":{"loc":{"start":{"line":32,"column":4},"end":{"line":34,"column":5}},"type":"if","locations":[{"start":{"line":32,"column":4},"end":{"line":34,"column":5}}]},"4":{"loc":{"start":{"line":36,"column":4},"end":{"line":38,"column":5}},"type":"if","locations":[{"start":{"line":36,"column":4},"end":{"line":38,"column":5}}]},"5":{"loc":{"start":{"line":40,"column":4},"end":{"line":42,"column":5}},"type":"if","locations":[{"start":{"line":40,"column":4},"end":{"line":42,"column":5}}]},"6":{"loc":{"start":{"line":44,"column":4},"end":{"line":49,"column":5}},"type":"if","locations":[{"start":{"line":44,"column":4},"end":{"line":49,"column":5}}]},"7":{"loc":{"start":{"line":45,"column":6},"end":{"line":46,"column":52}},"type":"binary-expr","locations":[{"start":{"line":45,"column":6},"end":{"line":45,"column":51}},{"start":{"line":46,"column":6},"end":{"line":46,"column":52}}]},"8":{"loc":{"start":{"line":48,"column":13},"end":{"line":48,"column":77}},"type":"cond-expr","locations":[{"start":{"line":48,"column":61},"end":{"line":48,"column":67}},{"start":{"line":48,"column":70},"end":{"line":48,"column":77}}]},"9":{"loc":{"start":{"line":51,"column":4},"end":{"line":53,"column":5}},"type":"if","locations":[{"start":{"line":51,"column":4},"end":{"line":53,"column":5}}]},"10":{"loc":{"start":{"line":55,"column":4},"end":{"line":57,"column":5}},"type":"if","locations":[{"start":{"line":55,"column":4},"end":{"line":57,"column":5}}]},"11":{"loc":{"start":{"line":59,"column":4},"end":{"line":61,"column":5}},"type":"if","locations":[{"start":{"line":59,"column":4},"end":{"line":61,"column":5}}]},"12":{"loc":{"start":{"line":63,"column":4},"end":{"line":65,"column":5}},"type":"if","locations":[{"start":{"line":63,"column":4},"end":{"line":65,"column":5}}]},"13":{"loc":{"start":{"line":76,"column":4},"end":{"line":78,"column":5}},"type":"if","locations":[{"start":{"line":76,"column":4},"end":{"line":78,"column":5}}]},"14":{"loc":{"start":{"line":76,"column":8},"end":{"line":76,"column":46}},"type":"binary-expr","locations":[{"start":{"line":76,"column":8},"end":{"line":76,"column":25}},{"start":{"line":76,"column":29},"end":{"line":76,"column":46}}]},"15":{"loc":{"start":{"line":88,"column":4},"end":{"line":90,"column":5}},"type":"if","locations":[{"start":{"line":88,"column":4},"end":{"line":90,"column":5}}]},"16":{"loc":{"start":{"line":95,"column":4},"end":{"line":97,"column":5}},"type":"if","locations":[{"start":{"line":95,"column":4},"end":{"line":97,"column":5}}]},"17":{"loc":{"start":{"line":113,"column":4},"end":{"line":115,"column":5}},"type":"if","locations":[{"start":{"line":113,"column":4},"end":{"line":115,"column":5}}]},"18":{"loc":{"start":{"line":122,"column":4},"end":{"line":124,"column":5}},"type":"if","locations":[{"start":{"line":122,"column":4},"end":{"line":124,"column":5}}]},"19":{"loc":{"start":{"line":154,"column":4},"end":{"line":177,"column":5}},"type":"switch","locations":[{"start":{"line":155,"column":6},"end":{"line":156,"column":19}},{"start":{"line":157,
[...]
line":430,"column":2},"end":{"line":430,"column":15}},"52":{"start":{"line":435,"column":2},"end":{"line":435,"column":45}},"53":{"start":{"line":435,"column":34},"end":{"line":435,"column":45}},"54":{"start":{"line":436,"column":2},"end":{"line":436,"column":44}},"55":{"start":{"line":436,"column":34},"end":{"line":436,"column":44}},"56":{"start":{"line":437,"column":2},"end":{"line":437,"column":12}},"57":{"start":{"line":442,"column":2},"end":{"line":442,"column":45}},"58":{"start":{"line":442,"column":35},"end":{"line":442,"column":45}},"59":{"start":{"line":443,"column":2},"end":{"line":443,"column":47}},"60":{"start":{"line":443,"column":35},"end":{"line":443,"column":47}},"61":{"start":{"line":445,"column":15},"end":{"line":445,"column":17}},"62":{"start":{"line":446,"column":20},"end":{"line":446,"column":24}},"63":{"start":{"line":447,"column":24},"end":{"line":447,"column":32}},"64":{"start":{"line":449,"column":2},"end":{"line":455,"column":3}},"65":{"start":{"line":450,"column":4},"end":{"line":452,"column":5}},"66":{"start":{"line":451,"column":6},"end":{"line":451,"column":52}},"67":{"start":{"line":453,"column":4},"end":{"line":453,"column":60}},"68":{"start":{"line":454,"column":4},"end":{"line":454,"column":57}},"69":{"start":{"line":457,"column":2},"end":{"line":457,"column":16}},"70":{"start":{"line":462,"column":2},"end":{"line":462,"column":56}},"71":{"start":{"line":467,"column":2},"end":{"line":467,"column":56}},"72":{"start":{"line":472,"column":2},"end":{"line":472,"column":40}},"73":{"start":{"line":472,"column":30},"end":{"line":472,"column":40}},"74":{"start":{"line":473,"column":2},"end":{"line":473,"column":62}},"75":{"start":{"line":473,"column":52},"end":{"line":473,"column":62}},"76":{"start":{"line":475,"column":15},"end":{"line":475,"column":17}},"77":{"start":{"line":476,"column":10},"end":{"line":476,"column":12}},"78":{"start":{"line":477,"column":2},"end":{"line":480,"column":3}},"79":{"start":{"line":478,"column":4},"end":{"line":478,"column":40}},"80":{"start":{"line":479,"column":4},"end":{"line":479,"column":26}},"81":{"start":{"line":481,"column":2},"end":{"line":481,"column":16}},"82":{"start":{"line":490,"column":2},"end":{"line":490,"column":45}},"83":{"start":{"line":495,"column":2},"end":{"line":495,"column":68}},"84":{"start":{"line":500,"column":24},"end":{"line":500,"column":44}},"85":{"start":{"line":501,"column":22},"end":{"line":501,"column":40}},"86":{"start":{"line":502,"column":22},"end":{"line":502,"column":55}},"87":{"start":{"line":503,"column":20},"end":{"line":503,"column":51}},"88":{"start":{"line":505,"column":2},"end":{"line":505,"column":60}},"89":{"start":{"line":505,"column":47},"end":{"line":505,"column":60}},"90":{"start":{"line":507,"column":10},"end":{"line":507,"column":12}},"91":{"start":{"line":508,"column":19},"end":{"line":508,"column":58}},"92":{"start":{"line":510,"column":2},"end":{"line":514,"column":3}},"93":{"start":{"line":511,"column":18},"end":{"line":511,"column":77}},"94":{"start":{"line":512,"column":4},"end":{"line":512,"column":58}},"95":{"start":{"line":512,"column":46},"end":{"line":512,"column":58}},"96":{"start":{"line":513,"column":4},"end":{"line":513,"column":26}},"97":{"start":{"line":516,"column":2},"end":{"line":516,"column":15}},"98":{"start":{"line":521,"column":17},"end":{"line":521,"column":30}},"99":{"start":{"line":522,"column":17},"end":{"line":522,"column":30}},"100":{"start":{"line":523,"column":15},"end":{"line":523,"column":41}},"101":{"start":{"line":524,"column":15},"end":{"line":524,"column":41}},"102":{"start":{"line":526,"column":17},"end":{"line":526,"column":43}},"103":{"start":{"line":528,"column":10},"end":{"line":528,"column":12}},"104":{"start":{"line":529,"column":2},"end":{"line":537,"column":3}},"105":{"start":{"line":530,"column":18},"end":{"line":530,"column":44}},"106":{"start":{"line":531,"column":18},"end":{"line":531,"column":44}},"107":{"start":{"line":533,"column":4},"end":{"line":533,"column":66}},"108":{"start":{"line":533,"column":55},"end":{"line":533,"column":66}},"109":{"start":{"line":534,"column":4},"end":{"line":534,"column":65}},"110":{"start":{"line":534,"column":55},"end":{"line":534,"column":65}},"111":{"start":{"line":536,"column":4},"end":{"line":536,"column":26}},"112":{"start":{"line":539,"column":2},"end":{"line":539,"column":46}},"113":{"start":{"line":539,"column":35},"end":{"line":539,"column":46}},"114":{"start":{"line":540,"column":2},"end":{"line":540,"column":45}},"115":{"start":{"line":540,"column":35},"end":{"line":540,"column":45}},"116":{"start":{"line":541,"column":2},"end":{"line":541,"column":12}},"117":{"start":{"line":546,"column":19},"end":{"line":546,"column":34}},"118":{"start":{"line":547,"column":22},"end":{"line":547,"column":40}},"119":{"start":{"line":548,"column":20},"end":{"line":548,"column":51}},"120":{"start":{"line":550,"column":2},"end":{"line":550,"column":77}},"121":{"start":{"line":550,"column":64},"end":{"line":550,"column":77}},"122":{"start":{"line":552,"column":20},"end":{"line":552,"column":60}},"123":{"start":{"line":553,"column":2},"end":{"line":553,"column":50}},"124":{"start":{"line":558,"column":19},"end":{"line":558,"column":34}},"125":{"start":{"line":559,"column":22},"end":{"line":559,"column":40}},"126":{"start":{"line":560,"column":17},"end":{"line":560,"column":45}},"127":{"start":{"line":561,"column":20},"end":{"line":561,"column":51}},"128":{"start":{"line":563,"column":2},"end":{"line":563,"column":55}},"129":{"start":{"line":563,"column":42},"end":{"line":563,"column":55}},"130":{"start":{"line":565,"column":16},"end":{"line":565,"column":50}},"131":{"start":{"line":566,"column":20},"end":{"line":566,"column":60}},"132":{"start":{"line":567,"column":2},"end":{"line":567,"column":50}},"133":{"start":{"line":572,"column":19},"end":{"line":572,"column":34}},"134":{"start":{"line":573,"column":17},"end":{"line":573,"column":45}},"135":{"start":{"line":575,"column":23},"end":{"line":575,"column":72}},"136":{"start":{"line":576,"column":21},"end":{"line":576,"column":78}},"137":{"start":{"line":578,"column":22},"end":{"line":578,"column":73}},"138":{"start":{"line":579,"column":2},"end":{"line":579,"column":33}},"139":{"start":{"line":584,"column":27},"end":{"line":584,"column":29}},"140":{"start":{"line":585,"column":19},"end":{"line":585,"column":34}},"141":{"start":{"line":586,"column":25},"end":{"line":586,"column":46}},"142":{"start":{"line":587,"column":23},"end":{"line":587,"column":57}},"143":{"start":{"line":589,"column":2},"end":{"line":599,"column":3}},"144":{"start":{"line":591,"column":19},"end":{"line":591,"column":47}},"145":{"start":{"line":592,"column":12},"end":{"line":592,"column":14}},"146":{"start":{"line":593,"column":4},"end":{"line":597,"column":5}},"147":{"start":{"line":594,"column":24},"end":{"line":594,"column":71}},"148":{"start":{"line":595,"column":6},"end":{"line":595,"column":41}},"149":{"start":{"line":596,"column":6},"end":{"line":596,"column":28}},"150":{"start":{"line":598,"column":4},"end":{"line":598,"column":18}},"151":{"start":{"line":601,"column":19},"end":{"line":601,"column":21}},"152":{"start":{"line":602,"column":17},"end":{"line":602,"column":45}},"153":{"start":{"line":604,"column":2},"end":{"line":623,"column":3}},"154":{"start":{"line":605,"column":22},"end":{"line":605,"column":57}},"155":{"start":{"line":606,"column":4},"end":{"line":611,"column":5}},"156":{"start":{"line":608,"column":24},"end":{"line":608,"column":69}},"157":{"start":{"line":609,"column":6},"end":{"line":609,"column":41}},"158":{"start":{"line":610,"column":6},"end":{"line":610,"column":12}},"159":{"start":{"line":614,"column":23},"end":{"line":614,"column":98}},"160":{"start":{"line":615,"column":4},"end":{"line":622,"column":5}},"161":{"start":{"line":617,"column":24},"end":{"line":617,"column":73}},"162":{"start":{"line":618,"column":6},"end":{"line":618,"column":41}},"163":{"start":{"line":619,"column":6},"end":{"line":619,"column":56}},"164":{"start":{"line":621,"column":6},"end":{"line":621,"column":46}},"165":{"start":{"line":625,"column":2},"end":{"line":625,"column":16}}},"fnMap":{"0":{"name":"contract","decl":{"start":{"line":95,"column":16},"end":{"line":95,"column":24}},"loc":{"start":{"line":95,"column":37},"end":{"line":101,"column":1}}},"1":{"name":"(anonymous_1)","decl":{"start":{"line":96,"column":9},"end":{"line":96,"column":57}},"loc":{"start":{"line":96,"column":66},"end":{"line":100,"column":3}}},"2":{"name":"datum","decl":{"start":{"line":103,"column":16},"end":{"line":103,"column":21}},"loc":{"start":{"line":103,"column":54},"end":{"line":107,"column":1}}},"3":{"name":"validator","decl":{"start":{"line":109,"column":16},"end":{"line":109,"column":25}},"loc":{"start":{"line":109,"column":41},"end":{"line":119,"column":1}}},"4":{"name":"(anonymous_4)","decl":{"start":{"line":110,"column":9},"end":{"line":110,"column":19}},"loc":{"start":{"line":110,"column":83},"end":{"line":118,"column":3}}},"5":{"name":"pubKeyHash","decl":{"start":{"line":122,"column":16},"end":{"line":122,"column":26}},"loc":{"start":{"line":122,"column":39},"end":{"line":124,"column":1}}},"6":{"name":"scriptHash","decl":{"start":{"line":126,"column":16},"end":{"line":126,"column":26}},"loc":{"start":{"line":126,"column":39},"end":{"line":128,"column":1}}},"7":{"name":"ada","decl":{"start":{"line":130,"column":16},"end":{"line":130,"column":19}},"loc":{"start":{"line":130,"column":34},"end":{"line":132,"column":1}}},"8":{"name":"assetName","decl":{"start":{"line":134,"column":16},"end":{"line":134,"column":25}},"loc":{"start":{"line":134,"column":38},"end":{"line":136,"column":1}}},"9":{"name":"policyId","decl":{"start":{"line":138,"column":16},"end":{"line":138,"column":24}},"loc":{"start":{"line":138,"column":35},"end":{"line":140,"column":1}}},"10":{"name":"(anonymous_10)","decl":{"start":{"line":290,"column":20},"end":{"line":290,"column":24}},"loc":{"start":{"line":290,"column":49},"end":{"line":290,"column":72}}},"11":{"name":"convenienceAbs","decl":{"start":{"line":412,"column":16},"end":{"line":412,"column":30}},"loc":{"start":{"line":412,"column":41},"end":{"line":414,"column":1}}},"12":{"name":"convenienceMin","decl":{"start":{"line":417,"column":16},"end":{"line":417,"column":30}},"loc":{"start":{"line":417,"column":45},"end":{"line":419,"column":1}}},"13":{"name":"convenienceMax","decl":{"start":{"line":422,"column":16},"end":{"line":422,"column":30}},"loc":{"start":{"line":422,"column":45},"end":{"line":424,"column":1}}},"14":{"name":"convenienceClamp","decl":{"start":{"line":427,"column":16},"end":{"line":427,"column":32}},"loc":{"start":{"line":427,"column":69},"end":{"line":431,"column":1}}},"15":{"name":"convenienceSign","decl":{"start":{"line":434,"column":16},"end":{"line":434,"column":31}},"loc":{"start":{"line":434,"column":42},"end":{"line":438,"column":1}}},"16":{"name":"conveniencePow","decl":{"start":{"line":441,"column":16},"end":{"line":441,"column":30}},"loc":{"start":{"line":441,"column":55},"end":{"line":458,"column":1}}},"17":{"name":"convenienceIsEven","decl":{"start":{"line":461,"column":16},"end":{"line":461,"column":33}},"loc":{"start":{"line":461,"column":44},"end":{"line":463,"column":1}}},"18":{"name":"convenienceIsOdd","decl":{"start":{"line":466,"column":16},"end":{"line":466,"column":32}},"loc":{"start":{"line":466,"column":43},"end":{"line":468,"column":1}}},"19":{"name":"convenienceFactorial","decl":{"start":{"line":471,"column":16},"end":{"line":471,"column":36}},"loc":{"start":{"line":471,"column":43},"end":{"line":482,"column":1}}},"20":{"name":"convenienceStringLength","decl":{"start":{"line":489,"column":16},"end":{"line":489,"column":39}},"loc":{"start":{"line":489,"column":51},"end":{"line":491,"column":1}}},"21":{"name":"convenienceStringConcat","decl":{"start":{"line":494,"column":16},"end":{"line":494,"column":39}},"loc":{"start":{"line":494,"column":60},"end":{"line":496,"column":1}}},"22":{"name":"convenienceStringContains","decl":{"start":{"line":499,"column":16},"end":{"line":499,"column":41}},"loc":{"start":{"line":499,"column":74},"end":{"line":517,"column":1}}},"23":{"name":"convenienceStringCompare","decl":{"start":{"line":520,"column":16},"end":{"line":520,"column":40}},"loc":{"start":{"line":520,"column":61},"end":{"line":542,"column":1}}},"24":{"name":"convenienceStringStartsWith","decl":{"start":{"line":545,"column":16},"end":{"line":545,"column":43}},"loc":{"start":{"line":545,"column":71},"end":{"line":554,"column":1}}},"25":{"name":"convenienceStringEndsWith","decl":{"start":{"line":557,"column":16},"end":{"line":557,"column":41}},"loc":{"start":{"line":557,"column":69},"end":{"line":568,"column":1}}},"26":{"name":"convenienceSubstring","decl":{"start":{"line":571,"column":16},"end":{"line":571,"column":36}},"loc":{"start":{"line":571,"column":70},"end":{"line":580,"column":1}}},"27":{"name":"convenienceStringSplit","decl":{"start":{"line":583,"column":16},"end":{"line":583,"column":38}},"loc":{"start":{"line":583,"column":69},"end":{"line":626,"column":1}}}},"branchMap":{"0":{"loc":{"start":{"line":104,"column":18},"end":{"line":104,"column":59}},"type":"binary-expr","locations":[{"start":{"line":104,"column":18},"end":{"line":104,"column":53}},{"start":{"line":104,"column":57},"end":{"line":104,"column":59}}]},"1":{"loc":{"start":{"line":111,"column":24},"end":{"line":111,"column":69}},"type":"binary-expr","locations":[{"start":{"line":111,"column":24},"end":{"line":111,"column":63}},{"start":{"line":111,"column":67},"end":{"line":111,"column":69}}]},"2":{"loc":{"start":{"line":413,"column":9},"end":{"line":413,"column":72}},"type":"cond-expr","locations":[{"start":{"line":413,"column":38},"end":{"line":413,"column":64}},{"start":{"line":413,"column":67},"end":{"line":413,"column":72}}]},"3":{"loc":{"start":{"line":418,"column":9},"end":{"line":418,"column":38}},"type":"cond-expr","locations":[{"start":{"line":418,"column":33},"end":{"line":418,"column":34}},{"start":{"line":418,"column":37},"end":{"line":418,"column":38}}]},"4":{"loc":{"start":{"line":423,"column":9},"end":{"line":423,"column":38}},"type":"cond-expr","locations":[{"start":{"line":423,"column":33},"end":{"line":423,"column":34}},{"start":{"line":423,"column":37},"end":{"line":423,"column":38}}]},"5":{"loc":{"start":{"line":428,"column":2},"end":{"line":428,"column":52}},"type":"if","locations":[{"start":{"line":428,"column":2},"end":{"line":428,"column":52}}]},"6":{"loc":{"start":{"line":429,"column":2},"end":{"line":429,"column":52}},"type":"if","locations":[{"start":{"line":429,"column":2},"end":{"line":429,"column":52}}]},"7":{"loc":{"start":{"line":435,"column":2},"end":{"line":435,"column":45}},"type":"if","locations":[{"start":{"line":435,"column":2},"end":{"line":435,"column":45}}]},"8":{"loc":{"start":{"line":436,"column":2},"end":{"line":436,"column":44}},"type":"if","locations":[{"start":{"line":436,"column":2},"end":{"line":436,"column":44}}]},"9":{"loc":{"start":{"line":442,"column":2},"end":{"line":442,"column":45}},"type":"if","locations":[{"start":{"line":442,"column":2},"end":{"line":442,"column":45}}]},"10":{"loc":{"start":{"line":443,"column":2},"end":{"line":443,"column":47}},"type":"if","locations":[{"start":{"line":443,"column":2},"end":{"line":443,"column":47}}]},"11":{"loc":{"start":{"line":450,"column":4},"end":{"line":452,"column":5}},"type":"if","locations":[{"start":{"line":450,"column":4},"end":{"line":452,"column":5}}]},"12":{"loc":{"start":{"line":472,"column":2},"end":{"line":472,"column":40}},"type":"if","locations":[{"start":{"line":472,"column":2},"end":{"line":472,"column":40}}]},"13":{"loc":{"start":{"line":473,"column":2},"end":{"line":473,"column":62}},"type":"if","locations":[{"start":{"line":473,"column":2},"end":{"line":473,"column":62}}]},"14":{"loc":{"start":{"line":473,"column":6},"end":{"line":473,"column":50}},"type":"binary-expr","locations":[{"start":{"line":473,"column":6},"end":{"line":473,"column":26}},{"start":{"line":473,"column":30},"end":{"line":473,"column":50}}]},"15":{"loc":{"start":{"line":505,"column":2},"end":{"line":505,"column":60}},"type":"if","locations":[{"start":{"line":505,"column":2},"end":{"line":505,"column":60}}]},"16":{"loc":{"start":{"line":512,"column":4},"end":{"line":512,"column":58}},"type":"if","locations":[{"start":{"line":512,"column":4},"end":{"line":512,"column":58}}]},"17":{"loc":{"start":{"line":533,"column":4},"end":{"line":533,"column":66}},"type":"if","locations":[{"start":{"line":533,"column":4},"end":{"line":533,"column":66}}]},"18":{"loc":{"start":{"line":534,"column":4},"end":{"line":534,"column":65}},"type":"if","locations":[{"start":{"line":534,"column":4},"end":{"line":534,"column":65}}]},"19":{"loc":{"start":{"line":539,"column":2},"end":{"line":539,"column":46}},"type":"if","locations":[{"start":{"line":539,"column":2},"end":{"line":539,"column":46}}]},"20":{"loc":{"start":{"line":540,"column":2},"end":{"line":540,"column":45}},"type":"if","locations":[{"start":{"line":540,"column":2},"end":{"line":540,"column":45}}]},"21":{"loc":{"start":{"line":550,"column":2},"end":{"line":550,"column":77}},"type":"if","locations":[{"start":{"line":550,"column":2},"end":{"line":550,"column":77}}]},"22":{"loc":{"start":{"line":563,"column":2},"end":{"line":563,"column":55}},"type":"if","locations":[{"start":{"line":563,"column":2},"end":{"line":563,"column":55}}]},"23":{"loc":{"start":{"line":589,"column":2},"end":{"line":599,"column":3}},"type":"if","locations":[{"start":{"line":589,"column":2},"end":{"line":599,"column":3}}]},"24":{"loc":{"start":{"line":606,"column":4},"end":{"line":611,"column":5}},"type":"if","locations":[{"start":{"line":606,"column":4},"end":{"line":611,"column":5}}]},"25":{"loc":{"start":{"line":615,"column":4},"end":{"line":622,"column":5}},"type":"if","locations":[{"start":{"line":615,"column":4},"end":{"line":622,"column":5}},{"start":{"line":620,"column":11},"end":{"line":622,"column":5}}]}},"s":{"0":0,"1":0,"2":0,"3":0,"4":0,"5":0,"6":0,"7":0,"8":0,"9":0,"10":0,"11":0,"12":0,"13":0,"14":0,"15":0,"16":0,"17":0,"18":0,"19":0,"20":0,"21":0,"22":0,"23":0,"24":0,"25":0,"26":0,"27":0,"28":0,"29":0,"30":0,"31":0,"32":0,"33":0,"34":0,"35":0,"36":0,"37":0,"38":0,"39":0,"40":0,"41":0,"42":0,"43":0,"44":0,"45":0,"46":0,"47":0,"48":0,"49":0,"50":0,"51":0,"52":0,"53":0,"54":0,"55":0,"56":0,"57":0,"58":0,"59":0,"60":0,"61":0,"62":0,"63":0,"64":0,"65":0,"66":0,"67":0,"68":0,"69":0,"70":0,"71":0,"72":0,"73":0,"74":0,"75":0,"76":0,"77":0,"78":0,"79":0,"80":0,"81":0,"82":0,"83":0,"84":0,"85":0,"86":0,"87":0,"88":0,"89":0,"90":0,"91":0,"92":0,"93":0,"94":0,"95":0,"96":0,"97":0,"98":0,"99":0,"100":0,"101":0,"102":0,"103":0,"104":0,"105":0,"106":0,"107":0,"108":0,"109":0,"110":0,"111":0,"112":0,"113":0,"114":0,"115":0,"116":0,"117":0,"118":0,"119":0,"120":0,"121":0,"122":0,"123":0,"124":0,"125":0,"126":0,"127":0,"128":0,"129":0,"130":0,"131":0,"132":0,"133":0,"134":0,"135":0,"136":0,"137":0,"138":0,"139":0,"140":0,"141":0,"142":0,"143":0,"144":0,"145":0,"146":0,"147":0,"148":0,"149":0,"150":0,"151":0,"152":0,"153":0,"154":0,"155":0,"156":0,"157":0,"158":0,"159":0,"160":0,"161":0,"162":0,"163":0,"164":0,"165":0},"f":{"0":0,"1":0,"2":0,"3":0,"4":0,"5":0,"6":0,"7":0,"8":0,"9":0,"10":0,"11":0,"12":0,"13":0,"14":0,"15":0,"16":0,"17":0,"18":0,"19":0,"20":0,"21":0,"22":0,"23":0,"24":0,"25":0,"26":0,"27":0},"b":{"0":[0,0],"1":[0,0],"2":[0,0],"3":[0,0],"4":[0,0],"5":[0],"6":[0],"7":[0],"8":[0],"9":[0],"10":[0],"11":[0],"12":[0],"13":[0],"14":[0,0],"15":[0],"16":[0],"17":[0],"18":[0],"19":[0],"20":[0],"21":[0],"22":[0],"23":[0],"24":[0],"25":[0,0]}}
,"/workspaces/AikScript/typescript-transpiler/src/types/index.ts": {"path":"/workspaces/AikScript/typescript-transpiler/src/types/index.ts","statementMap":{"0":{"start":{"line":2,"column":0},"end":{"line":2,"column":26}},"1":{"start":{"line":4,"column":0},"end":{"line":4,"column":22}}},"fnMap":{},"branchMap":{},"s":{"0":0,"1":0},"f":{},"b":{}}
}
