TN:
SF:src/index.ts
FN:2,(anonymous_4)
FN:3,(anonymous_5)
FN:4,(anonymous_6)
FN:5,(anonymous_7)
FN:6,(anonymous_8)
FN:7,(anonymous_9)
FN:8,(anonymous_10)
FN:9,(anonymous_11)
FNF:8
FNH:0
FNDA:0,(anonymous_4)
FNDA:0,(anonymous_5)
FNDA:0,(anonymous_6)
FNDA:0,(anonymous_7)
FNDA:0,(anonymous_8)
FNDA:0,(anonymous_9)
FNDA:0,(anonymous_10)
FNDA:0,(anonymous_11)
DA:2,0
DA:3,0
DA:4,0
DA:5,0
DA:6,0
DA:7,0
DA:8,0
DA:9,0
DA:10,0
LF:9
LH:0
BRF:0
BRH:0
end_of_record
TN:
SF:src/cli/index.ts
FN:100,(anonymous_9)
FN:162,(anonymous_10)
FN:213,(anonymous_11)
FN:235,(anonymous_12)
FN:479,(anonymous_13)
FN:493,(anonymous_14)
FN:515,(anonymous_15)
FN:784,(anonymous_16)
FN:806,(anonymous_17)
FN:935,(anonymous_18)
FN:960,(anonymous_19)
FN:1098,(anonymous_20)
FN:1099,(anonymous_21)
FN:1148,(anonymous_22)
FN:1169,(anonymous_23)
FNF:15
FNH:0
FNDA:0,(anonymous_9)
FNDA:0,(anonymous_10)
FNDA:0,(anonymous_11)
FNDA:0,(anonymous_12)
FNDA:0,(anonymous_13)
FNDA:0,(anonymous_14)
FNDA:0,(anonymous_15)
FNDA:0,(anonymous_16)
FNDA:0,(anonymous_17)
FNDA:0,(anonymous_18)
FNDA:0,(anonymous_19)
FNDA:0,(anonymous_20)
FNDA:0,(anonymous_21)
FNDA:0,(anonymous_22)
FNDA:0,(anonymous_23)
DA:3,0
DA:4,0
DA:5,0
DA:6,0
DA:81,0
DA:83,0
DA:95,0
DA:101,0
DA:102,0
DA:104,0
DA:108,0
DA:109,0
DA:112,0
DA:113,0
DA:114,0
DA:115,0
DA:116,0
DA:117,0
DA:119,0
DA:128,0
DA:129,0
DA:130,0
DA:133,0
DA:140,0
DA:142,0
DA:143,0
DA:144,0
DA:147,0
DA:149,0
DA:150,0
DA:151,0
DA:154,0
DA:155,0
DA:156,0
DA:157,0
DA:160,0
DA:161,0
DA:162,0
DA:165,0
DA:183,0
DA:184,0
DA:186,0
DA:189,0
DA:190,0
DA:192,0
DA:196,0
DA:197,0
DA:198,0
DA:200,0
DA:201,0
DA:204,0
DA:205,0
DA:209,0
DA:214,0
DA:215,0
DA:217,0
DA:218,0
DA:219,0
DA:222,0
DA:225,0
DA:235,0
DA:236,0
DA:240,0
DA:260,0
DA:263,0
DA:302,0
DA:305,0
DA:313,0
DA:316,0
DA:352,0
DA:355,0
DA:375,0
DA:378,0
DA:385,0
DA:388,0
DA:405,0
DA:406,0
DA:407,0
DA:410,0
DA:437,0
DA:439,0
DA:440,0
DA:441,0
DA:442,0
DA:443,0
DA:444,0
DA:445,0
DA:446,0
DA:447,0
DA:448,0
DA:449,0
DA:450,0
DA:451,0
DA:452,0
DA:453,0
DA:454,0
DA:455,0
DA:456,0
DA:457,0
DA:458,0
DA:459,0
DA:460,0
DA:462,0
DA:463,0
DA:464,0
DA:465,0
DA:466,0
DA:467,0
DA:468,0
DA:470,0
DA:471,0
DA:475,0
DA:480,0
DA:489,0
DA:494,0
DA:495,0
DA:497,0
DA:498,0
DA:499,0
DA:502,0
DA:505,0
DA:515,0
DA:516,0
DA:520,0
DA:540,0
DA:543,0
DA:557,0
DA:563,0
DA:602,0
DA:605,0
DA:613,0
DA:616,0
DA:652,0
DA:655,0
DA:675,0
DA:678,0
DA:685,0
DA:688,0
DA:705,0
DA:706,0
DA:707,0
DA:710,0
DA:737,0
DA:739,0
DA:740,0
DA:741,0
DA:742,0
DA:743,0
DA:744,0
DA:745,0
DA:746,0
DA:747,0
DA:748,0
DA:749,0
DA:750,0
DA:751,0
DA:752,0
DA:753,0
DA:754,0
DA:755,0
DA:756,0
DA:757,0
DA:758,0
DA:759,0
DA:760,0
DA:761,0
DA:762,0
DA:763,0
DA:764,0
DA:765,0
DA:766,0
DA:767,0
DA:768,0
DA:769,0
DA:772,0
DA:773,0
DA:781,0
DA:785,0
DA:786,0
DA:789,0
DA:790,0
DA:791,0
DA:792,0
DA:793,0
DA:797,0
DA:798,0
DA:800,0
DA:801,0
DA:802,0
DA:806,0
DA:807,0
DA:808,0
DA:810,0
DA:812,0
DA:813,0
DA:814,0
DA:816,0
DA:818,0
DA:819,0
DA:820,0
DA:824,0
DA:827,0
DA:828,0
DA:829,0
DA:831,0
DA:832,0
DA:833,0
DA:834,0
DA:837,0
DA:840,0
DA:841,0
DA:842,0
DA:843,0
DA:845,0
DA:846,0
DA:847,0
DA:848,0
DA:849,0
DA:850,0
DA:852,0
DA:854,0
DA:856,0
DA:862,0
DA:864,0
DA:871,0
DA:873,0
DA:874,0
DA:876,0
DA:877,0
DA:881,0
DA:882,0
DA:884,0
DA:891,0
DA:893,0
DA:894,0
DA:895,0
DA:897,0
DA:898,0
DA:902,0
DA:903,0
DA:907,0
DA:908,0
DA:909,0
DA:910,0
DA:911,0
DA:912,0
DA:913,0
DA:915,0
DA:916,0
DA:917,0
DA:919,0
DA:923,0
DA:924,0
DA:932,0
DA:936,0
DA:937,0
DA:940,0
DA:941,0
DA:942,0
DA:943,0
DA:944,0
DA:948,0
DA:951,0
DA:952,0
DA:954,0
DA:955,0
DA:956,0
DA:960,0
DA:961,0
DA:962,0
DA:964,0
DA:966,0
DA:967,0
DA:968,0
DA:970,0
DA:972,0
DA:973,0
DA:974,0
DA:978,0
DA:981,0
DA:982,0
DA:983,0
DA:985,0
DA:986,0
DA:987,0
DA:988,0
DA:992,0
DA:993,0
DA:994,0
DA:995,0
DA:997,0
DA:998,0
DA:999,0
DA:1000,0
DA:1001,0
DA:1002,0
DA:1004,0
DA:1006,0
DA:1012,0
DA:1019,0
DA:1021,0
DA:1022,0
DA:1024,0
DA:1028,0
DA:1029,0
DA:1031,0
DA:1038,0
DA:1040,0
DA:1041,0
DA:1043,0
DA:1047,0
DA:1048,0
DA:1052,0
DA:1053,0
DA:1054,0
DA:1058,0
DA:1059,0
DA:1060,0
DA:1061,0
DA:1064,0
DA:1065,0
DA:1066,0
DA:1069,0
DA:1092,0
DA:1095,0
DA:1096,0
DA:1097,0
DA:1098,0
DA:1099,0
DA:1101,0
DA:1102,0
DA:1103,0
DA:1124,0
DA:1125,0
DA:1127,0
DA:1131,0
DA:1132,0
DA:1133,0
DA:1136,0
DA:1137,0
DA:1145,0
DA:1149,0
DA:1150,0
DA:1153,0
DA:1154,0
DA:1155,0
DA:1156,0
DA:1160,0
DA:1161,0
DA:1163,0
DA:1164,0
DA:1165,0
DA:1169,0
DA:1170,0
DA:1171,0
DA:1173,0
DA:1175,0
DA:1176,0
DA:1177,0
DA:1179,0
DA:1181,0
DA:1182,0
DA:1183,0
DA:1187,0
DA:1190,0
DA:1191,0
DA:1192,0
DA:1194,0
DA:1195,0
DA:1196,0
DA:1199,0
DA:1203,0
DA:1206,0
DA:1207,0
DA:1212,0
LF:375
LH:0
BRDA:108,0,0,0
BRDA:108,0,1,0
BRDA:113,1,0,0
BRDA:113,1,1,0
BRDA:113,2,0,0
BRDA:113,2,1,0
BRDA:129,3,0,0
BRDA:142,4,0,0
BRDA:149,5,0,0
BRDA:149,5,1,0
BRDA:155,6,0,0
BRDA:162,7,0,0
BRDA:162,7,1,0
BRDA:183,8,0,0
BRDA:183,8,1,0
BRDA:217,9,0,0
BRDA:497,10,0,0
BRDA:790,11,0,0
BRDA:800,12,0,0
BRDA:800,13,0,0
BRDA:800,13,1,0
BRDA:808,14,0,0
BRDA:816,15,0,0
BRDA:816,15,1,0
BRDA:819,16,0,0
BRDA:831,17,0,0
BRDA:854,18,0,0
BRDA:854,18,1,0
BRDA:854,19,0,0
BRDA:854,19,1,0
BRDA:854,19,2,0
BRDA:873,20,0,0
BRDA:873,20,1,0
BRDA:881,21,0,0
BRDA:881,21,1,0
BRDA:893,22,0,0
BRDA:893,22,1,0
BRDA:915,23,0,0
BRDA:915,23,1,0
BRDA:941,24,0,0
BRDA:954,25,0,0
BRDA:954,26,0,0
BRDA:954,26,1,0
BRDA:962,27,0,0
BRDA:970,28,0,0
BRDA:970,28,1,0
BRDA:973,29,0,0
BRDA:985,30,0,0
BRDA:1004,31,0,0
BRDA:1004,31,1,0
BRDA:1004,32,0,0
BRDA:1004,32,1,0
BRDA:1004,32,2,0
BRDA:1021,33,0,0
BRDA:1021,33,1,0
BRDA:1028,34,0,0
BRDA:1028,34,1,0
BRDA:1040,35,0,0
BRDA:1040,35,1,0
BRDA:1052,36,0,0
BRDA:1058,37,0,0
BRDA:1064,38,0,0
BRDA:1064,38,1,0
BRDA:1096,39,0,0
BRDA:1154,40,0,0
BRDA:1163,41,0,0
BRDA:1163,42,0,0
BRDA:1163,42,1,0
BRDA:1171,43,0,0
BRDA:1179,44,0,0
BRDA:1179,44,1,0
BRDA:1182,45,0,0
BRDA:1194,46,0,0
BRF:73
BRH:0
end_of_record
TN:
SF:src/contracts/MultiSig.ts
FN:10,(anonymous_2)
FN:19,(anonymous_3)
FNF:2
FNH:0
FNDA:0,(anonymous_2)
FNDA:0,(anonymous_3)
DA:1,0
DA:10,0
DA:12,0
DA:19,0
DA:20,0
DA:22,0
LF:6
LH:0
BRF:0
BRH:0
end_of_record
TN:
SF:src/contracts/NFTMinting.ts
FN:4,(anonymous_2)
FN:13,(anonymous_3)
FNF:2
FNH:0
FNDA:0,(anonymous_2)
FNDA:0,(anonymous_3)
DA:1,0
DA:4,0
DA:6,0
DA:13,0
DA:18,0
DA:20,0
LF:6
LH:0
BRF:0
BRH:0
end_of_record
TN:
SF:src/contracts/SimpleMultiSig.ts
FN:4,(anonymous_2)
FN:12,(anonymous_3)
FNF:2
FNH:0
FNDA:0,(anonymous_2)
FNDA:0,(anonymous_3)
DA:1,0
DA:4,0
DA:6,0
DA:12,0
DA:17,0
DA:19,0
LF:6
LH:0
BRDA:19,0,0,0
BRDA:19,0,1,0
BRF:2
BRH:0
end_of_record
TN:
SF:src/contracts/TestMultiSig.ts
FN:4,(anonymous_2)
FN:12,(anonymous_3)
FNF:2
FNH:0
FNDA:0,(anonymous_2)
FNDA:0,(anonymous_3)
DA:1,0
DA:4,0
DA:6,0
DA:12,0
DA:17,0
DA:19,0
LF:6
LH:0
BRDA:19,0,0,0
BRDA:19,0,1,0
BRF:2
BRH:0
end_of_record
TN:
SF:src/contracts/TimeLock.ts
FN:4,(anonymous_2)
FN:13,(anonymous_3)
FNF:2
FNH:0
FNDA:0,(anonymous_2)
FNDA:0,(anonymous_3)
DA:1,0
DA:4,0
DA:6,0
DA:13,0
DA:18,0
DA:20,0
LF:6
LH:0
BRDA:21,0,0,0
BRDA:21,0,1,0
BRDA:21,0,2,0
BRDA:22,1,0,0
BRDA:22,1,1,0
BRF:5
BRH:0
end_of_record
TN:
SF:src/contracts/TokenVesting.ts
FN:13,(anonymous_2)
FN:24,(anonymous_3)
FNF:2
FNH:0
FNDA:0,(anonymous_2)
FNDA:0,(anonymous_3)
DA:1,0
DA:13,0
DA:15,0
DA:24,0
DA:35,0
DA:36,0
DA:38,0
LF:7
LH:0
BRDA:36,0,0,0
BRDA:36,0,1,0
BRDA:38,1,0,0
BRDA:38,1,1,0
BRF:4
BRH:0
end_of_record
TN:
SF:src/core/builtins.ts
FN:15,(anonymous_0)
FN:19,(anonymous_1)
FN:148,(anonymous_2)
FN:155,(anonymous_3)
FN:234,(anonymous_4)
FN:244,(anonymous_5)
FN:251,(anonymous_6)
FN:258,(anonymous_7)
FNF:8
FNH:4
FNDA:19,(anonymous_0)
FNDA:19,(anonymous_1)
FNDA:1501,(anonymous_2)
FNDA:0,(anonymous_3)
FNDA:0,(anonymous_4)
FNDA:6,(anonymous_5)
FNDA:0,(anonymous_6)
FNDA:0,(anonymous_7)
DA:11,2
DA:12,19
DA:13,19
DA:16,19
DA:21,19
DA:22,19
DA:23,19
DA:24,19
DA:25,19
DA:26,19
DA:27,19
DA:28,19
DA:29,19
DA:30,19
DA:31,19
DA:32,19
DA:33,19
DA:34,19
DA:37,19
DA:38,19
DA:39,19
DA:40,19
DA:41,19
DA:42,19
DA:43,19
DA:46,19
DA:47,19
DA:48,19
DA:49,19
DA:50,19
DA:51,19
DA:52,19
DA:55,19
DA:56,19
DA:57,19
DA:58,19
DA:59,19
DA:60,19
DA:63,19
DA:64,19
DA:68,19
DA:69,19
DA:72,19
DA:73,19
DA:74,19
DA:75,19
DA:76,19
DA:79,19
DA:83,19
DA:87,19
DA:91,19
DA:95,19
DA:101,19
DA:102,19
DA:105,19
DA:106,19
DA:107,19
DA:108,19
DA:109,19
DA:110,19
DA:113,19
DA:114,19
DA:115,19
DA:116,19
DA:117,19
DA:118,19
DA:119,19
DA:122,19
DA:123,19
DA:124,19
DA:127,19
DA:128,19
DA:129,19
DA:130,19
DA:131,19
DA:132,19
DA:135,19
DA:136,19
DA:137,19
DA:140,19
DA:141,19
DA:144,19
DA:145,19
DA:149,1501
DA:157,0
DA:158,0
DA:162,0
DA:163,0
DA:164,0
DA:165,0
DA:168,0
DA:169,0
DA:176,0
DA:177,0
DA:182,0
DA:183,0
DA:189,0
DA:190,0
DA:195,0
DA:196,0
DA:201,0
DA:202,0
DA:207,0
DA:208,0
DA:211,0
DA:212,0
DA:217,0
DA:218,0
DA:221,0
DA:222,0
DA:228,0
DA:235,0
DA:236,0
DA:237,0
DA:245,6
DA:252,0
DA:259,0
LF:117
LH:85
BRDA:157,0,0,0
BRDA:162,1,0,0
BRDA:164,2,0,0
BRDA:168,3,0,0
BRDA:168,4,0,0
BRDA:168,4,1,0
BRDA:176,5,0,0
BRDA:182,6,0,0
BRDA:182,7,0,0
BRDA:182,7,1,0
BRDA:189,8,0,0
BRDA:195,9,0,0
BRDA:201,10,0,0
BRDA:207,11,0,0
BRDA:211,12,0,0
BRDA:217,13,0,0
BRDA:221,14,0,0
BRDA:236,15,0,0
BRDA:237,16,0,0
BRDA:237,16,1,0
BRF:20
BRH:0
end_of_record
TN:
SF:src/core/expressions.ts
FN:12,(anonymous_9)
FN:19,(anonymous_10)
FN:70,(anonymous_11)
FN:83,(anonymous_12)
FN:105,(anonymous_13)
FN:108,(anonymous_14)
FN:120,(anonymous_15)
FN:128,(anonymous_16)
FN:134,(anonymous_17)
FN:137,(anonymous_18)
FN:138,(anonymous_19)
FN:148,(anonymous_20)
FN:149,(anonymous_21)
FN:153,(anonymous_22)
FNF:14
FNH:0
FNDA:0,(anonymous_9)
FNDA:0,(anonymous_10)
FNDA:0,(anonymous_11)
FNDA:0,(anonymous_12)
FNDA:0,(anonymous_13)
FNDA:0,(anonymous_14)
FNDA:0,(anonymous_15)
FNDA:0,(anonymous_16)
FNDA:0,(anonymous_17)
FNDA:0,(anonymous_18)
FNDA:0,(anonymous_19)
FNDA:0,(anonymous_20)
FNDA:0,(anonymous_21)
FNDA:0,(anonymous_22)
DA:1,0
DA:9,0
DA:13,0
DA:20,0
DA:21,0
DA:24,0
DA:25,0
DA:28,0
DA:29,0
DA:32,0
DA:33,0
DA:36,0
DA:37,0
DA:40,0
DA:41,0
DA:44,0
DA:48,0
DA:51,0
DA:52,0
DA:55,0
DA:56,0
DA:59,0
DA:60,0
DA:63,0
DA:64,0
DA:67,0
DA:71,0
DA:72,0
DA:73,0
DA:76,0
DA:77,0
DA:80,0
DA:84,0
DA:85,0
DA:88,0
DA:89,0
DA:93,0
DA:94,0
DA:95,0
DA:96,0
DA:99,0
DA:106,0
DA:107,0
DA:108,0
DA:112,0
DA:113,0
DA:114,0
DA:117,0
DA:122,0
DA:123,0
DA:125,0
DA:129,0
DA:130,0
DA:131,0
DA:136,0
DA:137,0
DA:139,0
DA:140,0
DA:141,0
DA:145,0
DA:149,0
DA:150,0
DA:154,0
DA:156,0
DA:158,0
DA:160,0
DA:162,0
DA:164,0
DA:166,0
DA:168,0
DA:170,0
DA:172,0
DA:174,0
DA:176,0
LF:74
LH:0
BRDA:20,0,0,0
BRDA:24,1,0,0
BRDA:28,2,0,0
BRDA:32,3,0,0
BRDA:36,4,0,0
BRDA:40,5,0,0
BRDA:44,6,0,0
BRDA:45,7,0,0
BRDA:45,7,1,0
BRDA:48,8,0,0
BRDA:48,8,1,0
BRDA:51,9,0,0
BRDA:55,10,0,0
BRDA:59,11,0,0
BRDA:63,12,0,0
BRDA:76,13,0,0
BRDA:76,14,0,0
BRDA:76,14,1,0
BRDA:88,15,0,0
BRDA:95,16,0,0
BRDA:113,17,0,0
BRDA:122,18,0,0
BRDA:154,19,0,0
BRDA:154,19,1,0
BRDA:154,19,2,0
BRDA:154,19,3,0
BRDA:154,19,4,0
BRDA:154,19,5,0
BRDA:154,19,6,0
BRDA:154,19,7,0
BRDA:154,19,8,0
BRDA:154,19,9,0
BRDA:154,19,10,0
BRF:33
BRH:0
end_of_record
TN:
SF:src/core/generator.ts
FN:22,(anonymous_0)
FN:32,(anonymous_1)
FN:38,(anonymous_2)
FN:52,(anonymous_3)
FN:61,(anonymous_4)
FN:67,(anonymous_5)
FN:73,(anonymous_6)
FN:79,(anonymous_7)
FN:93,(anonymous_8)
FN:110,(anonymous_9)
FN:115,(anonymous_10)
FN:161,(anonymous_11)
FN:171,(anonymous_12)
FN:172,(anonymous_13)
FN:191,(anonymous_14)
FN:196,(anonymous_15)
FN:214,(anonymous_16)
FN:219,(anonymous_17)
FN:241,(anonymous_18)
FN:272,(anonymous_19)
FN:280,(anonymous_20)
FN:297,(anonymous_21)
FN:337,(anonymous_22)
FN:353,(anonymous_23)
FN:358,(anonymous_24)
FN:373,(anonymous_25)
FN:377,(anonymous_26)
FN:390,(anonymous_27)
FN:409,(anonymous_28)
FN:412,(anonymous_29)
FN:414,(anonymous_30)
FN:423,(anonymous_31)
FN:427,(anonymous_32)
FN:442,(anonymous_33)
FN:449,(anonymous_34)
FN:496,(anonymous_35)
FNF:36
FNH:16
FNDA:19,(anonymous_0)
FNDA:6,(anonymous_1)
FNDA:0,(anonymous_2)
FNDA:2,(anonymous_3)
FNDA:3,(anonymous_4)
FNDA:0,(anonymous_5)
FNDA:9,(anonymous_6)
FNDA:0,(anonymous_7)
FNDA:2,(anonymous_8)
FNDA:3,(anonymous_9)
FNDA:0,(anonymous_10)
FNDA:3,(anonymous_11)
FNDA:13,(anonymous_12)
FNDA:13,(anonymous_13)
FNDA:0,(anonymous_14)
FNDA:0,(anonymous_15)
FNDA:9,(anonymous_16)
FNDA:0,(anonymous_17)
FNDA:7,(anonymous_18)
FNDA:0,(anonymous_19)
FNDA:7,(anonymous_20)
FNDA:7,(anonymous_21)
FNDA:14,(anonymous_22)
FNDA:0,(anonymous_23)
FNDA:0,(anonymous_24)
FNDA:0,(anonymous_25)
FNDA:0,(anonymous_26)
FNDA:0,(anonymous_27)
FNDA:0,(anonymous_28)
FNDA:0,(anonymous_29)
FNDA:0,(anonymous_30)
FNDA:0,(anonymous_31)
FNDA:0,(anonymous_32)
FNDA:0,(anonymous_33)
FNDA:0,(anonymous_34)
FNDA:7,(anonymous_35)
DA:19,2
DA:23,19
DA:33,6
DA:34,6
DA:37,6
DA:38,0
DA:39,0
DA:41,0
DA:45,6
DA:46,6
DA:47,0
DA:48,0
DA:52,6
DA:53,2
DA:56,6
DA:57,2
DA:61,6
DA:62,3
DA:63,3
DA:67,6
DA:68,0
DA:69,0
DA:73,6
DA:74,9
DA:75,9
DA:79,6
DA:80,0
DA:81,0
DA:84,6
DA:86,0
DA:94,2
DA:96,2
DA:97,0
DA:100,2
DA:101,0
DA:104,2
DA:111,3
DA:114,3
DA:115,0
DA:116,0
DA:121,3
DA:123,3
DA:124,3
DA:125,0
DA:126,3
DA:127,3
DA:129,0
DA:131,3
DA:134,3
DA:135,3
DA:138,3
DA:140,0
DA:141,0
DA:144,3
DA:145,3
DA:148,3
DA:149,3
DA:150,3
DA:152,3
DA:155,3
DA:163,3
DA:165,3
DA:167,3
DA:169,3
DA:171,13
DA:172,13
DA:173,3
DA:176,0
DA:180,0
DA:181,0
DA:185,0
DA:192,0
DA:195,0
DA:196,0
DA:197,0
DA:201,0
DA:202,0
DA:203,0
DA:205,0
DA:207,0
DA:208,0
DA:215,9
DA:218,9
DA:219,0
DA:220,0
DA:225,9
DA:227,2
DA:228,2
DA:231,7
DA:232,7
DA:233,7
DA:235,7
DA:237,7
DA:238,0
DA:241,7
DA:242,7
DA:244,7
DA:247,7
DA:248,7
DA:251,7
DA:253,0
DA:254,0
DA:255,0
DA:258,0
DA:259,0
DA:264,7
DA:265,7
DA:268,7
DA:271,7
DA:272,0
DA:273,0
DA:274,0
DA:279,7
DA:280,6
DA:281,7
DA:282,7
DA:287,7
DA:288,7
DA:291,7
DA:298,7
DA:338,14
DA:340,0
DA:342,0
DA:344,0
DA:346,14
DA:354,0
DA:357,0
DA:358,0
DA:359,0
DA:363,0
DA:364,0
DA:365,0
DA:367,0
DA:374,0
DA:376,0
DA:377,0
DA:378,0
DA:379,0
DA:380,0
DA:382,0
DA:384,0
DA:391,0
DA:393,0
DA:395,0
DA:397,0
DA:399,0
DA:400,0
DA:401,0
DA:402,0
DA:403,0
DA:404,0
DA:405,0
DA:406,0
DA:408,0
DA:409,0
DA:412,0
DA:414,0
DA:416,0
DA:424,0
DA:426,0
DA:427,0
DA:428,0
DA:429,0
DA:431,0
DA:435,0
DA:436,0
DA:443,0
DA:450,0
DA:451,0
DA:454,0
DA:455,0
DA:458,0
DA:460,0
DA:461,0
DA:462,0
DA:465,0
DA:466,0
DA:467,0
DA:468,0
DA:469,0
DA:470,0
DA:473,0
DA:474,0
DA:475,0
DA:476,0
DA:479,0
DA:480,0
DA:482,0
DA:486,0
DA:487,0
DA:490,0
DA:497,7
DA:498,7
LF:193
LH:81
BRDA:37,0,0,0
BRDA:37,1,0,6
BRDA:37,1,1,6
BRDA:46,2,0,0
BRDA:56,3,0,2
BRDA:96,4,0,0
BRDA:100,5,0,0
BRDA:100,6,0,2
BRDA:100,6,1,0
BRDA:114,7,0,0
BRDA:114,8,0,3
BRDA:114,8,1,3
BRDA:121,9,0,3
BRDA:121,9,1,0
BRDA:124,10,0,0
BRDA:124,10,1,3
BRDA:126,11,0,3
BRDA:126,11,1,0
BRDA:134,12,0,3
BRDA:134,13,0,3
BRDA:134,13,1,3
BRDA:138,14,0,0
BRDA:138,14,1,3
BRDA:149,15,0,3
BRDA:163,16,0,3
BRDA:163,17,0,3
BRDA:163,17,1,3
BRDA:165,18,0,3
BRDA:165,19,0,3
BRDA:165,19,1,3
BRDA:180,20,0,0
BRDA:195,21,0,0
BRDA:195,22,0,0
BRDA:195,22,1,0
BRDA:202,23,0,0
BRDA:218,24,0,0
BRDA:218,25,0,9
BRDA:218,25,1,9
BRDA:225,26,0,2
BRDA:232,27,0,7
BRDA:237,28,0,0
BRDA:237,29,0,7
BRDA:237,29,1,0
BRDA:251,30,0,0
BRDA:251,31,0,7
BRDA:251,31,1,7
BRDA:253,32,0,0
BRDA:253,32,1,0
BRDA:253,33,0,0
BRDA:253,33,1,0
BRDA:264,34,0,7
BRDA:271,35,0,0
BRDA:271,36,0,7
BRDA:271,36,1,7
BRDA:279,37,0,6
BRDA:279,38,0,7
BRDA:279,38,1,7
BRDA:287,39,0,7
BRDA:338,40,0,0
BRDA:338,40,1,0
BRDA:338,40,2,0
BRDA:338,40,3,14
BRDA:357,41,0,0
BRDA:357,42,0,0
BRDA:357,42,1,0
BRDA:379,43,0,0
BRDA:379,43,1,0
BRDA:391,44,0,0
BRDA:391,44,1,0
BRDA:391,44,2,0
BRDA:391,44,3,0
BRDA:391,44,4,0
BRDA:391,44,5,0
BRDA:391,44,6,0
BRDA:399,45,0,0
BRDA:399,45,1,0
BRDA:401,46,0,0
BRDA:401,46,1,0
BRDA:403,47,0,0
BRDA:403,47,1,0
BRDA:405,48,0,0
BRDA:409,49,0,0
BRDA:409,49,1,0
BRDA:412,50,0,0
BRDA:412,50,1,0
BRDA:414,51,0,0
BRDA:414,51,1,0
BRDA:416,52,0,0
BRDA:416,52,1,0
BRDA:428,53,0,0
BRDA:428,53,1,0
BRDA:428,54,0,0
BRDA:428,54,1,0
BRDA:443,55,0,0
BRDA:443,55,1,0
BRDA:450,56,0,0
BRDA:450,57,0,0
BRDA:450,57,1,0
BRDA:460,58,0,0
BRDA:460,58,1,0
BRDA:465,59,0,0
BRDA:473,60,0,0
BRDA:473,60,1,0
BRDA:497,61,0,7
BRDA:497,61,1,0
BRF:105
BRH:36
end_of_record
TN:
SF:src/core/parser.ts
FN:124,(anonymous_9)
FN:140,(anonymous_10)
FN:165,(anonymous_11)
FN:181,(anonymous_12)
FN:192,(anonymous_13)
FN:223,(anonymous_14)
FN:233,(anonymous_15)
FN:243,(anonymous_16)
FN:248,(anonymous_17)
FN:259,(anonymous_18)
FN:262,(anonymous_19)
FN:271,(anonymous_20)
FN:282,(anonymous_21)
FN:295,(anonymous_22)
FN:296,(anonymous_23)
FN:310,(anonymous_24)
FN:325,(anonymous_25)
FN:336,(anonymous_26)
FN:385,(anonymous_27)
FN:397,(anonymous_28)
FN:403,(anonymous_29)
FN:410,(anonymous_30)
FN:415,(anonymous_31)
FN:430,(anonymous_32)
FN:440,(anonymous_33)
FN:451,(anonymous_34)
FN:463,(anonymous_35)
FN:470,(anonymous_36)
FN:474,(anonymous_37)
FN:493,(anonymous_38)
FN:496,(anonymous_39)
FN:513,(anonymous_40)
FN:531,(anonymous_41)
FN:553,(anonymous_42)
FN:557,(anonymous_43)
FN:569,(anonymous_44)
FN:589,(anonymous_45)
FN:620,(anonymous_46)
FN:639,(anonymous_47)
FN:641,(anonymous_48)
FN:657,(anonymous_49)
FN:671,(anonymous_50)
FN:690,(anonymous_51)
FN:738,(anonymous_52)
FNF:44
FNH:27
FNDA:19,(anonymous_9)
FNDA:0,(anonymous_10)
FNDA:13,(anonymous_11)
FNDA:13,(anonymous_12)
FNDA:626,(anonymous_13)
FNDA:13,(anonymous_14)
FNDA:7,(anonymous_15)
FNDA:3,(anonymous_16)
FNDA:4,(anonymous_17)
FNDA:0,(anonymous_18)
FNDA:0,(anonymous_19)
FNDA:0,(anonymous_20)
FNDA:0,(anonymous_21)
FNDA:9,(anonymous_22)
FNDA:7,(anonymous_23)
FNDA:0,(anonymous_24)
FNDA:0,(anonymous_25)
FNDA:72,(anonymous_26)
FNDA:6,(anonymous_27)
FNDA:0,(anonymous_28)
FNDA:0,(anonymous_29)
FNDA:12,(anonymous_30)
FNDA:12,(anonymous_31)
FNDA:19,(anonymous_32)
FNDA:12,(anonymous_33)
FNDA:0,(anonymous_34)
FNDA:0,(anonymous_35)
FNDA:7,(anonymous_36)
FNDA:7,(anonymous_37)
FNDA:7,(anonymous_38)
FNDA:21,(anonymous_39)
FNDA:21,(anonymous_40)
FNDA:7,(anonymous_41)
FNDA:19,(anonymous_42)
FNDA:0,(anonymous_43)
FNDA:9,(anonymous_44)
FNDA:0,(anonymous_45)
FNDA:9,(anonymous_46)
FNDA:0,(anonymous_47)
FNDA:0,(anonymous_48)
FNDA:0,(anonymous_49)
FNDA:0,(anonymous_50)
FNDA:9,(anonymous_51)
FNDA:11,(anonymous_52)
DA:1,2
DA:2,2
DA:120,2
DA:124,19
DA:125,19
DA:141,0
DA:142,0
DA:149,0
DA:150,0
DA:152,0
DA:154,0
DA:166,13
DA:167,13
DA:169,13
DA:170,13
DA:172,13
DA:174,0
DA:182,13
DA:192,13
DA:193,626
DA:194,7
DA:195,619
DA:196,3
DA:197,616
DA:198,0
DA:199,616
DA:200,0
DA:201,616
DA:202,9
DA:203,607
DA:204,7
DA:205,7
DA:206,7
DA:208,0
DA:209,0
DA:213,626
DA:216,13
DA:217,13
DA:225,13
DA:226,13
DA:227,13
DA:234,7
DA:235,7
DA:244,3
DA:246,3
DA:248,4
DA:260,0
DA:263,0
DA:264,0
DA:265,0
DA:269,0
DA:271,0
DA:283,0
DA:296,9
DA:301,9
DA:302,9
DA:303,9
DA:306,9
DA:308,9
DA:310,0
DA:326,0
DA:338,72
DA:339,0
DA:340,0
DA:342,0
DA:343,0
DA:345,0
DA:349,72
DA:350,34
DA:351,34
DA:354,12
DA:357,0
DA:360,0
DA:363,0
DA:365,4
DA:367,0
DA:369,0
DA:371,0
DA:373,2
DA:375,6
DA:377,0
DA:379,10
DA:384,38
DA:385,6
DA:386,3
DA:390,35
DA:391,0
DA:392,0
DA:396,35
DA:397,0
DA:398,0
DA:402,35
DA:403,0
DA:404,0
DA:405,0
DA:409,35
DA:410,11
DA:411,12
DA:412,12
DA:413,12
DA:415,12
DA:419,24
DA:420,24
DA:432,19
DA:438,12
DA:441,12
DA:445,7
DA:453,0
DA:454,0
DA:455,0
DA:457,0
DA:464,0
DA:471,7
DA:472,7
DA:474,7
DA:475,7
DA:476,7
DA:477,7
DA:478,7
DA:479,7
DA:480,7
DA:482,0
DA:483,0
DA:486,0
DA:494,7
DA:496,21
DA:502,7
DA:503,7
DA:506,7
DA:507,7
DA:508,7
DA:512,7
DA:513,21
DA:518,7
DA:532,7
DA:533,7
DA:535,7
DA:536,7
DA:537,7
DA:538,7
DA:539,7
DA:540,7
DA:541,7
DA:547,0
DA:554,19
DA:555,19
DA:556,19
DA:557,0
DA:558,0
DA:559,0
DA:563,19
DA:570,9
DA:571,9
DA:574,9
DA:575,0
DA:576,0
DA:577,0
DA:578,0
DA:579,0
DA:583,9
DA:590,0
DA:593,0
DA:596,0
DA:597,0
DA:598,0
DA:605,0
DA:606,0
DA:607,0
DA:608,0
DA:614,0
DA:621,9
DA:622,9
DA:625,9
DA:626,0
DA:627,0
DA:628,0
DA:629,0
DA:633,9
DA:641,0
DA:643,0
DA:644,0
DA:647,0
DA:648,0
DA:650,0
DA:651,0
DA:654,0
DA:655,0
DA:656,0
DA:657,0
DA:658,0
DA:661,0
DA:665,0
DA:672,0
DA:673,0
DA:676,0
DA:677,0
DA:678,0
DA:679,0
DA:680,0
DA:684,0
DA:691,9
DA:692,9
DA:693,9
DA:696,9
DA:697,9
DA:700,9
DA:701,9
DA:704,9
DA:705,11
DA:706,11
DA:707,11
DA:708,11
DA:714,9
DA:716,4
DA:717,4
DA:723,4
DA:726,4
DA:727,1
DA:732,8
DA:741,11
DA:742,11
DA:743,11
DA:750,0
DA:751,0
DA:752,0
DA:758,0
LF:226
LH:130
BRDA:124,0,0,19
BRDA:165,1,0,13
BRDA:193,2,0,7
BRDA:193,2,1,619
BRDA:195,3,0,3
BRDA:195,3,1,616
BRDA:197,4,0,0
BRDA:197,4,1,616
BRDA:199,5,0,0
BRDA:199,5,1,616
BRDA:199,6,0,616
BRDA:199,6,1,0
BRDA:201,7,0,9
BRDA:201,7,1,607
BRDA:203,8,0,7
BRDA:204,9,0,7
BRDA:204,9,1,0
BRDA:227,10,0,13
BRDA:227,10,1,0
BRDA:264,11,0,0
BRDA:264,11,1,0
BRDA:272,12,0,0
BRDA:272,12,1,0
BRDA:285,13,0,0
BRDA:285,13,1,0
BRDA:286,14,0,0
BRDA:286,14,1,0
BRDA:298,15,0,7
BRDA:298,15,1,0
BRDA:301,16,0,9
BRDA:301,16,1,0
BRDA:309,17,0,9
BRDA:309,17,1,0
BRDA:312,18,0,9
BRDA:312,18,1,0
BRDA:328,19,0,0
BRDA:328,19,1,0
BRDA:338,20,0,0
BRDA:339,21,0,0
BRDA:342,22,0,0
BRDA:349,23,0,34
BRDA:351,24,0,0
BRDA:351,24,1,12
BRDA:351,24,2,0
BRDA:351,24,3,0
BRDA:351,24,4,0
BRDA:351,24,5,0
BRDA:351,24,6,0
BRDA:351,24,7,0
BRDA:351,24,8,4
BRDA:351,24,9,0
BRDA:351,24,10,0
BRDA:351,24,11,0
BRDA:351,24,12,2
BRDA:351,24,13,6
BRDA:351,24,14,0
BRDA:351,24,15,10
BRDA:384,25,0,3
BRDA:390,26,0,0
BRDA:396,27,0,0
BRDA:402,28,0,0
BRDA:409,29,0,11
BRDA:412,30,0,12
BRDA:412,30,1,0
BRDA:432,31,0,12
BRDA:433,32,0,19
BRDA:433,32,1,19
BRDA:433,32,2,10
BRDA:433,32,3,7
BRDA:439,33,0,12
BRDA:439,33,1,0
BRDA:441,34,0,12
BRDA:441,34,1,0
BRDA:454,35,0,0
BRDA:472,36,0,0
BRDA:475,37,0,7
BRDA:477,38,0,7
BRDA:477,38,1,0
BRDA:479,39,0,7
BRDA:482,40,0,0
BRDA:494,41,0,7
BRDA:494,41,1,0
BRDA:498,42,0,21
BRDA:498,42,1,0
BRDA:507,43,0,7
BRDA:507,44,0,7
BRDA:507,44,1,7
BRDA:513,45,0,7
BRDA:513,45,1,0
BRDA:521,46,0,7
BRDA:521,46,1,0
BRDA:533,47,0,0
BRDA:536,48,0,7
BRDA:538,49,0,7
BRDA:538,50,0,7
BRDA:538,50,1,7
BRDA:540,51,0,7
BRDA:556,52,0,0
BRDA:556,53,0,19
BRDA:556,53,1,0
BRDA:558,54,0,0
BRDA:578,55,0,0
BRDA:628,56,0,0
BRDA:643,57,0,0
BRDA:655,58,0,0
BRDA:655,58,1,0
BRDA:657,59,0,0
BRDA:657,59,1,0
BRDA:679,60,0,0
BRDA:707,61,0,11
BRDA:714,62,0,4
BRDA:723,63,0,4
BRDA:723,63,1,1
BRDA:726,64,0,1
BRDA:732,65,0,5
BRDA:732,65,1,3
BRDA:742,66,0,11
BRDA:751,67,0,0
BRF:118
BRH:58
end_of_record
TN:
SF:src/core/transformer.ts
FN:27,(anonymous_0)
FN:37,(anonymous_1)
FN:50,(anonymous_2)
FN:55,(anonymous_3)
FN:60,(anonymous_4)
FN:65,(anonymous_5)
FN:70,(anonymous_6)
FN:83,(anonymous_7)
FN:94,(anonymous_8)
FN:145,(anonymous_9)
FN:158,(anonymous_10)
FN:176,(anonymous_11)
FN:187,(anonymous_12)
FNF:13
FNH:9
FNDA:19,(anonymous_0)
FNDA:7,(anonymous_1)
FNDA:3,(anonymous_2)
FNDA:3,(anonymous_3)
FNDA:0,(anonymous_4)
FNDA:10,(anonymous_5)
FNDA:0,(anonymous_6)
FNDA:3,(anonymous_7)
FNDA:3,(anonymous_8)
FNDA:0,(anonymous_9)
FNDA:10,(anonymous_10)
FNDA:0,(anonymous_11)
FNDA:19,(anonymous_12)
DA:1,2
DA:24,2
DA:28,19
DA:38,7
DA:39,7
DA:50,7
DA:51,3
DA:55,7
DA:56,3
DA:60,7
DA:61,0
DA:65,7
DA:66,10
DA:70,7
DA:71,0
DA:74,7
DA:76,0
DA:84,3
DA:97,3
DA:101,3
DA:103,3
DA:105,0
DA:109,3
DA:111,3
DA:113,3
DA:116,0
DA:117,0
DA:118,0
DA:119,0
DA:122,0
DA:124,0
DA:125,0
DA:128,0
DA:132,3
DA:146,0
DA:159,10
DA:177,0
DA:188,19
LF:38
LH:24
BRDA:40,0,0,7
BRDA:40,0,1,0
BRDA:97,1,0,3
BRDA:97,1,1,0
BRDA:97,1,2,0
BRDA:103,2,0,0
BRDA:103,2,1,3
BRDA:109,3,0,3
BRDA:109,3,1,3
BRDA:111,4,0,3
BRDA:111,4,1,0
BRDA:116,5,0,0
BRDA:116,5,1,0
BRDA:118,6,0,0
BRDA:124,7,0,0
BRDA:124,8,0,0
BRDA:124,8,1,0
BRDA:148,9,0,0
BRDA:148,9,1,0
BRDA:163,10,0,10
BRDA:163,10,1,0
BRF:21
BRH:7
end_of_record
TN:
SF:src/core/transpiler.ts
FN:138,(anonymous_0)
FN:149,(anonymous_1)
FN:158,(anonymous_2)
FN:167,(anonymous_3)
FN:171,(anonymous_4)
FN:220,(anonymous_5)
FNF:6
FNH:4
FNDA:19,(anonymous_0)
FNDA:13,(anonymous_1)
FNDA:7,(anonymous_2)
FNDA:6,(anonymous_3)
FNDA:0,(anonymous_4)
FNDA:0,(anonymous_5)
DA:2,2
DA:3,2
DA:4,2
DA:133,2
DA:139,19
DA:140,19
DA:141,19
DA:150,13
DA:159,7
DA:168,6
DA:172,0
DA:174,0
DA:175,0
DA:176,0
DA:177,0
DA:180,0
DA:181,0
DA:182,0
DA:185,0
DA:186,0
DA:187,0
DA:190,0
DA:191,0
DA:192,0
DA:193,0
DA:197,0
DA:198,0
DA:201,0
DA:207,0
DA:208,0
DA:221,0
LF:31
LH:10
BRDA:197,0,0,0
BRF:1
BRH:0
end_of_record
TN:
SF:src/core/types.ts
FN:12,(anonymous_9)
FN:44,(anonymous_10)
FN:51,(anonymous_11)
FN:61,(anonymous_12)
FN:62,(anonymous_13)
FN:78,(anonymous_14)
FN:113,(anonymous_15)
FN:120,(anonymous_16)
FN:121,(anonymous_17)
FN:137,(anonymous_18)
FN:144,(anonymous_19)
FNF:11
FNH:0
FNDA:0,(anonymous_9)
FNDA:0,(anonymous_10)
FNDA:0,(anonymous_11)
FNDA:0,(anonymous_12)
FNDA:0,(anonymous_13)
FNDA:0,(anonymous_14)
FNDA:0,(anonymous_15)
FNDA:0,(anonymous_16)
FNDA:0,(anonymous_17)
FNDA:0,(anonymous_18)
FNDA:0,(anonymous_19)
DA:1,0
DA:8,0
DA:13,0
DA:15,0
DA:17,0
DA:19,0
DA:21,0
DA:23,0
DA:25,0
DA:27,0
DA:29,0
DA:31,0
DA:33,0
DA:35,0
DA:37,0
DA:45,0
DA:46,0
DA:47,0
DA:50,0
DA:51,0
DA:52,0
DA:55,0
DA:59,0
DA:60,0
DA:61,0
DA:63,0
DA:64,0
DA:65,0
DA:69,0
DA:72,0
DA:73,0
DA:76,0
DA:78,0
DA:79,0
DA:82,0
DA:83,0
DA:84,0
DA:86,0
DA:87,0
DA:89,0
DA:90,0
DA:92,0
DA:93,0
DA:98,0
DA:99,0
DA:103,0
DA:104,0
DA:107,0
DA:114,0
DA:116,0
DA:117,0
DA:118,0
DA:119,0
DA:120,0
DA:122,0
DA:123,0
DA:124,0
DA:128,0
DA:131,0
DA:138,0
DA:145,0
DA:146,0
DA:148,0
LF:63
LH:0
BRDA:13,0,0,0
BRDA:13,0,1,0
BRDA:13,0,2,0
BRDA:13,0,3,0
BRDA:13,0,4,0
BRDA:13,0,5,0
BRDA:13,0,6,0
BRDA:13,0,7,0
BRDA:13,0,8,0
BRDA:13,0,9,0
BRDA:13,0,10,0
BRDA:13,0,11,0
BRDA:45,1,0,0
BRDA:50,2,0,0
BRDA:50,3,0,0
BRDA:50,3,1,0
BRDA:59,4,0,0
BRDA:63,5,0,0
BRDA:63,5,1,0
BRDA:64,6,0,0
BRDA:64,6,1,0
BRDA:72,7,0,0
BRDA:76,8,0,0
BRDA:82,9,0,0
BRDA:83,10,0,0
BRDA:86,11,0,0
BRDA:89,12,0,0
BRDA:92,13,0,0
BRDA:98,14,0,0
BRDA:103,15,0,0
BRDA:116,16,0,0
BRDA:116,16,1,0
BRDA:116,17,0,0
BRDA:116,17,1,0
BRDA:118,18,0,0
BRDA:118,19,0,0
BRDA:118,19,1,0
BRDA:122,20,0,0
BRDA:122,20,1,0
BRDA:123,21,0,0
BRDA:123,21,1,0
BRDA:138,22,0,0
BRDA:138,22,1,0
BRDA:145,23,0,0
BRF:44
BRH:0
end_of_record
TN:
SF:src/core/validators.ts
FN:21,(anonymous_9)
FN:28,(anonymous_10)
FN:50,(anonymous_11)
FN:55,(anonymous_12)
FN:61,(anonymous_13)
FN:140,(anonymous_14)
FN:145,(anonymous_15)
FN:194,(anonymous_16)
FN:202,(anonymous_17)
FN:217,(anonymous_18)
FN:225,(anonymous_19)
FN:233,(anonymous_20)
FN:241,(anonymous_21)
FN:249,(anonymous_22)
FNF:14
FNH:0
FNDA:0,(anonymous_9)
FNDA:0,(anonymous_10)
FNDA:0,(anonymous_11)
FNDA:0,(anonymous_12)
FNDA:0,(anonymous_13)
FNDA:0,(anonymous_14)
FNDA:0,(anonymous_15)
FNDA:0,(anonymous_16)
FNDA:0,(anonymous_17)
FNDA:0,(anonymous_18)
FNDA:0,(anonymous_19)
FNDA:0,(anonymous_20)
FNDA:0,(anonymous_21)
FNDA:0,(anonymous_22)
DA:1,0
DA:4,0
DA:18,0
DA:22,0
DA:29,0
DA:32,0
DA:34,0
DA:39,0
DA:41,0
DA:51,0
DA:52,0
DA:55,0
DA:62,0
DA:65,0
DA:66,0
DA:68,0
DA:73,0
DA:76,0
DA:77,0
DA:79,0
DA:80,0
DA:82,0
DA:86,0
DA:91,0
DA:94,0
DA:95,0
DA:97,0
DA:98,0
DA:100,0
DA:104,0
DA:109,0
DA:112,0
DA:113,0
DA:115,0
DA:116,0
DA:118,0
DA:122,0
DA:123,0
DA:127,0
DA:128,0
DA:130,0
DA:135,0
DA:141,0
DA:143,0
DA:145,0
DA:146,0
DA:147,0
DA:148,0
DA:150,0
DA:151,0
DA:153,0
DA:154,0
DA:155,0
DA:156,0
DA:160,0
DA:163,0
DA:167,0
DA:168,0
DA:169,0
DA:170,0
DA:172,0
DA:173,0
DA:174,0
DA:175,0
DA:176,0
DA:181,0
DA:184,0
DA:186,0
DA:194,0
DA:195,0
DA:203,0
DA:205,0
DA:206,0
DA:207,0
DA:208,0
DA:210,0
DA:218,0
LF:77
LH:0
BRDA:34,0,0,0
BRDA:34,0,1,0
BRDA:51,1,0,0
BRDA:57,2,0,0
BRDA:57,2,1,0
BRDA:62,3,0,0
BRDA:62,3,1,0
BRDA:62,3,2,0
BRDA:62,3,3,0
BRDA:62,3,4,0
BRDA:65,4,0,0
BRDA:65,5,0,0
BRDA:65,5,1,0
BRDA:68,6,0,0
BRDA:69,7,0,0
BRDA:69,7,1,0
BRDA:69,7,2,0
BRDA:76,8,0,0
BRDA:79,9,0,0
BRDA:86,10,0,0
BRDA:87,11,0,0
BRDA:87,11,1,0
BRDA:87,11,2,0
BRDA:94,12,0,0
BRDA:97,13,0,0
BRDA:104,14,0,0
BRDA:105,15,0,0
BRDA:105,15,1,0
BRDA:105,15,2,0
BRDA:112,16,0,0
BRDA:115,17,0,0
BRDA:127,18,0,0
BRDA:127,19,0,0
BRDA:127,19,1,0
BRDA:130,20,0,0
BRDA:131,21,0,0
BRDA:131,21,1,0
BRDA:131,21,2,0
BRDA:141,22,0,0
BRDA:146,23,0,0
BRDA:146,23,1,0
BRDA:146,24,0,0
BRDA:146,24,1,0
BRDA:148,25,0,0
BRDA:148,25,1,0
BRDA:151,26,0,0
BRDA:151,27,0,0
BRDA:151,27,1,0
BRDA:160,28,0,0
BRDA:160,29,0,0
BRDA:160,29,1,0
BRDA:160,29,2,0
BRDA:167,30,0,0
BRDA:169,31,0,0
BRDA:173,32,0,0
BRF:55
BRH:0
end_of_record
TN:
SF:src/types/cardano.ts
FN:95,contract
FN:96,(anonymous_1)
FN:103,datum
FN:109,validator
FN:110,(anonymous_4)
FN:122,pubKeyHash
FN:126,scriptHash
FN:130,ada
FN:134,assetName
FN:138,policyId
FN:290,(anonymous_10)
FN:412,convenienceAbs
FN:417,convenienceMin
FN:422,convenienceMax
FN:427,convenienceClamp
FN:434,convenienceSign
FN:441,conveniencePow
FN:461,convenienceIsEven
FN:466,convenienceIsOdd
FN:471,convenienceFactorial
FN:489,convenienceStringLength
FN:494,convenienceStringConcat
FN:499,convenienceStringContains
FN:520,convenienceStringCompare
FN:545,convenienceStringStartsWith
FN:557,convenienceStringEndsWith
FN:571,convenienceSubstring
FN:583,convenienceStringSplit
FNF:28
FNH:0
FNDA:0,contract
FNDA:0,(anonymous_1)
FNDA:0,datum
FNDA:0,validator
FNDA:0,(anonymous_4)
FNDA:0,pubKeyHash
FNDA:0,scriptHash
FNDA:0,ada
FNDA:0,assetName
FNDA:0,policyId
FNDA:0,(anonymous_10)
FNDA:0,convenienceAbs
FNDA:0,convenienceMin
FNDA:0,convenienceMax
FNDA:0,convenienceClamp
FNDA:0,convenienceSign
FNDA:0,conveniencePow
FNDA:0,convenienceIsEven
FNDA:0,convenienceIsOdd
FNDA:0,convenienceFactorial
FNDA:0,convenienceStringLength
FNDA:0,convenienceStringConcat
FNDA:0,convenienceStringContains
FNDA:0,convenienceStringCompare
FNDA:0,convenienceStringStartsWith
FNDA:0,convenienceStringEndsWith
FNDA:0,convenienceSubstring
FNDA:0,convenienceStringSplit
DA:95,0
DA:96,0
DA:98,0
DA:99,0
DA:103,0
DA:104,0
DA:105,0
DA:106,0
DA:109,0
DA:110,0
DA:111,0
DA:112,0
DA:117,0
DA:122,0
DA:123,0
DA:126,0
DA:127,0
DA:130,0
DA:131,0
DA:134,0
DA:135,0
DA:138,0
DA:139,0
DA:290,0
DA:291,0
DA:412,0
DA:413,0
DA:417,0
DA:418,0
DA:422,0
DA:423,0
DA:427,0
DA:428,0
DA:429,0
DA:430,0
DA:434,0
DA:435,0
DA:436,0
DA:437,0
DA:441,0
DA:442,0
DA:443,0
DA:445,0
DA:446,0
DA:447,0
DA:449,0
DA:450,0
DA:451,0
DA:453,0
DA:454,0
DA:457,0
DA:461,0
DA:462,0
DA:466,0
DA:467,0
DA:471,0
DA:472,0
DA:473,0
DA:475,0
DA:476,0
DA:477,0
DA:478,0
DA:479,0
DA:481,0
DA:489,0
DA:490,0
DA:494,0
DA:495,0
DA:499,0
DA:500,0
DA:501,0
DA:502,0
DA:503,0
DA:505,0
DA:507,0
DA:508,0
DA:510,0
DA:511,0
DA:512,0
DA:513,0
DA:516,0
DA:520,0
DA:521,0
DA:522,0
DA:523,0
DA:524,0
DA:526,0
DA:528,0
DA:529,0
DA:530,0
DA:531,0
DA:533,0
DA:534,0
DA:536,0
DA:539,0
DA:540,0
DA:541,0
DA:545,0
DA:546,0
DA:547,0
DA:548,0
DA:550,0
DA:552,0
DA:553,0
DA:557,0
DA:558,0
DA:559,0
DA:560,0
DA:561,0
DA:563,0
DA:565,0
DA:566,0
DA:567,0
DA:571,0
DA:572,0
DA:573,0
DA:575,0
DA:576,0
DA:578,0
DA:579,0
DA:583,0
DA:584,0
DA:585,0
DA:586,0
DA:587,0
DA:589,0
DA:591,0
DA:592,0
DA:593,0
DA:594,0
DA:595,0
DA:596,0
DA:598,0
DA:601,0
DA:602,0
DA:604,0
DA:605,0
DA:606,0
DA:608,0
DA:609,0
DA:610,0
DA:614,0
DA:615,0
DA:617,0
DA:618,0
DA:619,0
DA:621,0
DA:625,0
LF:148
LH:0
BRDA:104,0,0,0
BRDA:104,0,1,0
BRDA:111,1,0,0
BRDA:111,1,1,0
BRDA:413,2,0,0
BRDA:413,2,1,0
BRDA:418,3,0,0
BRDA:418,3,1,0
BRDA:423,4,0,0
BRDA:423,4,1,0
BRDA:428,5,0,0
BRDA:429,6,0,0
BRDA:435,7,0,0
BRDA:436,8,0,0
BRDA:442,9,0,0
BRDA:443,10,0,0
BRDA:450,11,0,0
BRDA:472,12,0,0
BRDA:473,13,0,0
BRDA:473,14,0,0
BRDA:473,14,1,0
BRDA:505,15,0,0
BRDA:512,16,0,0
BRDA:533,17,0,0
BRDA:534,18,0,0
BRDA:539,19,0,0
BRDA:540,20,0,0
BRDA:550,21,0,0
BRDA:563,22,0,0
BRDA:589,23,0,0
BRDA:606,24,0,0
BRDA:615,25,0,0
BRDA:615,25,1,0
BRF:33
BRH:0
end_of_record
TN:
SF:src/types/index.ts
FNF:0
FNH:0
DA:2,0
DA:4,0
LF:2
LH:0
BRF:0
BRH:0
end_of_record
