TN:
SF:src/index.ts
FN:2,(anonymous_4)
FN:3,(anonymous_5)
FN:4,(anonymous_6)
FN:5,(anonymous_7)
FN:6,(anonymous_8)
FN:7,(anonymous_9)
FN:8,(anonymous_10)
FN:9,(anonymous_11)
FNF:8
FNH:0
FNDA:0,(anonymous_4)
FNDA:0,(anonymous_5)
FNDA:0,(anonymous_6)
FNDA:0,(anonymous_7)
FNDA:0,(anonymous_8)
FNDA:0,(anonymous_9)
FNDA:0,(anonymous_10)
FNDA:0,(anonymous_11)
DA:2,0
DA:3,0
DA:4,0
DA:5,0
DA:6,0
DA:7,0
DA:8,0
DA:9,0
DA:10,0
LF:9
LH:0
BRF:0
BRH:0
end_of_record
TN:
SF:src/cli/index.ts
FN:27,(anonymous_9)
FN:89,(anonymous_10)
FN:144,(anonymous_11)
FN:400,(anonymous_12)
FNF:4
FNH:0
FNDA:0,(anonymous_9)
FNDA:0,(anonymous_10)
FNDA:0,(anonymous_11)
FNDA:0,(anonymous_12)
DA:3,0
DA:4,0
DA:5,0
DA:6,0
DA:8,0
DA:10,0
DA:22,0
DA:28,0
DA:29,0
DA:31,0
DA:35,0
DA:36,0
DA:39,0
DA:40,0
DA:41,0
DA:42,0
DA:43,0
DA:44,0
DA:46,0
DA:55,0
DA:56,0
DA:57,0
DA:60,0
DA:67,0
DA:69,0
DA:70,0
DA:71,0
DA:74,0
DA:76,0
DA:77,0
DA:78,0
DA:81,0
DA:82,0
DA:83,0
DA:84,0
DA:87,0
DA:88,0
DA:89,0
DA:92,0
DA:114,0
DA:115,0
DA:117,0
DA:120,0
DA:121,0
DA:123,0
DA:127,0
DA:128,0
DA:129,0
DA:131,0
DA:132,0
DA:135,0
DA:136,0
DA:140,0
DA:145,0
DA:146,0
DA:148,0
DA:149,0
DA:150,0
DA:153,0
DA:156,0
DA:157,0
DA:158,0
DA:161,0
DA:173,0
DA:176,0
DA:190,0
DA:193,0
DA:213,0
DA:219,0
DA:238,0
DA:244,0
DA:262,0
DA:265,0
DA:282,0
DA:285,0
DA:368,0
DA:370,0
DA:371,0
DA:372,0
DA:373,0
DA:374,0
DA:375,0
DA:376,0
DA:377,0
DA:378,0
DA:379,0
DA:380,0
DA:381,0
DA:383,0
DA:384,0
DA:385,0
DA:386,0
DA:387,0
DA:388,0
DA:389,0
DA:391,0
DA:392,0
DA:396,0
DA:401,0
DA:404,0
LF:100
LH:0
BRDA:35,0,0,0
BRDA:35,0,1,0
BRDA:40,1,0,0
BRDA:40,1,1,0
BRDA:40,2,0,0
BRDA:40,2,1,0
BRDA:56,3,0,0
BRDA:69,4,0,0
BRDA:76,5,0,0
BRDA:76,5,1,0
BRDA:82,6,0,0
BRDA:89,7,0,0
BRDA:89,7,1,0
BRDA:114,8,0,0
BRDA:114,8,1,0
BRDA:148,9,0,0
BRF:16
BRH:0
end_of_record
TN:
SF:src/contracts/MultiSig.ts
FN:10,(anonymous_2)
FN:19,(anonymous_3)
FNF:2
FNH:0
FNDA:0,(anonymous_2)
FNDA:0,(anonymous_3)
DA:1,0
DA:10,0
DA:12,0
DA:19,0
DA:20,0
DA:22,0
LF:6
LH:0
BRF:0
BRH:0
end_of_record
TN:
SF:src/contracts/NFTMinting.ts
FN:4,(anonymous_2)
FN:13,(anonymous_3)
FNF:2
FNH:0
FNDA:0,(anonymous_2)
FNDA:0,(anonymous_3)
DA:1,0
DA:4,0
DA:6,0
DA:13,0
DA:18,0
DA:20,0
LF:6
LH:0
BRF:0
BRH:0
end_of_record
TN:
SF:src/contracts/SimpleMultiSig.ts
FN:4,(anonymous_2)
FN:12,(anonymous_3)
FNF:2
FNH:0
FNDA:0,(anonymous_2)
FNDA:0,(anonymous_3)
DA:1,0
DA:4,0
DA:6,0
DA:12,0
DA:17,0
DA:19,0
LF:6
LH:0
BRDA:19,0,0,0
BRDA:19,0,1,0
BRF:2
BRH:0
end_of_record
TN:
SF:src/contracts/TestMultiSig.ts
FN:4,(anonymous_2)
FN:12,(anonymous_3)
FNF:2
FNH:0
FNDA:0,(anonymous_2)
FNDA:0,(anonymous_3)
DA:1,0
DA:4,0
DA:6,0
DA:12,0
DA:17,0
DA:19,0
LF:6
LH:0
BRDA:19,0,0,0
BRDA:19,0,1,0
BRF:2
BRH:0
end_of_record
TN:
SF:src/contracts/TimeLock.ts
FN:4,(anonymous_2)
FN:13,(anonymous_3)
FNF:2
FNH:0
FNDA:0,(anonymous_2)
FNDA:0,(anonymous_3)
DA:1,0
DA:4,0
DA:6,0
DA:13,0
DA:18,0
DA:20,0
LF:6
LH:0
BRDA:21,0,0,0
BRDA:21,0,1,0
BRDA:21,0,2,0
BRDA:22,1,0,0
BRDA:22,1,1,0
BRF:5
BRH:0
end_of_record
TN:
SF:src/contracts/TokenVesting.ts
FN:13,(anonymous_2)
FN:24,(anonymous_3)
FNF:2
FNH:0
FNDA:0,(anonymous_2)
FNDA:0,(anonymous_3)
DA:1,0
DA:13,0
DA:15,0
DA:24,0
DA:35,0
DA:36,0
DA:38,0
LF:7
LH:0
BRDA:36,0,0,0
BRDA:36,0,1,0
BRDA:38,1,0,0
BRDA:38,1,1,0
BRF:4
BRH:0
end_of_record
TN:
SF:src/core/builtins.ts
FN:15,(anonymous_0)
FN:19,(anonymous_1)
FN:148,(anonymous_2)
FN:155,(anonymous_3)
FN:234,(anonymous_4)
FN:244,(anonymous_5)
FN:251,(anonymous_6)
FN:258,(anonymous_7)
FNF:8
FNH:4
FNDA:14,(anonymous_0)
FNDA:14,(anonymous_1)
FNDA:1106,(anonymous_2)
FNDA:0,(anonymous_3)
FNDA:0,(anonymous_4)
FNDA:4,(anonymous_5)
FNDA:0,(anonymous_6)
FNDA:0,(anonymous_7)
DA:11,1
DA:12,14
DA:13,14
DA:16,14
DA:21,14
DA:22,14
DA:23,14
DA:24,14
DA:25,14
DA:26,14
DA:27,14
DA:28,14
DA:29,14
DA:30,14
DA:31,14
DA:32,14
DA:33,14
DA:34,14
DA:37,14
DA:38,14
DA:39,14
DA:40,14
DA:41,14
DA:42,14
DA:43,14
DA:46,14
DA:47,14
DA:48,14
DA:49,14
DA:50,14
DA:51,14
DA:52,14
DA:55,14
DA:56,14
DA:57,14
DA:58,14
DA:59,14
DA:60,14
DA:63,14
DA:64,14
DA:68,14
DA:69,14
DA:72,14
DA:73,14
DA:74,14
DA:75,14
DA:76,14
DA:79,14
DA:83,14
DA:87,14
DA:91,14
DA:95,14
DA:101,14
DA:102,14
DA:105,14
DA:106,14
DA:107,14
DA:108,14
DA:109,14
DA:110,14
DA:113,14
DA:114,14
DA:115,14
DA:116,14
DA:117,14
DA:118,14
DA:119,14
DA:122,14
DA:123,14
DA:124,14
DA:127,14
DA:128,14
DA:129,14
DA:130,14
DA:131,14
DA:132,14
DA:135,14
DA:136,14
DA:137,14
DA:140,14
DA:141,14
DA:144,14
DA:145,14
DA:149,1106
DA:157,0
DA:158,0
DA:162,0
DA:163,0
DA:164,0
DA:165,0
DA:168,0
DA:169,0
DA:176,0
DA:177,0
DA:182,0
DA:183,0
DA:189,0
DA:190,0
DA:195,0
DA:196,0
DA:201,0
DA:202,0
DA:207,0
DA:208,0
DA:211,0
DA:212,0
DA:217,0
DA:218,0
DA:221,0
DA:222,0
DA:228,0
DA:235,0
DA:236,0
DA:237,0
DA:245,4
DA:252,0
DA:259,0
LF:117
LH:85
BRDA:157,0,0,0
BRDA:162,1,0,0
BRDA:164,2,0,0
BRDA:168,3,0,0
BRDA:168,4,0,0
BRDA:168,4,1,0
BRDA:176,5,0,0
BRDA:182,6,0,0
BRDA:182,7,0,0
BRDA:182,7,1,0
BRDA:189,8,0,0
BRDA:195,9,0,0
BRDA:201,10,0,0
BRDA:207,11,0,0
BRDA:211,12,0,0
BRDA:217,13,0,0
BRDA:221,14,0,0
BRDA:236,15,0,0
BRDA:237,16,0,0
BRDA:237,16,1,0
BRF:20
BRH:0
end_of_record
TN:
SF:src/core/expressions.ts
FN:12,(anonymous_9)
FN:19,(anonymous_10)
FN:70,(anonymous_11)
FN:83,(anonymous_12)
FN:105,(anonymous_13)
FN:108,(anonymous_14)
FN:120,(anonymous_15)
FN:128,(anonymous_16)
FN:134,(anonymous_17)
FN:137,(anonymous_18)
FN:138,(anonymous_19)
FN:148,(anonymous_20)
FN:149,(anonymous_21)
FN:153,(anonymous_22)
FNF:14
FNH:0
FNDA:0,(anonymous_9)
FNDA:0,(anonymous_10)
FNDA:0,(anonymous_11)
FNDA:0,(anonymous_12)
FNDA:0,(anonymous_13)
FNDA:0,(anonymous_14)
FNDA:0,(anonymous_15)
FNDA:0,(anonymous_16)
FNDA:0,(anonymous_17)
FNDA:0,(anonymous_18)
FNDA:0,(anonymous_19)
FNDA:0,(anonymous_20)
FNDA:0,(anonymous_21)
FNDA:0,(anonymous_22)
DA:1,0
DA:9,0
DA:13,0
DA:20,0
DA:21,0
DA:24,0
DA:25,0
DA:28,0
DA:29,0
DA:32,0
DA:33,0
DA:36,0
DA:37,0
DA:40,0
DA:41,0
DA:44,0
DA:48,0
DA:51,0
DA:52,0
DA:55,0
DA:56,0
DA:59,0
DA:60,0
DA:63,0
DA:64,0
DA:67,0
DA:71,0
DA:72,0
DA:73,0
DA:76,0
DA:77,0
DA:80,0
DA:84,0
DA:85,0
DA:88,0
DA:89,0
DA:93,0
DA:94,0
DA:95,0
DA:96,0
DA:99,0
DA:106,0
DA:107,0
DA:108,0
DA:112,0
DA:113,0
DA:114,0
DA:117,0
DA:122,0
DA:123,0
DA:125,0
DA:129,0
DA:130,0
DA:131,0
DA:136,0
DA:137,0
DA:139,0
DA:140,0
DA:141,0
DA:145,0
DA:149,0
DA:150,0
DA:154,0
DA:156,0
DA:158,0
DA:160,0
DA:162,0
DA:164,0
DA:166,0
DA:168,0
DA:170,0
DA:172,0
DA:174,0
DA:176,0
LF:74
LH:0
BRDA:20,0,0,0
BRDA:24,1,0,0
BRDA:28,2,0,0
BRDA:32,3,0,0
BRDA:36,4,0,0
BRDA:40,5,0,0
BRDA:44,6,0,0
BRDA:45,7,0,0
BRDA:45,7,1,0
BRDA:48,8,0,0
BRDA:48,8,1,0
BRDA:51,9,0,0
BRDA:55,10,0,0
BRDA:59,11,0,0
BRDA:63,12,0,0
BRDA:76,13,0,0
BRDA:76,14,0,0
BRDA:76,14,1,0
BRDA:88,15,0,0
BRDA:95,16,0,0
BRDA:113,17,0,0
BRDA:122,18,0,0
BRDA:154,19,0,0
BRDA:154,19,1,0
BRDA:154,19,2,0
BRDA:154,19,3,0
BRDA:154,19,4,0
BRDA:154,19,5,0
BRDA:154,19,6,0
BRDA:154,19,7,0
BRDA:154,19,8,0
BRDA:154,19,9,0
BRDA:154,19,10,0
BRF:33
BRH:0
end_of_record
TN:
SF:src/core/generator.ts
FN:22,(anonymous_0)
FN:32,(anonymous_1)
FN:38,(anonymous_2)
FN:52,(anonymous_3)
FN:61,(anonymous_4)
FN:67,(anonymous_5)
FN:73,(anonymous_6)
FN:79,(anonymous_7)
FN:93,(anonymous_8)
FN:110,(anonymous_9)
FN:115,(anonymous_10)
FN:161,(anonymous_11)
FN:171,(anonymous_12)
FN:172,(anonymous_13)
FN:191,(anonymous_14)
FN:196,(anonymous_15)
FN:214,(anonymous_16)
FN:219,(anonymous_17)
FN:234,(anonymous_18)
FN:259,(anonymous_19)
FN:267,(anonymous_20)
FN:282,(anonymous_21)
FN:320,(anonymous_22)
FN:336,(anonymous_23)
FN:341,(anonymous_24)
FN:356,(anonymous_25)
FN:360,(anonymous_26)
FN:373,(anonymous_27)
FN:392,(anonymous_28)
FN:395,(anonymous_29)
FN:397,(anonymous_30)
FN:406,(anonymous_31)
FN:410,(anonymous_32)
FN:425,(anonymous_33)
FN:432,(anonymous_34)
FN:479,(anonymous_35)
FNF:36
FNH:14
FNDA:14,(anonymous_0)
FNDA:4,(anonymous_1)
FNDA:0,(anonymous_2)
FNDA:0,(anonymous_3)
FNDA:3,(anonymous_4)
FNDA:0,(anonymous_5)
FNDA:7,(anonymous_6)
FNDA:0,(anonymous_7)
FNDA:0,(anonymous_8)
FNDA:3,(anonymous_9)
FNDA:0,(anonymous_10)
FNDA:3,(anonymous_11)
FNDA:13,(anonymous_12)
FNDA:13,(anonymous_13)
FNDA:0,(anonymous_14)
FNDA:0,(anonymous_15)
FNDA:7,(anonymous_16)
FNDA:0,(anonymous_17)
FNDA:7,(anonymous_18)
FNDA:0,(anonymous_19)
FNDA:7,(anonymous_20)
FNDA:7,(anonymous_21)
FNDA:14,(anonymous_22)
FNDA:0,(anonymous_23)
FNDA:0,(anonymous_24)
FNDA:0,(anonymous_25)
FNDA:0,(anonymous_26)
FNDA:0,(anonymous_27)
FNDA:0,(anonymous_28)
FNDA:0,(anonymous_29)
FNDA:0,(anonymous_30)
FNDA:0,(anonymous_31)
FNDA:0,(anonymous_32)
FNDA:0,(anonymous_33)
FNDA:0,(anonymous_34)
FNDA:7,(anonymous_35)
DA:19,1
DA:23,14
DA:33,4
DA:34,4
DA:37,4
DA:38,0
DA:39,0
DA:41,0
DA:45,4
DA:46,4
DA:47,0
DA:48,0
DA:52,4
DA:53,0
DA:56,4
DA:57,0
DA:61,4
DA:62,3
DA:63,3
DA:67,4
DA:68,0
DA:69,0
DA:73,4
DA:74,7
DA:75,7
DA:79,4
DA:80,0
DA:81,0
DA:84,4
DA:86,0
DA:94,0
DA:96,0
DA:97,0
DA:100,0
DA:101,0
DA:104,0
DA:111,3
DA:114,3
DA:115,0
DA:116,0
DA:121,3
DA:123,3
DA:124,3
DA:125,0
DA:126,3
DA:127,3
DA:129,0
DA:131,3
DA:134,3
DA:135,3
DA:138,3
DA:140,0
DA:141,0
DA:144,3
DA:145,3
DA:148,3
DA:149,3
DA:150,3
DA:152,3
DA:155,3
DA:163,3
DA:165,3
DA:167,3
DA:169,3
DA:171,13
DA:172,13
DA:173,3
DA:176,0
DA:180,0
DA:181,0
DA:185,0
DA:192,0
DA:195,0
DA:196,0
DA:197,0
DA:201,0
DA:202,0
DA:203,0
DA:205,0
DA:207,0
DA:208,0
DA:215,7
DA:218,7
DA:219,0
DA:220,0
DA:224,7
DA:225,7
DA:226,7
DA:228,7
DA:230,7
DA:231,0
DA:234,7
DA:235,7
DA:237,7
DA:238,7
DA:241,7
DA:244,7
DA:246,0
DA:247,0
DA:250,0
DA:251,0
DA:255,7
DA:258,7
DA:259,0
DA:260,0
DA:261,0
DA:266,7
DA:267,6
DA:268,7
DA:269,7
DA:274,7
DA:276,7
DA:283,7
DA:321,14
DA:323,0
DA:325,0
DA:327,0
DA:329,14
DA:337,0
DA:340,0
DA:341,0
DA:342,0
DA:346,0
DA:347,0
DA:348,0
DA:350,0
DA:357,0
DA:359,0
DA:360,0
DA:361,0
DA:362,0
DA:363,0
DA:365,0
DA:367,0
DA:374,0
DA:376,0
DA:378,0
DA:380,0
DA:382,0
DA:383,0
DA:384,0
DA:385,0
DA:386,0
DA:387,0
DA:388,0
DA:389,0
DA:391,0
DA:392,0
DA:395,0
DA:397,0
DA:399,0
DA:407,0
DA:409,0
DA:410,0
DA:411,0
DA:412,0
DA:414,0
DA:418,0
DA:419,0
DA:426,0
DA:433,0
DA:434,0
DA:437,0
DA:438,0
DA:441,0
DA:443,0
DA:444,0
DA:445,0
DA:448,0
DA:449,0
DA:450,0
DA:451,0
DA:452,0
DA:453,0
DA:456,0
DA:457,0
DA:458,0
DA:459,0
DA:462,0
DA:463,0
DA:465,0
DA:469,0
DA:470,0
DA:473,0
DA:480,7
DA:481,7
LF:186
LH:69
BRDA:37,0,0,0
BRDA:37,1,0,4
BRDA:37,1,1,4
BRDA:46,2,0,0
BRDA:56,3,0,0
BRDA:96,4,0,0
BRDA:100,5,0,0
BRDA:100,6,0,0
BRDA:100,6,1,0
BRDA:114,7,0,0
BRDA:114,8,0,3
BRDA:114,8,1,3
BRDA:121,9,0,3
BRDA:121,9,1,0
BRDA:124,10,0,0
BRDA:124,10,1,3
BRDA:126,11,0,3
BRDA:126,11,1,0
BRDA:134,12,0,3
BRDA:134,13,0,3
BRDA:134,13,1,3
BRDA:138,14,0,0
BRDA:138,14,1,3
BRDA:149,15,0,3
BRDA:163,16,0,3
BRDA:163,17,0,3
BRDA:163,17,1,3
BRDA:165,18,0,3
BRDA:165,19,0,3
BRDA:165,19,1,3
BRDA:180,20,0,0
BRDA:195,21,0,0
BRDA:195,22,0,0
BRDA:195,22,1,0
BRDA:202,23,0,0
BRDA:218,24,0,0
BRDA:218,25,0,7
BRDA:218,25,1,7
BRDA:225,26,0,7
BRDA:230,27,0,0
BRDA:230,28,0,7
BRDA:230,28,1,0
BRDA:244,29,0,0
BRDA:244,30,0,7
BRDA:244,30,1,7
BRDA:246,31,0,0
BRDA:246,31,1,0
BRDA:246,32,0,0
BRDA:246,32,1,0
BRDA:258,33,0,0
BRDA:258,34,0,7
BRDA:258,34,1,7
BRDA:266,35,0,6
BRDA:266,36,0,7
BRDA:266,36,1,7
BRDA:321,37,0,0
BRDA:321,37,1,0
BRDA:321,37,2,0
BRDA:321,37,3,14
BRDA:340,38,0,0
BRDA:340,39,0,0
BRDA:340,39,1,0
BRDA:362,40,0,0
BRDA:362,40,1,0
BRDA:374,41,0,0
BRDA:374,41,1,0
BRDA:374,41,2,0
BRDA:374,41,3,0
BRDA:374,41,4,0
BRDA:374,41,5,0
BRDA:374,41,6,0
BRDA:382,42,0,0
BRDA:382,42,1,0
BRDA:384,43,0,0
BRDA:384,43,1,0
BRDA:386,44,0,0
BRDA:386,44,1,0
BRDA:388,45,0,0
BRDA:392,46,0,0
BRDA:392,46,1,0
BRDA:395,47,0,0
BRDA:395,47,1,0
BRDA:397,48,0,0
BRDA:397,48,1,0
BRDA:399,49,0,0
BRDA:399,49,1,0
BRDA:411,50,0,0
BRDA:411,50,1,0
BRDA:411,51,0,0
BRDA:411,51,1,0
BRDA:426,52,0,0
BRDA:426,52,1,0
BRDA:433,53,0,0
BRDA:433,54,0,0
BRDA:433,54,1,0
BRDA:443,55,0,0
BRDA:443,55,1,0
BRDA:448,56,0,0
BRDA:456,57,0,0
BRDA:456,57,1,0
BRDA:480,58,0,7
BRDA:480,58,1,0
BRF:102
BRH:31
end_of_record
TN:
SF:src/core/parser.ts
FN:124,(anonymous_9)
FN:140,(anonymous_10)
FN:165,(anonymous_11)
FN:181,(anonymous_12)
FN:192,(anonymous_13)
FN:221,(anonymous_14)
FN:231,(anonymous_15)
FN:241,(anonymous_16)
FN:246,(anonymous_17)
FN:257,(anonymous_18)
FN:260,(anonymous_19)
FN:269,(anonymous_20)
FN:280,(anonymous_21)
FN:293,(anonymous_22)
FN:294,(anonymous_23)
FN:308,(anonymous_24)
FN:323,(anonymous_25)
FN:334,(anonymous_26)
FN:383,(anonymous_27)
FN:395,(anonymous_28)
FN:401,(anonymous_29)
FN:408,(anonymous_30)
FN:413,(anonymous_31)
FN:428,(anonymous_32)
FN:438,(anonymous_33)
FN:449,(anonymous_34)
FN:461,(anonymous_35)
FN:468,(anonymous_36)
FN:472,(anonymous_37)
FN:484,(anonymous_38)
FN:504,(anonymous_39)
FN:535,(anonymous_40)
FN:554,(anonymous_41)
FN:556,(anonymous_42)
FN:572,(anonymous_43)
FN:586,(anonymous_44)
FN:605,(anonymous_45)
FN:633,(anonymous_46)
FNF:38
FNH:22
FNDA:14,(anonymous_9)
FNDA:0,(anonymous_10)
FNDA:8,(anonymous_11)
FNDA:8,(anonymous_12)
FNDA:408,(anonymous_13)
FNDA:8,(anonymous_14)
FNDA:2,(anonymous_15)
FNDA:3,(anonymous_16)
FNDA:4,(anonymous_17)
FNDA:0,(anonymous_18)
FNDA:0,(anonymous_19)
FNDA:0,(anonymous_20)
FNDA:0,(anonymous_21)
FNDA:11,(anonymous_22)
FNDA:13,(anonymous_23)
FNDA:0,(anonymous_24)
FNDA:0,(anonymous_25)
FNDA:44,(anonymous_26)
FNDA:6,(anonymous_27)
FNDA:0,(anonymous_28)
FNDA:0,(anonymous_29)
FNDA:11,(anonymous_30)
FNDA:11,(anonymous_31)
FNDA:14,(anonymous_32)
FNDA:12,(anonymous_33)
FNDA:0,(anonymous_34)
FNDA:2,(anonymous_35)
FNDA:14,(anonymous_36)
FNDA:0,(anonymous_37)
FNDA:11,(anonymous_38)
FNDA:0,(anonymous_39)
FNDA:11,(anonymous_40)
FNDA:0,(anonymous_41)
FNDA:0,(anonymous_42)
FNDA:0,(anonymous_43)
FNDA:0,(anonymous_44)
FNDA:11,(anonymous_45)
FNDA:7,(anonymous_46)
DA:1,1
DA:2,1
DA:120,1
DA:124,14
DA:125,14
DA:141,0
DA:142,0
DA:149,0
DA:150,0
DA:152,0
DA:154,0
DA:166,8
DA:167,8
DA:169,8
DA:170,8
DA:172,8
DA:174,0
DA:182,8
DA:192,8
DA:193,408
DA:194,2
DA:195,406
DA:196,3
DA:197,403
DA:198,0
DA:199,403
DA:200,0
DA:201,403
DA:202,9
DA:203,394
DA:204,2
DA:205,0
DA:207,2
DA:211,408
DA:214,8
DA:215,8
DA:223,8
DA:224,8
DA:225,8
DA:232,2
DA:233,2
DA:242,3
DA:244,3
DA:246,4
DA:258,0
DA:261,0
DA:262,0
DA:263,0
DA:267,0
DA:269,0
DA:281,0
DA:294,13
DA:299,11
DA:300,11
DA:301,11
DA:304,11
DA:306,11
DA:308,0
DA:324,0
DA:336,44
DA:337,0
DA:338,0
DA:340,0
DA:341,0
DA:343,0
DA:347,44
DA:348,19
DA:349,19
DA:352,2
DA:355,0
DA:358,0
DA:361,0
DA:363,3
DA:365,0
DA:367,0
DA:369,0
DA:371,2
DA:373,2
DA:375,0
DA:377,10
DA:382,25
DA:383,6
DA:384,3
DA:388,22
DA:389,0
DA:390,0
DA:394,22
DA:395,0
DA:396,0
DA:400,22
DA:401,0
DA:402,0
DA:403,0
DA:407,22
DA:408,10
DA:409,11
DA:410,11
DA:411,11
DA:413,11
DA:417,12
DA:418,12
DA:430,14
DA:436,12
DA:439,12
DA:443,2
DA:451,0
DA:452,0
DA:453,0
DA:455,0
DA:462,2
DA:469,14
DA:470,14
DA:471,14
DA:472,0
DA:473,0
DA:474,0
DA:478,14
DA:485,11
DA:486,11
DA:489,11
DA:490,0
DA:491,0
DA:492,0
DA:493,0
DA:494,0
DA:498,11
DA:505,0
DA:508,0
DA:511,0
DA:512,0
DA:513,0
DA:520,0
DA:521,0
DA:522,0
DA:523,0
DA:529,0
DA:536,11
DA:537,11
DA:540,11
DA:541,0
DA:542,0
DA:543,0
DA:544,0
DA:548,11
DA:556,0
DA:558,0
DA:559,0
DA:562,0
DA:563,0
DA:565,0
DA:566,0
DA:569,0
DA:570,0
DA:571,0
DA:572,0
DA:573,0
DA:576,0
DA:580,0
DA:587,0
DA:588,0
DA:591,0
DA:592,0
DA:593,0
DA:594,0
DA:595,0
DA:599,0
DA:606,11
DA:607,11
DA:608,11
DA:611,11
DA:612,11
DA:615,11
DA:616,11
DA:619,11
DA:620,7
DA:621,7
DA:622,7
DA:623,7
DA:627,11
DA:635,7
DA:636,7
DA:637,7
DA:644,0
DA:645,0
DA:646,0
DA:652,0
LF:186
LH:96
BRDA:124,0,0,14
BRDA:165,1,0,8
BRDA:193,2,0,2
BRDA:193,2,1,406
BRDA:195,3,0,3
BRDA:195,3,1,403
BRDA:197,4,0,0
BRDA:197,4,1,403
BRDA:199,5,0,0
BRDA:199,5,1,403
BRDA:199,6,0,403
BRDA:199,6,1,0
BRDA:201,7,0,9
BRDA:201,7,1,394
BRDA:203,8,0,2
BRDA:204,9,0,0
BRDA:204,9,1,2
BRDA:225,10,0,8
BRDA:225,10,1,0
BRDA:262,11,0,0
BRDA:262,11,1,0
BRDA:270,12,0,0
BRDA:270,12,1,0
BRDA:283,13,0,0
BRDA:283,13,1,0
BRDA:284,14,0,0
BRDA:284,14,1,0
BRDA:296,15,0,13
BRDA:296,15,1,0
BRDA:299,16,0,11
BRDA:299,16,1,0
BRDA:307,17,0,11
BRDA:307,17,1,0
BRDA:310,18,0,11
BRDA:310,18,1,0
BRDA:326,19,0,0
BRDA:326,19,1,0
BRDA:336,20,0,0
BRDA:337,21,0,0
BRDA:340,22,0,0
BRDA:347,23,0,19
BRDA:349,24,0,0
BRDA:349,24,1,2
BRDA:349,24,2,0
BRDA:349,24,3,0
BRDA:349,24,4,0
BRDA:349,24,5,0
BRDA:349,24,6,0
BRDA:349,24,7,0
BRDA:349,24,8,3
BRDA:349,24,9,0
BRDA:349,24,10,0
BRDA:349,24,11,0
BRDA:349,24,12,2
BRDA:349,24,13,2
BRDA:349,24,14,0
BRDA:349,24,15,10
BRDA:382,25,0,3
BRDA:388,26,0,0
BRDA:394,27,0,0
BRDA:400,28,0,0
BRDA:407,29,0,10
BRDA:410,30,0,11
BRDA:410,30,1,0
BRDA:430,31,0,12
BRDA:431,32,0,14
BRDA:431,32,1,14
BRDA:431,32,2,5
BRDA:431,32,3,2
BRDA:437,33,0,12
BRDA:437,33,1,0
BRDA:439,34,0,12
BRDA:439,34,1,0
BRDA:452,35,0,0
BRDA:471,36,0,0
BRDA:471,37,0,14
BRDA:471,37,1,0
BRDA:473,38,0,0
BRDA:493,39,0,0
BRDA:543,40,0,0
BRDA:558,41,0,0
BRDA:570,42,0,0
BRDA:570,42,1,0
BRDA:572,43,0,0
BRDA:572,43,1,0
BRDA:594,44,0,0
BRDA:622,45,0,7
BRDA:636,46,0,7
BRDA:645,47,0,0
BRF:89
BRH:37
end_of_record
TN:
SF:src/core/transformer.ts
FN:27,(anonymous_0)
FN:37,(anonymous_1)
FN:50,(anonymous_2)
FN:55,(anonymous_3)
FN:60,(anonymous_4)
FN:65,(anonymous_5)
FN:70,(anonymous_6)
FN:83,(anonymous_7)
FN:94,(anonymous_8)
FN:145,(anonymous_9)
FN:158,(anonymous_10)
FN:176,(anonymous_11)
FN:187,(anonymous_12)
FNF:13
FNH:9
FNDA:14,(anonymous_0)
FNDA:5,(anonymous_1)
FNDA:1,(anonymous_2)
FNDA:3,(anonymous_3)
FNDA:0,(anonymous_4)
FNDA:8,(anonymous_5)
FNDA:0,(anonymous_6)
FNDA:1,(anonymous_7)
FNDA:3,(anonymous_8)
FNDA:0,(anonymous_9)
FNDA:8,(anonymous_10)
FNDA:0,(anonymous_11)
FNDA:14,(anonymous_12)
DA:1,1
DA:24,1
DA:28,14
DA:38,5
DA:39,5
DA:50,5
DA:51,1
DA:55,5
DA:56,3
DA:60,5
DA:61,0
DA:65,5
DA:66,8
DA:70,5
DA:71,0
DA:74,5
DA:76,0
DA:84,1
DA:97,3
DA:101,3
DA:103,3
DA:105,0
DA:109,3
DA:111,3
DA:113,3
DA:116,0
DA:117,0
DA:118,0
DA:119,0
DA:122,0
DA:124,0
DA:125,0
DA:128,0
DA:132,3
DA:146,0
DA:159,8
DA:177,0
DA:188,14
LF:38
LH:24
BRDA:40,0,0,5
BRDA:40,0,1,0
BRDA:97,1,0,3
BRDA:97,1,1,0
BRDA:97,1,2,0
BRDA:103,2,0,0
BRDA:103,2,1,3
BRDA:109,3,0,3
BRDA:109,3,1,3
BRDA:111,4,0,3
BRDA:111,4,1,0
BRDA:116,5,0,0
BRDA:116,5,1,0
BRDA:118,6,0,0
BRDA:124,7,0,0
BRDA:124,8,0,0
BRDA:124,8,1,0
BRDA:148,9,0,0
BRDA:148,9,1,0
BRDA:163,10,0,8
BRDA:163,10,1,0
BRF:21
BRH:7
end_of_record
TN:
SF:src/core/transpiler.ts
FN:138,(anonymous_0)
FN:149,(anonymous_1)
FN:158,(anonymous_2)
FN:167,(anonymous_3)
FN:171,(anonymous_4)
FN:217,(anonymous_5)
FNF:6
FNH:4
FNDA:14,(anonymous_0)
FNDA:8,(anonymous_1)
FNDA:5,(anonymous_2)
FNDA:4,(anonymous_3)
FNDA:0,(anonymous_4)
FNDA:0,(anonymous_5)
DA:2,1
DA:3,1
DA:4,1
DA:133,1
DA:139,14
DA:140,14
DA:141,14
DA:150,8
DA:159,5
DA:168,4
DA:172,0
DA:174,0
DA:175,0
DA:176,0
DA:177,0
DA:180,0
DA:181,0
DA:182,0
DA:185,0
DA:186,0
DA:187,0
DA:190,0
DA:191,0
DA:192,0
DA:193,0
DA:196,0
DA:198,0
DA:204,0
DA:205,0
DA:218,0
LF:30
LH:10
BRF:0
BRH:0
end_of_record
TN:
SF:src/core/types.ts
FN:12,(anonymous_9)
FN:44,(anonymous_10)
FN:51,(anonymous_11)
FN:61,(anonymous_12)
FN:62,(anonymous_13)
FN:78,(anonymous_14)
FN:113,(anonymous_15)
FN:120,(anonymous_16)
FN:121,(anonymous_17)
FN:137,(anonymous_18)
FN:144,(anonymous_19)
FNF:11
FNH:0
FNDA:0,(anonymous_9)
FNDA:0,(anonymous_10)
FNDA:0,(anonymous_11)
FNDA:0,(anonymous_12)
FNDA:0,(anonymous_13)
FNDA:0,(anonymous_14)
FNDA:0,(anonymous_15)
FNDA:0,(anonymous_16)
FNDA:0,(anonymous_17)
FNDA:0,(anonymous_18)
FNDA:0,(anonymous_19)
DA:1,0
DA:8,0
DA:13,0
DA:15,0
DA:17,0
DA:19,0
DA:21,0
DA:23,0
DA:25,0
DA:27,0
DA:29,0
DA:31,0
DA:33,0
DA:35,0
DA:37,0
DA:45,0
DA:46,0
DA:47,0
DA:50,0
DA:51,0
DA:52,0
DA:55,0
DA:59,0
DA:60,0
DA:61,0
DA:63,0
DA:64,0
DA:65,0
DA:69,0
DA:72,0
DA:73,0
DA:76,0
DA:78,0
DA:79,0
DA:82,0
DA:83,0
DA:84,0
DA:86,0
DA:87,0
DA:89,0
DA:90,0
DA:92,0
DA:93,0
DA:98,0
DA:99,0
DA:103,0
DA:104,0
DA:107,0
DA:114,0
DA:116,0
DA:117,0
DA:118,0
DA:119,0
DA:120,0
DA:122,0
DA:123,0
DA:124,0
DA:128,0
DA:131,0
DA:138,0
DA:145,0
DA:146,0
DA:148,0
LF:63
LH:0
BRDA:13,0,0,0
BRDA:13,0,1,0
BRDA:13,0,2,0
BRDA:13,0,3,0
BRDA:13,0,4,0
BRDA:13,0,5,0
BRDA:13,0,6,0
BRDA:13,0,7,0
BRDA:13,0,8,0
BRDA:13,0,9,0
BRDA:13,0,10,0
BRDA:13,0,11,0
BRDA:45,1,0,0
BRDA:50,2,0,0
BRDA:50,3,0,0
BRDA:50,3,1,0
BRDA:59,4,0,0
BRDA:63,5,0,0
BRDA:63,5,1,0
BRDA:64,6,0,0
BRDA:64,6,1,0
BRDA:72,7,0,0
BRDA:76,8,0,0
BRDA:82,9,0,0
BRDA:83,10,0,0
BRDA:86,11,0,0
BRDA:89,12,0,0
BRDA:92,13,0,0
BRDA:98,14,0,0
BRDA:103,15,0,0
BRDA:116,16,0,0
BRDA:116,16,1,0
BRDA:116,17,0,0
BRDA:116,17,1,0
BRDA:118,18,0,0
BRDA:118,19,0,0
BRDA:118,19,1,0
BRDA:122,20,0,0
BRDA:122,20,1,0
BRDA:123,21,0,0
BRDA:123,21,1,0
BRDA:138,22,0,0
BRDA:138,22,1,0
BRDA:145,23,0,0
BRF:44
BRH:0
end_of_record
TN:
SF:src/core/validators.ts
FN:21,(anonymous_9)
FN:28,(anonymous_10)
FN:50,(anonymous_11)
FN:55,(anonymous_12)
FN:61,(anonymous_13)
FN:140,(anonymous_14)
FN:145,(anonymous_15)
FN:194,(anonymous_16)
FN:202,(anonymous_17)
FN:217,(anonymous_18)
FN:225,(anonymous_19)
FN:233,(anonymous_20)
FN:241,(anonymous_21)
FN:249,(anonymous_22)
FNF:14
FNH:0
FNDA:0,(anonymous_9)
FNDA:0,(anonymous_10)
FNDA:0,(anonymous_11)
FNDA:0,(anonymous_12)
FNDA:0,(anonymous_13)
FNDA:0,(anonymous_14)
FNDA:0,(anonymous_15)
FNDA:0,(anonymous_16)
FNDA:0,(anonymous_17)
FNDA:0,(anonymous_18)
FNDA:0,(anonymous_19)
FNDA:0,(anonymous_20)
FNDA:0,(anonymous_21)
FNDA:0,(anonymous_22)
DA:1,0
DA:4,0
DA:18,0
DA:22,0
DA:29,0
DA:32,0
DA:34,0
DA:39,0
DA:41,0
DA:51,0
DA:52,0
DA:55,0
DA:62,0
DA:65,0
DA:66,0
DA:68,0
DA:73,0
DA:76,0
DA:77,0
DA:79,0
DA:80,0
DA:82,0
DA:86,0
DA:91,0
DA:94,0
DA:95,0
DA:97,0
DA:98,0
DA:100,0
DA:104,0
DA:109,0
DA:112,0
DA:113,0
DA:115,0
DA:116,0
DA:118,0
DA:122,0
DA:123,0
DA:127,0
DA:128,0
DA:130,0
DA:135,0
DA:141,0
DA:143,0
DA:145,0
DA:146,0
DA:147,0
DA:148,0
DA:150,0
DA:151,0
DA:153,0
DA:154,0
DA:155,0
DA:156,0
DA:160,0
DA:163,0
DA:167,0
DA:168,0
DA:169,0
DA:170,0
DA:172,0
DA:173,0
DA:174,0
DA:175,0
DA:176,0
DA:181,0
DA:184,0
DA:186,0
DA:194,0
DA:195,0
DA:203,0
DA:205,0
DA:206,0
DA:207,0
DA:208,0
DA:210,0
DA:218,0
LF:77
LH:0
BRDA:34,0,0,0
BRDA:34,0,1,0
BRDA:51,1,0,0
BRDA:57,2,0,0
BRDA:57,2,1,0
BRDA:62,3,0,0
BRDA:62,3,1,0
BRDA:62,3,2,0
BRDA:62,3,3,0
BRDA:62,3,4,0
BRDA:65,4,0,0
BRDA:65,5,0,0
BRDA:65,5,1,0
BRDA:68,6,0,0
BRDA:69,7,0,0
BRDA:69,7,1,0
BRDA:69,7,2,0
BRDA:76,8,0,0
BRDA:79,9,0,0
BRDA:86,10,0,0
BRDA:87,11,0,0
BRDA:87,11,1,0
BRDA:87,11,2,0
BRDA:94,12,0,0
BRDA:97,13,0,0
BRDA:104,14,0,0
BRDA:105,15,0,0
BRDA:105,15,1,0
BRDA:105,15,2,0
BRDA:112,16,0,0
BRDA:115,17,0,0
BRDA:127,18,0,0
BRDA:127,19,0,0
BRDA:127,19,1,0
BRDA:130,20,0,0
BRDA:131,21,0,0
BRDA:131,21,1,0
BRDA:131,21,2,0
BRDA:141,22,0,0
BRDA:146,23,0,0
BRDA:146,23,1,0
BRDA:146,24,0,0
BRDA:146,24,1,0
BRDA:148,25,0,0
BRDA:148,25,1,0
BRDA:151,26,0,0
BRDA:151,27,0,0
BRDA:151,27,1,0
BRDA:160,28,0,0
BRDA:160,29,0,0
BRDA:160,29,1,0
BRDA:160,29,2,0
BRDA:167,30,0,0
BRDA:169,31,0,0
BRDA:173,32,0,0
BRF:55
BRH:0
end_of_record
TN:
SF:src/types/cardano.ts
FN:95,contract
FN:96,(anonymous_1)
FN:103,datum
FN:109,validator
FN:110,(anonymous_4)
FN:122,pubKeyHash
FN:126,scriptHash
FN:130,ada
FN:134,assetName
FN:138,policyId
FN:290,(anonymous_10)
FN:412,convenienceAbs
FN:417,convenienceMin
FN:422,convenienceMax
FN:427,convenienceClamp
FN:434,convenienceSign
FN:441,conveniencePow
FN:461,convenienceIsEven
FN:466,convenienceIsOdd
FN:471,convenienceFactorial
FN:489,convenienceStringLength
FN:494,convenienceStringConcat
FN:499,convenienceStringContains
FN:520,convenienceStringCompare
FN:545,convenienceStringStartsWith
FN:557,convenienceStringEndsWith
FN:571,convenienceSubstring
FN:583,convenienceStringSplit
FNF:28
FNH:0
FNDA:0,contract
FNDA:0,(anonymous_1)
FNDA:0,datum
FNDA:0,validator
FNDA:0,(anonymous_4)
FNDA:0,pubKeyHash
FNDA:0,scriptHash
FNDA:0,ada
FNDA:0,assetName
FNDA:0,policyId
FNDA:0,(anonymous_10)
FNDA:0,convenienceAbs
FNDA:0,convenienceMin
FNDA:0,convenienceMax
FNDA:0,convenienceClamp
FNDA:0,convenienceSign
FNDA:0,conveniencePow
FNDA:0,convenienceIsEven
FNDA:0,convenienceIsOdd
FNDA:0,convenienceFactorial
FNDA:0,convenienceStringLength
FNDA:0,convenienceStringConcat
FNDA:0,convenienceStringContains
FNDA:0,convenienceStringCompare
FNDA:0,convenienceStringStartsWith
FNDA:0,convenienceStringEndsWith
FNDA:0,convenienceSubstring
FNDA:0,convenienceStringSplit
DA:95,0
DA:96,0
DA:98,0
DA:99,0
DA:103,0
DA:104,0
DA:105,0
DA:106,0
DA:109,0
DA:110,0
DA:111,0
DA:112,0
DA:117,0
DA:122,0
DA:123,0
DA:126,0
DA:127,0
DA:130,0
DA:131,0
DA:134,0
DA:135,0
DA:138,0
DA:139,0
DA:290,0
DA:291,0
DA:412,0
DA:413,0
DA:417,0
DA:418,0
DA:422,0
DA:423,0
DA:427,0
DA:428,0
DA:429,0
DA:430,0
DA:434,0
DA:435,0
DA:436,0
DA:437,0
DA:441,0
DA:442,0
DA:443,0
DA:445,0
DA:446,0
DA:447,0
DA:449,0
DA:450,0
DA:451,0
DA:453,0
DA:454,0
DA:457,0
DA:461,0
DA:462,0
DA:466,0
DA:467,0
DA:471,0
DA:472,0
DA:473,0
DA:475,0
DA:476,0
DA:477,0
DA:478,0
DA:479,0
DA:481,0
DA:489,0
DA:490,0
DA:494,0
DA:495,0
DA:499,0
DA:500,0
DA:501,0
DA:502,0
DA:503,0
DA:505,0
DA:507,0
DA:508,0
DA:510,0
DA:511,0
DA:512,0
DA:513,0
DA:516,0
DA:520,0
DA:521,0
DA:522,0
DA:523,0
DA:524,0
DA:526,0
DA:528,0
DA:529,0
DA:530,0
DA:531,0
DA:533,0
DA:534,0
DA:536,0
DA:539,0
DA:540,0
DA:541,0
DA:545,0
DA:546,0
DA:547,0
DA:548,0
DA:550,0
DA:552,0
DA:553,0
DA:557,0
DA:558,0
DA:559,0
DA:560,0
DA:561,0
DA:563,0
DA:565,0
DA:566,0
DA:567,0
DA:571,0
DA:572,0
DA:573,0
DA:575,0
DA:576,0
DA:578,0
DA:579,0
DA:583,0
DA:584,0
DA:585,0
DA:586,0
DA:587,0
DA:589,0
DA:591,0
DA:592,0
DA:593,0
DA:594,0
DA:595,0
DA:596,0
DA:598,0
DA:601,0
DA:602,0
DA:604,0
DA:605,0
DA:606,0
DA:608,0
DA:609,0
DA:610,0
DA:614,0
DA:615,0
DA:617,0
DA:618,0
DA:619,0
DA:621,0
DA:625,0
LF:148
LH:0
BRDA:104,0,0,0
BRDA:104,0,1,0
BRDA:111,1,0,0
BRDA:111,1,1,0
BRDA:413,2,0,0
BRDA:413,2,1,0
BRDA:418,3,0,0
BRDA:418,3,1,0
BRDA:423,4,0,0
BRDA:423,4,1,0
BRDA:428,5,0,0
BRDA:429,6,0,0
BRDA:435,7,0,0
BRDA:436,8,0,0
BRDA:442,9,0,0
BRDA:443,10,0,0
BRDA:450,11,0,0
BRDA:472,12,0,0
BRDA:473,13,0,0
BRDA:473,14,0,0
BRDA:473,14,1,0
BRDA:505,15,0,0
BRDA:512,16,0,0
BRDA:533,17,0,0
BRDA:534,18,0,0
BRDA:539,19,0,0
BRDA:540,20,0,0
BRDA:550,21,0,0
BRDA:563,22,0,0
BRDA:589,23,0,0
BRDA:606,24,0,0
BRDA:615,25,0,0
BRDA:615,25,1,0
BRF:33
BRH:0
end_of_record
TN:
SF:src/types/index.ts
FNF:0
FNH:0
DA:2,0
LF:1
LH:0
BRF:0
BRH:0
end_of_record
